TN:
SF:src/App.tsx
FN:27,(anonymous_0)
FN:49,(anonymous_1)
FN:59,(anonymous_2)
FN:72,(anonymous_3)
FN:83,(anonymous_4)
FN:91,(anonymous_5)
FN:92,(anonymous_6)
FN:100,(anonymous_7)
FN:110,(anonymous_8)
FN:122,(anonymous_9)
FN:139,(anonymous_10)
FN:164,(anonymous_11)
FNF:12
FNH:0
FNDA:0,(anonymous_0)
FNDA:0,(anonymous_1)
FNDA:0,(anonymous_2)
FNDA:0,(anonymous_3)
FNDA:0,(anonymous_4)
FNDA:0,(anonymous_5)
FNDA:0,(anonymous_6)
FNDA:0,(anonymous_7)
FNDA:0,(anonymous_8)
FNDA:0,(anonymous_9)
FNDA:0,(anonymous_10)
FNDA:0,(anonymous_11)
DA:23,0
DA:26,0
DA:27,0
DA:38,0
DA:49,0
DA:59,0
DA:60,0
DA:72,0
DA:73,0
DA:83,0
DA:91,0
DA:92,0
DA:94,0
DA:97,0
DA:100,0
DA:101,0
DA:110,0
DA:112,0
DA:113,0
DA:122,0
DA:123,0
DA:124,0
DA:128,0
DA:140,0
DA:142,0
DA:163,0
DA:164,0
DA:165,0
LF:28
LH:0
BRDA:76,0,0,0
BRDA:76,0,1,0
BRDA:76,0,2,0
BRDA:112,1,0,0
BRDA:112,1,1,0
BRDA:163,2,0,0
BRDA:163,2,1,0
BRDA:163,3,0,0
BRDA:163,3,1,0
BRF:9
BRH:0
end_of_record
TN:
SF:src/DebugRouter.tsx
FN:4,(anonymous_0)
FN:8,(anonymous_1)
FNF:2
FNH:0
FNDA:0,(anonymous_0)
FNDA:0,(anonymous_1)
DA:4,0
DA:5,0
DA:6,0
DA:8,0
DA:9,0
DA:10,0
DA:11,0
DA:14,0
LF:8
LH:0
BRF:0
BRH:0
end_of_record
TN:
SF:src/IntermediateApp.tsx
FN:14,(anonymous_0)
FN:16,(anonymous_1)
FN:22,(anonymous_2)
FN:30,(anonymous_3)
FN:73,(anonymous_4)
FN:112,(anonymous_5)
FNF:6
FNH:0
FNDA:0,(anonymous_0)
FNDA:0,(anonymous_1)
FNDA:0,(anonymous_2)
FNDA:0,(anonymous_3)
FNDA:0,(anonymous_4)
FNDA:0,(anonymous_5)
DA:11,0
DA:12,0
DA:14,0
DA:15,0
DA:16,0
DA:17,0
DA:19,0
DA:22,0
DA:23,0
DA:24,0
DA:25,0
DA:26,0
DA:28,0
DA:30,0
DA:31,0
DA:32,0
DA:35,0
DA:37,0
DA:39,0
DA:73,0
DA:112,0
DA:113,0
DA:115,0
LF:23
LH:0
BRDA:35,0,0,0
BRDA:35,0,1,0
BRDA:35,1,0,0
BRDA:35,1,1,0
BRDA:56,2,0,0
BRDA:56,2,1,0
BRDA:64,3,0,0
BRDA:64,3,1,0
BRDA:76,4,0,0
BRDA:76,4,1,0
BRDA:79,5,0,0
BRDA:79,5,1,0
BRDA:84,6,0,0
BRDA:84,6,1,0
BRDA:102,7,0,0
BRDA:102,7,1,0
BRDA:103,8,0,0
BRDA:103,8,1,0
BRF:18
BRH:0
end_of_record
TN:
SF:src/SimpleApp.tsx
FN:4,(anonymous_0)
FN:14,(anonymous_1)
FN:21,(anonymous_2)
FN:28,(anonymous_3)
FNF:4
FNH:0
FNDA:0,(anonymous_0)
FNDA:0,(anonymous_1)
FNDA:0,(anonymous_2)
FNDA:0,(anonymous_3)
DA:4,0
DA:5,0
DA:14,0
DA:15,0
DA:21,0
DA:22,0
DA:28,0
DA:29,0
DA:31,0
LF:9
LH:0
BRF:0
BRH:0
end_of_record
TN:
SF:src/index.tsx
FNF:0
FNH:0
DA:6,0
DA:8,0
DA:12,0
LF:3
LH:0
BRF:0
BRH:0
end_of_record
TN:
SF:src/reportWebVitals.ts
FN:3,(anonymous_0)
FN:5,(anonymous_1)
FNF:2
FNH:0
FNDA:0,(anonymous_0)
FNDA:0,(anonymous_1)
DA:3,0
DA:4,0
DA:5,0
DA:6,0
DA:7,0
DA:8,0
DA:9,0
DA:10,0
LF:8
LH:0
BRDA:4,0,0,0
BRDA:4,0,1,0
BRDA:4,1,0,0
BRDA:4,1,1,0
BRF:4
BRH:0
end_of_record
TN:
SF:src/components/AnnotationSufficiencyDashboard.tsx
FN:67,(anonymous_0)
FN:80,(anonymous_1)
FN:100,(anonymous_2)
FN:105,(anonymous_3)
FN:109,(anonymous_4)
FN:117,(anonymous_5)
FN:127,(anonymous_6)
FN:132,(anonymous_7)
FN:134,(anonymous_8)
FN:138,(anonymous_9)
FN:154,(anonymous_10)
FN:159,(anonymous_11)
FN:161,(anonymous_12)
FN:163,(anonymous_13)
FN:307,(anonymous_14)
FN:317,(anonymous_15)
FN:324,(anonymous_16)
FN:331,(anonymous_17)
FN:363,(anonymous_18)
FN:368,(anonymous_19)
FN:449,(anonymous_20)
FN:461,(anonymous_21)
FNF:22
FNH:0
FNDA:0,(anonymous_0)
FNDA:0,(anonymous_1)
FNDA:0,(anonymous_2)
FNDA:0,(anonymous_3)
FNDA:0,(anonymous_4)
FNDA:0,(anonymous_5)
FNDA:0,(anonymous_6)
FNDA:0,(anonymous_7)
FNDA:0,(anonymous_8)
FNDA:0,(anonymous_9)
FNDA:0,(anonymous_10)
FNDA:0,(anonymous_11)
FNDA:0,(anonymous_12)
FNDA:0,(anonymous_13)
FNDA:0,(anonymous_14)
FNDA:0,(anonymous_15)
FNDA:0,(anonymous_16)
FNDA:0,(anonymous_17)
FNDA:0,(anonymous_18)
FNDA:0,(anonymous_19)
FNDA:0,(anonymous_20)
FNDA:0,(anonymous_21)
DA:67,0
DA:72,0
DA:73,0
DA:74,0
DA:75,0
DA:76,0
DA:77,0
DA:78,0
DA:80,0
DA:81,0
DA:82,0
DA:83,0
DA:85,0
DA:86,0
DA:89,0
DA:90,0
DA:91,0
DA:92,0
DA:94,0
DA:96,0
DA:100,0
DA:101,0
DA:103,0
DA:104,0
DA:105,0
DA:109,0
DA:110,0
DA:111,0
DA:112,0
DA:113,0
DA:114,0
DA:117,0
DA:118,0
DA:119,0
DA:121,0
DA:122,0
DA:124,0
DA:127,0
DA:128,0
DA:131,0
DA:132,0
DA:133,0
DA:134,0
DA:138,0
DA:139,0
DA:141,0
DA:143,0
DA:145,0
DA:147,0
DA:151,0
DA:154,0
DA:155,0
DA:157,0
DA:159,0
DA:161,0
DA:163,0
DA:165,0
DA:169,0
DA:170,0
DA:177,0
DA:178,0
DA:186,0
DA:307,0
DA:317,0
DA:324,0
DA:331,0
DA:364,0
DA:368,0
DA:450,0
DA:451,0
DA:462,0
LF:71
LH:0
BRDA:69,0,0,0
BRDA:70,1,0,0
BRDA:85,2,0,0
BRDA:85,2,1,0
BRDA:94,3,0,0
BRDA:94,3,1,0
BRDA:103,4,0,0
BRDA:103,4,1,0
BRDA:110,5,0,0
BRDA:110,5,1,0
BRDA:111,6,0,0
BRDA:111,6,1,0
BRDA:112,7,0,0
BRDA:112,7,1,0
BRDA:113,8,0,0
BRDA:113,8,1,0
BRDA:118,9,0,0
BRDA:118,9,1,0
BRDA:118,10,0,0
BRDA:118,10,1,0
BRDA:121,11,0,0
BRDA:121,11,1,0
BRDA:121,12,0,0
BRDA:121,12,1,0
BRDA:131,13,0,0
BRDA:131,13,1,0
BRDA:133,14,0,0
BRDA:133,14,1,0
BRDA:139,15,0,0
BRDA:139,15,1,0
BRDA:139,15,2,0
BRDA:139,15,3,0
BRDA:155,16,0,0
BRDA:155,16,1,0
BRDA:155,16,2,0
BRDA:155,16,3,0
BRDA:155,16,4,0
BRDA:161,17,0,0
BRDA:161,17,1,0
BRDA:169,18,0,0
BRDA:169,18,1,0
BRDA:169,19,0,0
BRDA:169,19,1,0
BRDA:177,20,0,0
BRDA:177,20,1,0
BRDA:177,21,0,0
BRDA:177,21,1,0
BRDA:199,22,0,0
BRDA:199,22,1,0
BRDA:202,23,0,0
BRDA:202,23,1,0
BRDA:222,24,0,0
BRDA:222,24,1,0
BRDA:226,25,0,0
BRDA:226,25,1,0
BRDA:226,26,0,0
BRDA:226,26,1,0
BRDA:255,27,0,0
BRDA:255,27,1,0
BRDA:259,28,0,0
BRDA:259,28,1,0
BRDA:259,29,0,0
BRDA:259,29,1,0
BRDA:288,30,0,0
BRDA:288,30,1,0
BRDA:324,31,0,0
BRDA:324,31,1,0
BRDA:420,32,0,0
BRDA:420,32,1,0
BRDA:431,33,0,0
BRDA:431,33,1,0
BRDA:438,34,0,0
BRDA:438,34,1,0
BRDA:457,35,0,0
BRDA:457,35,1,0
BRDA:478,36,0,0
BRDA:478,36,1,0
BRF:77
BRH:0
end_of_record
TN:
SF:src/components/AnnotationSufficiencyIndicatorAntd.tsx
FN:80,(anonymous_0)
FN:94,(anonymous_1)
FN:118,(anonymous_2)
FN:122,(anonymous_3)
FN:126,(anonymous_4)
FN:130,(anonymous_5)
FN:146,(anonymous_6)
FN:153,(anonymous_7)
FN:218,(anonymous_8)
FN:266,(anonymous_9)
FN:277,(anonymous_10)
FN:304,(anonymous_11)
FN:346,(anonymous_12)
FN:352,(anonymous_13)
FNF:14
FNH:0
FNDA:0,(anonymous_0)
FNDA:0,(anonymous_1)
FNDA:0,(anonymous_2)
FNDA:0,(anonymous_3)
FNDA:0,(anonymous_4)
FNDA:0,(anonymous_5)
FNDA:0,(anonymous_6)
FNDA:0,(anonymous_7)
FNDA:0,(anonymous_8)
FNDA:0,(anonymous_9)
FNDA:0,(anonymous_10)
FNDA:0,(anonymous_11)
FNDA:0,(anonymous_12)
FNDA:0,(anonymous_13)
DA:26,0
DA:80,0
DA:88,0
DA:89,0
DA:90,0
DA:91,0
DA:94,0
DA:95,0
DA:96,0
DA:101,0
DA:102,0
DA:105,0
DA:106,0
DA:108,0
DA:109,0
DA:112,0
DA:114,0
DA:118,0
DA:119,0
DA:121,0
DA:122,0
DA:123,0
DA:126,0
DA:130,0
DA:131,0
DA:134,0
DA:136,0
DA:138,0
DA:140,0
DA:142,0
DA:146,0
DA:147,0
DA:148,0
DA:149,0
DA:150,0
DA:153,0
DA:154,0
DA:155,0
DA:156,0
DA:157,0
DA:158,0
DA:159,0
DA:162,0
DA:163,0
DA:173,0
DA:174,0
DA:185,0
DA:186,0
DA:188,0
DA:219,0
DA:267,0
DA:268,0
DA:269,0
DA:270,0
DA:271,0
DA:272,0
DA:274,0
DA:277,0
DA:305,0
DA:306,0
DA:346,0
DA:352,0
LF:62
LH:0
BRDA:84,0,0,0
BRDA:85,1,0,0
BRDA:86,2,0,0
BRDA:101,3,0,0
BRDA:101,3,1,0
BRDA:108,4,0,0
BRDA:108,4,1,0
BRDA:112,5,0,0
BRDA:112,5,1,0
BRDA:121,6,0,0
BRDA:121,6,1,0
BRDA:131,7,0,0
BRDA:131,7,1,0
BRDA:131,7,2,0
BRDA:131,7,3,0
BRDA:131,7,4,0
BRDA:131,7,5,0
BRDA:147,8,0,0
BRDA:147,8,1,0
BRDA:148,9,0,0
BRDA:148,9,1,0
BRDA:149,10,0,0
BRDA:149,10,1,0
BRDA:154,11,0,0
BRDA:154,11,1,0
BRDA:155,12,0,0
BRDA:155,12,1,0
BRDA:156,13,0,0
BRDA:156,13,1,0
BRDA:157,14,0,0
BRDA:157,14,1,0
BRDA:158,15,0,0
BRDA:158,15,1,0
BRDA:162,16,0,0
BRDA:162,16,1,0
BRDA:173,17,0,0
BRDA:173,17,1,0
BRDA:173,18,0,0
BRDA:173,18,1,0
BRDA:177,19,0,0
BRDA:177,19,1,0
BRDA:194,20,0,0
BRDA:194,20,1,0
BRDA:243,21,0,0
BRDA:243,21,1,0
BRDA:269,22,0,0
BRDA:269,22,1,0
BRDA:270,23,0,0
BRDA:270,23,1,0
BRDA:271,24,0,0
BRDA:271,24,1,0
BRDA:296,25,0,0
BRDA:296,25,1,0
BRDA:296,25,2,0
BRDA:325,26,0,0
BRDA:325,26,1,0
BRDA:345,27,0,0
BRDA:345,27,1,0
BRDA:351,28,0,0
BRDA:351,28,1,0
BRF:60
BRH:0
end_of_record
TN:
SF:src/components/BoundingBoxPanel.tsx
FN:24,(anonymous_0)
FN:49,(anonymous_1)
FN:54,(anonymous_2)
FN:57,(anonymous_3)
FN:62,(anonymous_4)
FN:67,(anonymous_5)
FN:71,(anonymous_6)
FN:74,(anonymous_7)
FN:87,(anonymous_8)
FN:94,(anonymous_9)
FN:102,(anonymous_10)
FN:179,(anonymous_11)
FN:183,(anonymous_12)
FN:194,(anonymous_13)
FN:196,(anonymous_14)
FN:198,(anonymous_15)
FN:205,(anonymous_16)
FN:214,(anonymous_17)
FN:227,(anonymous_18)
FN:233,(anonymous_19)
FN:234,(anonymous_20)
FN:241,(anonymous_21)
FN:243,(anonymous_22)
FN:256,(anonymous_23)
FN:285,(anonymous_24)
FN:290,(anonymous_25)
FN:298,(anonymous_26)
FN:300,(anonymous_27)
FN:310,(anonymous_28)
FN:320,(anonymous_29)
FN:330,(anonymous_30)
FN:331,(anonymous_31)
FN:354,(anonymous_32)
FN:356,(anonymous_33)
FN:361,(anonymous_34)
FN:363,(anonymous_35)
FN:378,(anonymous_36)
FN:384,(anonymous_37)
FN:387,(anonymous_38)
FN:400,(anonymous_39)
FN:457,(anonymous_40)
FN:476,(anonymous_41)
FN:488,(anonymous_42)
FN:511,(anonymous_43)
FN:524,(anonymous_44)
FN:535,(anonymous_45)
FN:537,(anonymous_46)
FN:546,(anonymous_47)
FN:549,(anonymous_48)
FN:551,(anonymous_49)
FN:603,(anonymous_50)
FN:616,(anonymous_51)
FN:627,(anonymous_52)
FNF:53
FNH:0
FNDA:0,(anonymous_0)
FNDA:0,(anonymous_1)
FNDA:0,(anonymous_2)
FNDA:0,(anonymous_3)
FNDA:0,(anonymous_4)
FNDA:0,(anonymous_5)
FNDA:0,(anonymous_6)
FNDA:0,(anonymous_7)
FNDA:0,(anonymous_8)
FNDA:0,(anonymous_9)
FNDA:0,(anonymous_10)
FNDA:0,(anonymous_11)
FNDA:0,(anonymous_12)
FNDA:0,(anonymous_13)
FNDA:0,(anonymous_14)
FNDA:0,(anonymous_15)
FNDA:0,(anonymous_16)
FNDA:0,(anonymous_17)
FNDA:0,(anonymous_18)
FNDA:0,(anonymous_19)
FNDA:0,(anonymous_20)
FNDA:0,(anonymous_21)
FNDA:0,(anonymous_22)
FNDA:0,(anonymous_23)
FNDA:0,(anonymous_24)
FNDA:0,(anonymous_25)
FNDA:0,(anonymous_26)
FNDA:0,(anonymous_27)
FNDA:0,(anonymous_28)
FNDA:0,(anonymous_29)
FNDA:0,(anonymous_30)
FNDA:0,(anonymous_31)
FNDA:0,(anonymous_32)
FNDA:0,(anonymous_33)
FNDA:0,(anonymous_34)
FNDA:0,(anonymous_35)
FNDA:0,(anonymous_36)
FNDA:0,(anonymous_37)
FNDA:0,(anonymous_38)
FNDA:0,(anonymous_39)
FNDA:0,(anonymous_40)
FNDA:0,(anonymous_41)
FNDA:0,(anonymous_42)
FNDA:0,(anonymous_43)
FNDA:0,(anonymous_44)
FNDA:0,(anonymous_45)
FNDA:0,(anonymous_46)
FNDA:0,(anonymous_47)
FNDA:0,(anonymous_48)
FNDA:0,(anonymous_49)
FNDA:0,(anonymous_50)
FNDA:0,(anonymous_51)
FNDA:0,(anonymous_52)
DA:24,0
DA:35,0
DA:36,0
DA:37,0
DA:38,0
DA:39,0
DA:40,0
DA:41,0
DA:42,0
DA:43,0
DA:46,0
DA:49,0
DA:50,0
DA:54,0
DA:55,0
DA:56,0
DA:57,0
DA:62,0
DA:63,0
DA:64,0
DA:65,0
DA:67,0
DA:68,0
DA:71,0
DA:73,0
DA:74,0
DA:75,0
DA:77,0
DA:80,0
DA:81,0
DA:82,0
DA:87,0
DA:88,0
DA:90,0
DA:91,0
DA:94,0
DA:95,0
DA:96,0
DA:98,0
DA:99,0
DA:102,0
DA:103,0
DA:104,0
DA:106,0
DA:107,0
DA:111,0
DA:112,0
DA:115,0
DA:116,0
DA:118,0
DA:133,0
DA:134,0
DA:135,0
DA:136,0
DA:137,0
DA:139,0
DA:140,0
DA:143,0
DA:144,0
DA:147,0
DA:148,0
DA:149,0
DA:150,0
DA:151,0
DA:153,0
DA:154,0
DA:156,0
DA:157,0
DA:160,0
DA:172,0
DA:178,0
DA:179,0
DA:180,0
DA:182,0
DA:183,0
DA:184,0
DA:188,0
DA:194,0
DA:195,0
DA:196,0
DA:198,0
DA:200,0
DA:201,0
DA:205,0
DA:206,0
DA:208,0
DA:209,0
DA:210,0
DA:214,0
DA:223,0
DA:227,0
DA:228,0
DA:229,0
DA:233,0
DA:234,0
DA:235,0
DA:236,0
DA:241,0
DA:242,0
DA:243,0
DA:244,0
DA:245,0
DA:253,0
DA:256,0
DA:257,0
DA:258,0
DA:259,0
DA:261,0
DA:262,0
DA:265,0
DA:271,0
DA:272,0
DA:273,0
DA:277,0
DA:278,0
DA:279,0
DA:281,0
DA:282,0
DA:284,0
DA:285,0
DA:286,0
DA:290,0
DA:292,0
DA:293,0
DA:294,0
DA:298,0
DA:299,0
DA:300,0
DA:310,0
DA:311,0
DA:320,0
DA:321,0
DA:330,0
DA:331,0
DA:332,0
DA:333,0
DA:335,0
DA:336,0
DA:337,0
DA:340,0
DA:341,0
DA:342,0
DA:346,0
DA:347,0
DA:354,0
DA:355,0
DA:356,0
DA:359,0
DA:361,0
DA:363,0
DA:366,0
DA:370,0
DA:378,0
DA:379,0
DA:380,0
DA:383,0
DA:384,0
DA:387,0
DA:389,0
DA:393,0
DA:400,0
DA:401,0
DA:402,0
DA:403,0
DA:406,0
DA:407,0
DA:408,0
DA:410,0
DA:416,0
DA:417,0
DA:431,0
DA:458,0
DA:459,0
DA:464,0
DA:466,0
DA:471,0
DA:476,0
DA:491,0
DA:512,0
DA:525,0
DA:535,0
DA:538,0
DA:546,0
DA:549,0
DA:552,0
DA:604,0
DA:605,0
DA:617,0
DA:618,0
DA:628,0
DA:629,0
LF:191
LH:0
BRDA:55,0,0,0
BRDA:55,0,1,0
BRDA:63,1,0,0
BRDA:63,1,1,0
BRDA:63,2,0,0
BRDA:63,2,1,0
BRDA:81,3,0,0
BRDA:81,3,1,0
BRDA:88,4,0,0
BRDA:88,4,1,0
BRDA:90,5,0,0
BRDA:90,5,1,0
BRDA:90,6,0,0
BRDA:90,6,1,0
BRDA:95,7,0,0
BRDA:95,7,1,0
BRDA:96,8,0,0
BRDA:96,8,1,0
BRDA:98,9,0,0
BRDA:98,9,1,0
BRDA:98,10,0,0
BRDA:98,10,1,0
BRDA:104,11,0,0
BRDA:104,11,1,0
BRDA:107,12,0,0
BRDA:107,12,1,0
BRDA:111,13,0,0
BRDA:111,13,1,0
BRDA:111,13,2,0
BRDA:112,14,0,0
BRDA:112,14,1,0
BRDA:112,14,2,0
BRDA:156,15,0,0
BRDA:156,15,1,0
BRDA:156,16,0,0
BRDA:156,16,1,0
BRDA:178,17,0,0
BRDA:178,17,1,0
BRDA:178,18,0,0
BRDA:178,18,1,0
BRDA:200,19,0,0
BRDA:200,19,1,0
BRDA:206,20,0,0
BRDA:206,20,1,0
BRDA:208,21,0,0
BRDA:208,21,1,0
BRDA:208,22,0,0
BRDA:208,22,1,0
BRDA:217,23,0,0
BRDA:217,23,1,0
BRDA:218,24,0,0
BRDA:218,24,1,0
BRDA:228,25,0,0
BRDA:228,25,1,0
BRDA:228,26,0,0
BRDA:228,26,1,0
BRDA:235,27,0,0
BRDA:235,27,1,0
BRDA:244,28,0,0
BRDA:244,28,1,0
BRDA:248,29,0,0
BRDA:248,29,1,0
BRDA:249,30,0,0
BRDA:249,30,1,0
BRDA:257,31,0,0
BRDA:257,31,1,0
BRDA:261,32,0,0
BRDA:261,32,1,0
BRDA:261,33,0,0
BRDA:261,33,1,0
BRDA:271,34,0,0
BRDA:271,34,1,0
BRDA:281,35,0,0
BRDA:281,35,1,0
BRDA:292,36,0,0
BRDA:292,36,1,0
BRDA:299,37,0,0
BRDA:299,37,1,0
BRDA:303,38,0,0
BRDA:303,38,1,0
BRDA:304,39,0,0
BRDA:304,39,1,0
BRDA:333,40,0,0
BRDA:333,40,1,0
BRDA:336,41,0,0
BRDA:336,41,1,0
BRDA:336,42,0,0
BRDA:336,42,1,0
BRDA:346,43,0,0
BRDA:346,43,1,0
BRDA:346,44,0,0
BRDA:346,44,1,0
BRDA:366,45,0,0
BRDA:366,45,1,0
BRDA:379,46,0,0
BRDA:379,46,1,0
BRDA:389,47,0,0
BRDA:389,47,1,0
BRDA:401,48,0,0
BRDA:401,48,1,0
BRDA:402,49,0,0
BRDA:402,49,1,0
BRDA:403,50,0,0
BRDA:403,50,1,0
BRDA:408,51,0,0
BRDA:408,51,1,0
BRDA:410,52,0,0
BRDA:410,52,1,0
BRDA:413,53,0,0
BRDA:413,53,1,0
BRDA:416,54,0,0
BRDA:416,54,1,0
BRDA:442,55,0,0
BRDA:442,55,1,0
BRDA:451,56,0,0
BRDA:451,56,1,0
BRDA:464,57,0,0
BRDA:464,57,1,0
BRDA:466,58,0,0
BRDA:466,58,1,0
BRDA:467,59,0,0
BRDA:467,59,1,0
BRDA:468,60,0,0
BRDA:468,60,1,0
BRDA:474,61,0,0
BRDA:474,61,1,0
BRDA:474,62,0,0
BRDA:474,62,1,0
BRDA:476,63,0,0
BRDA:476,63,1,0
BRDA:479,64,0,0
BRDA:479,64,1,0
BRDA:480,65,0,0
BRDA:480,65,1,0
BRDA:509,66,0,0
BRDA:509,66,1,0
BRDA:522,67,0,0
BRDA:522,67,1,0
BRDA:538,68,0,0
BRDA:538,68,1,0
BRDA:544,69,0,0
BRDA:544,69,1,0
BRDA:545,70,0,0
BRDA:545,70,1,0
BRDA:547,71,0,0
BRDA:547,71,1,0
BRDA:552,72,0,0
BRDA:552,72,1,0
BRDA:554,73,0,0
BRDA:554,73,1,0
BRDA:556,74,0,0
BRDA:556,74,1,0
BRDA:567,75,0,0
BRDA:567,75,1,0
BRDA:569,76,0,0
BRDA:569,76,1,0
BRDA:574,77,0,0
BRDA:574,77,1,0
BRDA:579,78,0,0
BRDA:579,78,1,0
BRDA:597,79,0,0
BRDA:597,79,1,0
BRF:162
BRH:0
end_of_record
TN:
SF:src/components/ChunkErrorBoundary.tsx
FN:27,(anonymous_0)
FN:37,(anonymous_1)
FN:44,(anonymous_2)
FN:60,(anonymous_3)
FN:69,(anonymous_4)
FN:74,(anonymous_5)
FN:81,(anonymous_6)
FN:104,(anonymous_7)
FN:111,(anonymous_8)
FN:119,(anonymous_9)
FN:124,(anonymous_10)
FN:125,(anonymous_11)
FN:137,(anonymous_12)
FN:147,(anonymous_13)
FN:157,(anonymous_14)
FN:172,(anonymous_15)
FN:176,(anonymous_16)
FN:180,(anonymous_17)
FN:192,(anonymous_18)
FN:200,(anonymous_19)
FN:217,(anonymous_20)
FN:232,(anonymous_21)
FN:244,(anonymous_22)
FN:248,(anonymous_23)
FN:328,(anonymous_24)
FN:355,(anonymous_25)
FN:359,(anonymous_26)
FNF:27
FNH:0
FNDA:0,(anonymous_0)
FNDA:0,(anonymous_1)
FNDA:0,(anonymous_2)
FNDA:0,(anonymous_3)
FNDA:0,(anonymous_4)
FNDA:0,(anonymous_5)
FNDA:0,(anonymous_6)
FNDA:0,(anonymous_7)
FNDA:0,(anonymous_8)
FNDA:0,(anonymous_9)
FNDA:0,(anonymous_10)
FNDA:0,(anonymous_11)
FNDA:0,(anonymous_12)
FNDA:0,(anonymous_13)
FNDA:0,(anonymous_14)
FNDA:0,(anonymous_15)
FNDA:0,(anonymous_16)
FNDA:0,(anonymous_17)
FNDA:0,(anonymous_18)
FNDA:0,(anonymous_19)
FNDA:0,(anonymous_20)
FNDA:0,(anonymous_21)
FNDA:0,(anonymous_22)
FNDA:0,(anonymous_23)
FNDA:0,(anonymous_24)
FNDA:0,(anonymous_25)
FNDA:0,(anonymous_26)
DA:18,0
DA:19,0
DA:20,0
DA:28,0
DA:29,0
DA:38,0
DA:46,0
DA:48,0
DA:49,0
DA:50,0
DA:53,0
DA:57,0
DA:61,0
DA:64,0
DA:65,0
DA:69,0
DA:70,0
DA:75,0
DA:77,0
DA:78,0
DA:81,0
DA:82,0
DA:85,0
DA:86,0
DA:89,0
DA:90,0
DA:93,0
DA:94,0
DA:96,0
DA:100,0
DA:105,0
DA:108,0
DA:111,0
DA:120,0
DA:123,0
DA:124,0
DA:125,0
DA:126,0
DA:127,0
DA:134,0
DA:137,0
DA:138,0
DA:139,0
DA:144,0
DA:148,0
DA:151,0
DA:154,0
DA:159,0
DA:166,0
DA:173,0
DA:174,0
DA:176,0
DA:177,0
DA:178,0
DA:180,0
DA:181,0
DA:184,0
DA:185,0
DA:189,0
DA:194,0
DA:201,0
DA:213,0
DA:218,0
DA:222,0
DA:223,0
DA:224,0
DA:225,0
DA:226,0
DA:227,0
DA:228,0
DA:232,0
DA:233,0
DA:241,0
DA:244,0
DA:245,0
DA:249,0
DA:251,0
DA:252,0
DA:261,0
DA:262,0
DA:264,0
DA:265,0
DA:325,0
DA:330,0
DA:332,0
DA:333,0
DA:334,0
DA:337,0
DA:338,0
DA:342,0
DA:345,0
DA:347,0
DA:352,0
DA:356,0
DA:359,0
DA:360,0
DA:362,0
DA:363,0
DA:366,0
DA:371,0
LF:100
LH:0
BRDA:48,0,0,0
BRDA:48,0,1,0
BRDA:61,1,0,0
BRDA:61,1,1,0
BRDA:64,2,0,0
BRDA:64,2,1,0
BRDA:77,3,0,0
BRDA:77,3,1,0
BRDA:82,4,0,0
BRDA:82,4,1,0
BRDA:82,4,2,0
BRDA:82,4,3,0
BRDA:123,5,0,0
BRDA:123,5,1,0
BRDA:126,6,0,0
BRDA:126,6,1,0
BRDA:126,7,0,0
BRDA:126,7,1,0
BRDA:138,8,0,0
BRDA:138,8,1,0
BRDA:138,9,0,0
BRDA:138,9,1,0
BRDA:184,10,0,0
BRDA:184,10,1,0
BRDA:222,11,0,0
BRDA:222,11,1,0
BRDA:251,12,0,0
BRDA:251,12,1,0
BRDA:261,13,0,0
BRDA:261,13,1,0
BRDA:261,14,0,0
BRDA:261,14,1,0
BRDA:264,15,0,0
BRDA:264,15,1,0
BRDA:310,16,0,0
BRDA:310,16,1,0
BRDA:332,17,0,0
BRDA:332,17,1,0
BRDA:337,18,0,0
BRDA:337,18,1,0
BRDA:362,19,0,0
BRDA:362,19,1,0
BRDA:362,20,0,0
BRDA:362,20,1,0
BRF:44
BRH:0
end_of_record
TN:
SF:src/components/ConflictResolutionModal.tsx
FN:20,(anonymous_0)
FN:28,(anonymous_1)
FN:30,(anonymous_2)
FN:38,(anonymous_3)
FN:50,(anonymous_4)
FN:53,(anonymous_5)
FN:64,(anonymous_6)
FN:65,(anonymous_7)
FN:72,(anonymous_8)
FNF:9
FNH:0
FNDA:0,(anonymous_0)
FNDA:0,(anonymous_1)
FNDA:0,(anonymous_2)
FNDA:0,(anonymous_3)
FNDA:0,(anonymous_4)
FNDA:0,(anonymous_5)
FNDA:0,(anonymous_6)
FNDA:0,(anonymous_7)
FNDA:0,(anonymous_8)
DA:5,0
DA:14,0
DA:20,0
DA:26,0
DA:28,0
DA:29,0
DA:30,0
DA:31,0
DA:32,0
DA:34,0
DA:38,0
DA:39,0
DA:42,0
DA:50,0
DA:54,0
DA:65,0
DA:73,0
LF:17
LH:0
BRDA:29,0,0,0
BRDA:29,0,1,0
BRDA:31,1,0,0
BRDA:31,1,1,0
BRF:4
BRH:0
end_of_record
TN:
SF:src/components/DesignSystem.js
FNF:0
FNH:0
DA:2,0
LF:1
LH:0
BRF:0
BRH:0
end_of_record
TN:
SF:src/components/ErrorBoundary.js
FN:22,(anonymous_0)
FN:53,(anonymous_1)
FN:63,(anonymous_2)
FN:79,(anonymous_3)
FN:89,(anonymous_4)
FN:115,(anonymous_5)
FN:150,(anonymous_6)
FN:165,(anonymous_7)
FN:196,(anonymous_8)
FN:197,(anonymous_9)
FN:198,(anonymous_10)
FN:213,(anonymous_11)
FN:214,(anonymous_12)
FN:215,(anonymous_13)
FN:230,(anonymous_14)
FN:231,(anonymous_15)
FN:232,(anonymous_16)
FN:242,(anonymous_17)
FN:260,(anonymous_18)
FN:266,(anonymous_19)
FN:286,(anonymous_20)
FN:298,(anonymous_21)
FN:328,(anonymous_22)
FN:341,(anonymous_23)
FN:375,(anonymous_24)
FNF:25
FNH:0
FNDA:0,(anonymous_0)
FNDA:0,(anonymous_1)
FNDA:0,(anonymous_2)
FNDA:0,(anonymous_3)
FNDA:0,(anonymous_4)
FNDA:0,(anonymous_5)
FNDA:0,(anonymous_6)
FNDA:0,(anonymous_7)
FNDA:0,(anonymous_8)
FNDA:0,(anonymous_9)
FNDA:0,(anonymous_10)
FNDA:0,(anonymous_11)
FNDA:0,(anonymous_12)
FNDA:0,(anonymous_13)
FNDA:0,(anonymous_14)
FNDA:0,(anonymous_15)
FNDA:0,(anonymous_16)
FNDA:0,(anonymous_17)
FNDA:0,(anonymous_18)
FNDA:0,(anonymous_19)
FNDA:0,(anonymous_20)
FNDA:0,(anonymous_21)
FNDA:0,(anonymous_22)
FNDA:0,(anonymous_23)
FNDA:0,(anonymous_24)
DA:18,0
DA:19,0
DA:23,0
DA:25,0
DA:36,0
DA:37,0
DA:38,0
DA:47,0
DA:48,0
DA:49,0
DA:50,0
DA:55,0
DA:65,0
DA:70,0
DA:73,0
DA:76,0
DA:81,0
DA:82,0
DA:90,0
DA:91,0
DA:93,0
DA:94,0
DA:97,0
DA:98,0
DA:101,0
DA:102,0
DA:105,0
DA:106,0
DA:109,0
DA:116,0
DA:130,0
DA:132,0
DA:135,0
DA:136,0
DA:137,0
DA:138,0
DA:139,0
DA:140,0
DA:143,0
DA:151,0
DA:159,0
DA:166,0
DA:168,0
DA:169,0
DA:172,0
DA:178,0
DA:180,0
DA:181,0
DA:183,0
DA:184,0
DA:185,0
DA:187,0
DA:188,0
DA:197,0
DA:198,0
DA:199,0
DA:201,0
DA:202,0
DA:204,0
DA:214,0
DA:215,0
DA:217,0
DA:218,0
DA:219,0
DA:221,0
DA:231,0
DA:232,0
DA:233,0
DA:234,0
DA:243,0
DA:244,0
DA:245,0
DA:248,0
DA:254,0
DA:260,0
DA:264,0
DA:266,0
DA:269,0
DA:272,0
DA:273,0
DA:276,0
DA:278,0
DA:279,0
DA:287,0
DA:299,0
DA:300,0
DA:312,0
DA:315,0
DA:316,0
DA:319,0
DA:321,0
DA:330,0
DA:335,0
DA:342,0
DA:344,0
DA:372,0
DA:376,0
DA:377,0
DA:378,0
DA:379,0
DA:382,0
DA:383,0
DA:395,0
DA:396,0
DA:414,0
DA:497,0
LF:106
LH:0
BRDA:36,0,0,0
BRDA:36,0,1,0
BRDA:37,1,0,0
BRDA:37,1,1,0
BRDA:81,2,0,0
BRDA:81,2,1,0
BRDA:81,3,0,0
BRDA:81,3,1,0
BRDA:81,3,2,0
BRDA:91,4,0,0
BRDA:91,4,1,0
BRDA:93,5,0,0
BRDA:93,5,1,0
BRDA:93,6,0,0
BRDA:93,6,1,0
BRDA:97,7,0,0
BRDA:97,7,1,0
BRDA:97,8,0,0
BRDA:97,8,1,0
BRDA:101,9,0,0
BRDA:101,9,1,0
BRDA:101,10,0,0
BRDA:101,10,1,0
BRDA:105,11,0,0
BRDA:105,11,1,0
BRDA:105,12,0,0
BRDA:105,12,1,0
BRDA:135,13,0,0
BRDA:135,13,1,0
BRDA:159,14,0,0
BRDA:159,14,1,0
BRDA:166,15,0,0
BRDA:168,16,0,0
BRDA:168,16,1,0
BRDA:168,17,0,0
BRDA:168,17,1,0
BRDA:180,18,0,0
BRDA:180,18,1,0
BRDA:217,19,0,0
BRDA:217,19,1,0
BRDA:243,20,0,0
BRDA:243,20,1,0
BRDA:272,21,0,0
BRDA:272,21,1,0
BRDA:315,22,0,0
BRDA:315,22,1,0
BRDA:372,23,0,0
BRDA:372,23,1,0
BRDA:376,24,0,0
BRDA:376,24,1,0
BRDA:382,25,0,0
BRDA:382,25,1,0
BRDA:395,26,0,0
BRDA:395,26,1,0
BRDA:421,27,0,0
BRDA:421,27,1,0
BRDA:439,28,0,0
BRDA:439,28,1,0
BRDA:466,29,0,0
BRDA:466,29,1,0
BRDA:480,30,0,0
BRDA:480,30,1,0
BRF:62
BRH:0
end_of_record
TN:
SF:src/components/ErrorBoundary.tsx
FN:15,(anonymous_0)
FN:20,(anonymous_1)
FN:24,(anonymous_2)
FN:37,(anonymous_3)
FN:48,(anonymous_4)
FNF:5
FNH:0
FNDA:0,(anonymous_0)
FNDA:0,(anonymous_1)
FNDA:0,(anonymous_2)
FNDA:0,(anonymous_3)
FNDA:0,(anonymous_4)
DA:16,0
DA:17,0
DA:21,0
DA:25,0
DA:28,0
DA:38,0
DA:39,0
DA:49,0
DA:50,0
DA:69,0
LF:10
LH:0
BRDA:38,0,0,0
BRDA:38,0,1,0
BRDA:57,1,0,0
BRDA:57,1,1,0
BRDA:57,1,2,0
BRF:5
BRH:0
end_of_record
TN:
SF:src/components/ErrorFallback.js
FN:36,(anonymous_0)
FN:54,(anonymous_1)
FN:59,(anonymous_2)
FN:70,(anonymous_3)
FN:74,(anonymous_4)
FN:85,(anonymous_5)
FN:115,(anonymous_6)
FN:165,(anonymous_7)
FN:210,(anonymous_8)
FN:229,(anonymous_9)
FN:250,(anonymous_10)
FN:305,(anonymous_11)
FN:337,(anonymous_12)
FN:360,(anonymous_13)
FN:376,(anonymous_14)
FN:399,(anonymous_15)
FNF:16
FNH:0
FNDA:0,(anonymous_0)
FNDA:0,(anonymous_1)
FNDA:0,(anonymous_2)
FNDA:0,(anonymous_3)
FNDA:0,(anonymous_4)
FNDA:0,(anonymous_5)
FNDA:0,(anonymous_6)
FNDA:0,(anonymous_7)
FNDA:0,(anonymous_8)
FNDA:0,(anonymous_9)
FNDA:0,(anonymous_10)
FNDA:0,(anonymous_11)
FNDA:0,(anonymous_12)
FNDA:0,(anonymous_13)
FNDA:0,(anonymous_14)
FNDA:0,(anonymous_15)
DA:30,0
DA:31,0
DA:36,0
DA:50,0
DA:51,0
DA:54,0
DA:55,0
DA:56,0
DA:57,0
DA:59,0
DA:60,0
DA:61,0
DA:63,0
DA:64,0
DA:65,0
DA:66,0
DA:70,0
DA:74,0
DA:75,0
DA:77,0
DA:79,0
DA:81,0
DA:85,0
DA:86,0
DA:88,0
DA:90,0
DA:92,0
DA:96,0
DA:115,0
DA:166,0
DA:210,0
DA:229,0
DA:250,0
DA:251,0
DA:305,0
DA:310,0
DA:337,0
DA:338,0
DA:360,0
DA:361,0
DA:376,0
DA:377,0
DA:399,0
DA:404,0
LF:44
LH:0
BRDA:42,0,0,0
BRDA:43,1,0,0
BRDA:44,2,0,0
BRDA:45,3,0,0
BRDA:47,4,0,0
BRDA:48,5,0,0
BRDA:55,6,0,0
BRDA:55,6,1,0
BRDA:55,7,0,0
BRDA:55,7,1,0
BRDA:55,7,2,0
BRDA:63,8,0,0
BRDA:63,8,1,0
BRDA:75,9,0,0
BRDA:75,9,1,0
BRDA:75,9,2,0
BRDA:86,10,0,0
BRDA:86,10,1,0
BRDA:86,10,2,0
BRDA:100,11,0,0
BRDA:100,11,1,0
BRDA:101,12,0,0
BRDA:101,12,1,0
BRDA:106,13,0,0
BRDA:106,13,1,0
BRDA:124,14,0,0
BRDA:124,14,1,0
BRDA:146,15,0,0
BRDA:146,15,1,0
BRDA:147,16,0,0
BRDA:147,16,1,0
BRDA:151,17,0,0
BRDA:151,17,1,0
BRDA:158,18,0,0
BRDA:158,18,1,0
BRDA:162,19,0,0
BRDA:162,19,1,0
BRDA:170,20,0,0
BRDA:170,20,1,0
BRDA:171,21,0,0
BRDA:171,21,1,0
BRDA:171,22,0,0
BRDA:171,22,1,0
BRDA:175,23,0,0
BRDA:175,23,1,0
BRDA:176,24,0,0
BRDA:176,24,1,0
BRDA:176,25,0,0
BRDA:176,25,1,0
BRDA:187,26,0,0
BRDA:187,26,1,0
BRDA:187,26,2,0
BRDA:187,26,3,0
BRDA:226,27,0,0
BRDA:226,27,1,0
BRDA:232,28,0,0
BRDA:232,28,1,0
BRDA:240,29,0,0
BRDA:240,29,1,0
BRDA:240,29,2,0
BRDA:267,30,0,0
BRDA:267,30,1,0
BRDA:281,31,0,0
BRDA:281,31,1,0
BRDA:292,32,0,0
BRDA:292,32,1,0
BRDA:308,33,0,0
BRDA:320,34,0,0
BRDA:320,34,1,0
BRDA:347,35,0,0
BRDA:347,35,1,0
BRDA:386,36,0,0
BRDA:386,36,1,0
BRDA:401,37,0,0
BRDA:402,38,0,0
BRDA:425,39,0,0
BRDA:425,39,1,0
BRF:77
BRH:0
end_of_record
TN:
SF:src/components/FileUploadExperience.jsx
FN:8,(anonymous_0)
FN:23,(anonymous_1)
FN:65,(anonymous_2)
FN:68,(anonymous_3)
FN:78,(anonymous_4)
FN:81,(anonymous_5)
FN:88,(anonymous_6)
FN:90,(anonymous_7)
FN:97,(anonymous_8)
FN:103,(anonymous_9)
FN:111,(anonymous_10)
FN:128,(anonymous_11)
FN:130,(anonymous_12)
FN:159,(anonymous_13)
FN:193,(anonymous_14)
FN:202,(anonymous_15)
FN:214,(anonymous_16)
FN:214,(anonymous_17)
FN:226,(anonymous_18)
FN:243,(anonymous_19)
FN:274,(anonymous_20)
FN:275,(anonymous_21)
FN:300,(anonymous_22)
FN:312,(anonymous_23)
FN:317,(anonymous_24)
FN:318,(anonymous_25)
FN:320,(anonymous_26)
FN:321,(anonymous_27)
FN:337,(anonymous_28)
FN:343,(anonymous_29)
FN:353,(anonymous_30)
FN:354,(anonymous_31)
FN:357,(anonymous_32)
FN:358,(anonymous_33)
FN:363,(anonymous_34)
FN:364,(anonymous_35)
FN:369,(anonymous_36)
FN:394,(anonymous_37)
FN:395,(anonymous_38)
FN:411,(anonymous_39)
FN:427,(anonymous_40)
FN:431,(anonymous_41)
FN:436,(anonymous_42)
FN:490,(anonymous_43)
FN:491,(anonymous_44)
FN:499,(anonymous_45)
FN:513,(anonymous_46)
FN:535,(anonymous_47)
FN:543,(anonymous_48)
FN:569,(anonymous_49)
FN:591,(anonymous_50)
FN:608,(anonymous_51)
FN:618,(anonymous_52)
FNF:53
FNH:0
FNDA:0,(anonymous_0)
FNDA:0,(anonymous_1)
FNDA:0,(anonymous_2)
FNDA:0,(anonymous_3)
FNDA:0,(anonymous_4)
FNDA:0,(anonymous_5)
FNDA:0,(anonymous_6)
FNDA:0,(anonymous_7)
FNDA:0,(anonymous_8)
FNDA:0,(anonymous_9)
FNDA:0,(anonymous_10)
FNDA:0,(anonymous_11)
FNDA:0,(anonymous_12)
FNDA:0,(anonymous_13)
FNDA:0,(anonymous_14)
FNDA:0,(anonymous_15)
FNDA:0,(anonymous_16)
FNDA:0,(anonymous_17)
FNDA:0,(anonymous_18)
FNDA:0,(anonymous_19)
FNDA:0,(anonymous_20)
FNDA:0,(anonymous_21)
FNDA:0,(anonymous_22)
FNDA:0,(anonymous_23)
FNDA:0,(anonymous_24)
FNDA:0,(anonymous_25)
FNDA:0,(anonymous_26)
FNDA:0,(anonymous_27)
FNDA:0,(anonymous_28)
FNDA:0,(anonymous_29)
FNDA:0,(anonymous_30)
FNDA:0,(anonymous_31)
FNDA:0,(anonymous_32)
FNDA:0,(anonymous_33)
FNDA:0,(anonymous_34)
FNDA:0,(anonymous_35)
FNDA:0,(anonymous_36)
FNDA:0,(anonymous_37)
FNDA:0,(anonymous_38)
FNDA:0,(anonymous_39)
FNDA:0,(anonymous_40)
FNDA:0,(anonymous_41)
FNDA:0,(anonymous_42)
FNDA:0,(anonymous_43)
FNDA:0,(anonymous_44)
FNDA:0,(anonymous_45)
FNDA:0,(anonymous_46)
FNDA:0,(anonymous_47)
FNDA:0,(anonymous_48)
FNDA:0,(anonymous_49)
FNDA:0,(anonymous_50)
FNDA:0,(anonymous_51)
FNDA:0,(anonymous_52)
DA:6,0
DA:8,0
DA:9,0
DA:10,0
DA:11,0
DA:12,0
DA:13,0
DA:14,0
DA:15,0
DA:16,0
DA:17,0
DA:18,0
DA:19,0
DA:20,0
DA:23,0
DA:26,0
DA:65,0
DA:68,0
DA:69,0
DA:70,0
DA:72,0
DA:73,0
DA:78,0
DA:79,0
DA:81,0
DA:85,0
DA:87,0
DA:88,0
DA:90,0
DA:92,0
DA:94,0
DA:95,0
DA:97,0
DA:98,0
DA:99,0
DA:101,0
DA:103,0
DA:104,0
DA:106,0
DA:111,0
DA:112,0
DA:114,0
DA:115,0
DA:116,0
DA:119,0
DA:120,0
DA:121,0
DA:124,0
DA:128,0
DA:129,0
DA:130,0
DA:132,0
DA:133,0
DA:141,0
DA:142,0
DA:145,0
DA:146,0
DA:147,0
DA:148,0
DA:150,0
DA:152,0
DA:153,0
DA:154,0
DA:159,0
DA:160,0
DA:162,0
DA:163,0
DA:164,0
DA:165,0
DA:167,0
DA:175,0
DA:176,0
DA:177,0
DA:179,0
DA:180,0
DA:184,0
DA:188,0
DA:189,0
DA:193,0
DA:194,0
DA:195,0
DA:196,0
DA:197,0
DA:198,0
DA:199,0
DA:202,0
DA:204,0
DA:205,0
DA:206,0
DA:209,0
DA:211,0
DA:212,0
DA:213,0
DA:214,0
DA:217,0
DA:218,0
DA:219,0
DA:220,0
DA:224,0
DA:225,0
DA:226,0
DA:227,0
DA:228,0
DA:231,0
DA:232,0
DA:233,0
DA:234,0
DA:237,0
DA:238,0
DA:242,0
DA:243,0
DA:244,0
DA:247,0
DA:255,0
DA:256,0
DA:259,0
DA:260,0
DA:261,0
DA:264,0
DA:267,0
DA:268,0
DA:269,0
DA:274,0
DA:275,0
DA:276,0
DA:277,0
DA:283,0
DA:284,0
DA:287,0
DA:289,0
DA:290,0
DA:291,0
DA:292,0
DA:293,0
DA:294,0
DA:295,0
DA:299,0
DA:300,0
DA:306,0
DA:312,0
DA:313,0
DA:314,0
DA:317,0
DA:318,0
DA:320,0
DA:321,0
DA:323,0
DA:324,0
DA:327,0
DA:328,0
DA:332,0
DA:333,0
DA:337,0
DA:338,0
DA:343,0
DA:344,0
DA:345,0
DA:348,0
DA:349,0
DA:353,0
DA:354,0
DA:355,0
DA:356,0
DA:357,0
DA:358,0
DA:363,0
DA:364,0
DA:365,0
DA:369,0
DA:370,0
DA:381,0
DA:382,0
DA:383,0
DA:384,0
DA:385,0
DA:386,0
DA:387,0
DA:388,0
DA:389,0
DA:390,0
DA:391,0
DA:392,0
DA:394,0
DA:395,0
DA:398,0
DA:399,0
DA:400,0
DA:401,0
DA:402,0
DA:403,0
DA:404,0
DA:405,0
DA:406,0
DA:411,0
DA:412,0
DA:413,0
DA:414,0
DA:415,0
DA:416,0
DA:417,0
DA:421,0
DA:428,0
DA:429,0
DA:432,0
DA:435,0
DA:436,0
DA:437,0
DA:438,0
DA:451,0
DA:490,0
DA:492,0
DA:499,0
DA:514,0
DA:535,0
DA:543,0
DA:570,0
DA:592,0
DA:608,0
DA:618,0
LF:219
LH:0
BRDA:8,0,0,0
BRDA:8,1,0,0
BRDA:69,2,0,0
BRDA:69,2,1,0
BRDA:72,3,0,0
BRDA:72,3,1,0
BRDA:79,4,0,0
BRDA:79,4,1,0
BRDA:79,4,2,0
BRDA:79,4,3,0
BRDA:79,4,4,0
BRDA:79,4,5,0
BRDA:87,5,0,0
BRDA:87,5,1,0
BRDA:98,6,0,0
BRDA:98,6,1,0
BRDA:114,7,0,0
BRDA:114,7,1,0
BRDA:119,8,0,0
BRDA:119,8,1,0
BRDA:141,9,0,0
BRDA:141,9,1,0
BRDA:146,10,0,0
BRDA:146,10,1,0
BRDA:146,11,0,0
BRDA:146,11,1,0
BRDA:175,12,0,0
BRDA:175,12,1,0
BRDA:179,13,0,0
BRDA:179,13,1,0
BRDA:204,14,0,0
BRDA:204,14,1,0
BRDA:217,15,0,0
BRDA:217,15,1,0
BRDA:228,16,0,0
BRDA:228,16,1,0
BRDA:231,17,0,0
BRDA:231,17,1,0
BRDA:237,18,0,0
BRDA:237,18,1,0
BRDA:255,19,0,0
BRDA:255,19,1,0
BRDA:283,20,0,0
BRDA:283,20,1,0
BRDA:289,21,0,0
BRDA:289,21,1,0
BRDA:292,22,0,0
BRDA:292,22,1,0
BRDA:299,23,0,0
BRDA:299,23,1,0
BRDA:317,24,0,0
BRDA:317,24,1,0
BRDA:318,25,0,0
BRDA:318,25,1,0
BRDA:323,26,0,0
BRDA:323,26,1,0
BRDA:327,27,0,0
BRDA:327,27,1,0
BRDA:332,28,0,0
BRDA:332,28,1,0
BRDA:344,29,0,0
BRDA:344,29,1,0
BRDA:344,30,0,0
BRDA:344,30,1,0
BRDA:345,31,0,0
BRDA:345,31,1,0
BRDA:348,32,0,0
BRDA:348,32,1,0
BRDA:377,33,0,0
BRDA:377,33,1,0
BRDA:381,34,0,0
BRDA:381,34,1,0
BRDA:391,35,0,0
BRDA:391,35,1,0
BRDA:394,36,0,0
BRDA:394,36,1,0
BRDA:394,37,0,0
BRDA:394,37,1,0
BRDA:395,38,0,0
BRDA:395,38,1,0
BRDA:435,39,0,0
BRDA:435,39,1,0
BRDA:435,40,0,0
BRDA:435,40,1,0
BRDA:436,41,0,0
BRDA:436,41,1,0
BRDA:437,42,0,0
BRDA:437,42,1,0
BRDA:454,43,0,0
BRDA:454,43,1,0
BRDA:470,44,0,0
BRDA:470,44,1,0
BRDA:484,45,0,0
BRDA:484,45,1,0
BRDA:499,46,0,0
BRDA:499,46,1,0
BRDA:506,47,0,0
BRDA:506,47,1,0
BRDA:528,48,0,0
BRDA:528,48,1,0
BRDA:528,48,2,0
BRDA:560,49,0,0
BRDA:560,49,1,0
BRDA:572,50,0,0
BRDA:572,50,1,0
BRDA:576,51,0,0
BRDA:576,51,1,0
BRDA:582,52,0,0
BRDA:582,52,1,0
BRDA:604,53,0,0
BRDA:604,53,1,0
BRF:111
BRH:0
end_of_record
TN:
SF:src/components/InteractiveCanvas.tsx
FN:12,(anonymous_0)
FN:42,(anonymous_1)
FN:77,(anonymous_2)
FN:81,(anonymous_3)
FN:85,(anonymous_4)
FN:95,(anonymous_5)
FN:96,(anonymous_6)
FN:101,(anonymous_7)
FN:108,(anonymous_8)
FN:111,(anonymous_9)
FN:145,(anonymous_10)
FN:161,(anonymous_11)
FN:177,(anonymous_12)
FN:195,(anonymous_13)
FN:252,(anonymous_14)
FN:290,(anonymous_15)
FN:315,(anonymous_16)
FN:321,(anonymous_17)
FN:329,(anonymous_18)
FN:330,(anonymous_19)
FN:338,(anonymous_20)
FN:340,(anonymous_21)
FN:346,(anonymous_22)
FN:355,(anonymous_23)
FN:358,(anonymous_24)
FN:359,(anonymous_25)
FN:380,(anonymous_26)
FN:381,(anonymous_27)
FN:399,(anonymous_28)
FN:436,(anonymous_29)
FN:445,(anonymous_30)
FN:449,(anonymous_31)
FN:450,(anonymous_32)
FN:458,(anonymous_33)
FN:471,(anonymous_34)
FN:478,(anonymous_35)
FN:519,(anonymous_36)
FN:536,(anonymous_37)
FN:545,(anonymous_38)
FN:557,(anonymous_39)
FN:561,(anonymous_40)
FN:563,(anonymous_41)
FN:575,(anonymous_42)
FN:579,(anonymous_43)
FN:584,(anonymous_44)
FN:606,(anonymous_45)
FN:607,(anonymous_46)
FN:608,(anonymous_47)
FN:609,(anonymous_48)
FN:610,(anonymous_49)
FN:627,(anonymous_50)
FN:635,(anonymous_51)
FN:644,(anonymous_52)
FN:661,(anonymous_53)
FN:668,(anonymous_54)
FN:690,(anonymous_55)
FN:740,(anonymous_56)
FN:746,(anonymous_57)
FN:777,(anonymous_58)
FN:781,(anonymous_59)
FNF:60
FNH:0
FNDA:0,(anonymous_0)
FNDA:0,(anonymous_1)
FNDA:0,(anonymous_2)
FNDA:0,(anonymous_3)
FNDA:0,(anonymous_4)
FNDA:0,(anonymous_5)
FNDA:0,(anonymous_6)
FNDA:0,(anonymous_7)
FNDA:0,(anonymous_8)
FNDA:0,(anonymous_9)
FNDA:0,(anonymous_10)
FNDA:0,(anonymous_11)
FNDA:0,(anonymous_12)
FNDA:0,(anonymous_13)
FNDA:0,(anonymous_14)
FNDA:0,(anonymous_15)
FNDA:0,(anonymous_16)
FNDA:0,(anonymous_17)
FNDA:0,(anonymous_18)
FNDA:0,(anonymous_19)
FNDA:0,(anonymous_20)
FNDA:0,(anonymous_21)
FNDA:0,(anonymous_22)
FNDA:0,(anonymous_23)
FNDA:0,(anonymous_24)
FNDA:0,(anonymous_25)
FNDA:0,(anonymous_26)
FNDA:0,(anonymous_27)
FNDA:0,(anonymous_28)
FNDA:0,(anonymous_29)
FNDA:0,(anonymous_30)
FNDA:0,(anonymous_31)
FNDA:0,(anonymous_32)
FNDA:0,(anonymous_33)
FNDA:0,(anonymous_34)
FNDA:0,(anonymous_35)
FNDA:0,(anonymous_36)
FNDA:0,(anonymous_37)
FNDA:0,(anonymous_38)
FNDA:0,(anonymous_39)
FNDA:0,(anonymous_40)
FNDA:0,(anonymous_41)
FNDA:0,(anonymous_42)
FNDA:0,(anonymous_43)
FNDA:0,(anonymous_44)
FNDA:0,(anonymous_45)
FNDA:0,(anonymous_46)
FNDA:0,(anonymous_47)
FNDA:0,(anonymous_48)
FNDA:0,(anonymous_49)
FNDA:0,(anonymous_50)
FNDA:0,(anonymous_51)
FNDA:0,(anonymous_52)
FNDA:0,(anonymous_53)
FNDA:0,(anonymous_54)
FNDA:0,(anonymous_55)
FNDA:0,(anonymous_56)
FNDA:0,(anonymous_57)
FNDA:0,(anonymous_58)
FNDA:0,(anonymous_59)
DA:12,0
DA:13,0
DA:15,0
DA:16,0
DA:17,0
DA:18,0
DA:19,0
DA:20,0
DA:22,0
DA:35,0
DA:39,0
DA:42,0
DA:55,0
DA:56,0
DA:57,0
DA:58,0
DA:59,0
DA:60,0
DA:61,0
DA:62,0
DA:63,0
DA:64,0
DA:65,0
DA:66,0
DA:67,0
DA:68,0
DA:69,0
DA:71,0
DA:72,0
DA:73,0
DA:74,0
DA:75,0
DA:77,0
DA:78,0
DA:81,0
DA:82,0
DA:85,0
DA:86,0
DA:87,0
DA:88,0
DA:89,0
DA:92,0
DA:95,0
DA:96,0
DA:97,0
DA:101,0
DA:102,0
DA:103,0
DA:108,0
DA:109,0
DA:110,0
DA:111,0
DA:112,0
DA:114,0
DA:115,0
DA:116,0
DA:117,0
DA:118,0
DA:122,0
DA:123,0
DA:125,0
DA:126,0
DA:127,0
DA:130,0
DA:131,0
DA:132,0
DA:135,0
DA:137,0
DA:138,0
DA:141,0
DA:145,0
DA:146,0
DA:148,0
DA:149,0
DA:151,0
DA:152,0
DA:154,0
DA:155,0
DA:161,0
DA:162,0
DA:164,0
DA:165,0
DA:167,0
DA:168,0
DA:170,0
DA:177,0
DA:178,0
DA:179,0
DA:181,0
DA:182,0
DA:185,0
DA:187,0
DA:190,0
DA:195,0
DA:196,0
DA:197,0
DA:200,0
DA:201,0
DA:202,0
DA:206,0
DA:207,0
DA:210,0
DA:216,0
DA:217,0
DA:223,0
DA:225,0
DA:228,0
DA:229,0
DA:230,0
DA:233,0
DA:244,0
DA:246,0
DA:252,0
DA:254,0
DA:255,0
DA:256,0
DA:259,0
DA:261,0
DA:262,0
DA:264,0
DA:265,0
DA:267,0
DA:273,0
DA:274,0
DA:275,0
DA:276,0
DA:278,0
DA:286,0
DA:290,0
DA:291,0
DA:294,0
DA:295,0
DA:297,0
DA:302,0
DA:303,0
DA:304,0
DA:305,0
DA:309,0
DA:310,0
DA:311,0
DA:315,0
DA:316,0
DA:317,0
DA:321,0
DA:322,0
DA:329,0
DA:330,0
DA:331,0
DA:335,0
DA:338,0
DA:339,0
DA:340,0
DA:341,0
DA:342,0
DA:346,0
DA:347,0
DA:349,0
DA:350,0
DA:355,0
DA:356,0
DA:358,0
DA:359,0
DA:360,0
DA:361,0
DA:362,0
DA:365,0
DA:366,0
DA:375,0
DA:380,0
DA:381,0
DA:383,0
DA:384,0
DA:385,0
DA:386,0
DA:387,0
DA:389,0
DA:390,0
DA:391,0
DA:392,0
DA:397,0
DA:399,0
DA:400,0
DA:402,0
DA:403,0
DA:405,0
DA:407,0
DA:408,0
DA:409,0
DA:411,0
DA:412,0
DA:413,0
DA:415,0
DA:416,0
DA:417,0
DA:419,0
DA:420,0
DA:421,0
DA:424,0
DA:425,0
DA:426,0
DA:428,0
DA:429,0
DA:430,0
DA:432,0
DA:435,0
DA:436,0
DA:437,0
DA:439,0
DA:440,0
DA:444,0
DA:445,0
DA:449,0
DA:450,0
DA:451,0
DA:452,0
DA:453,0
DA:454,0
DA:458,0
DA:459,0
DA:460,0
DA:461,0
DA:462,0
DA:463,0
DA:464,0
DA:468,0
DA:469,0
DA:471,0
DA:472,0
DA:473,0
DA:478,0
DA:479,0
DA:480,0
DA:482,0
DA:485,0
DA:486,0
DA:487,0
DA:489,0
DA:491,0
DA:494,0
DA:495,0
DA:496,0
DA:497,0
DA:498,0
DA:499,0
DA:501,0
DA:507,0
DA:508,0
DA:509,0
DA:510,0
DA:511,0
DA:513,0
DA:519,0
DA:520,0
DA:521,0
DA:522,0
DA:523,0
DA:525,0
DA:526,0
DA:527,0
DA:536,0
DA:537,0
DA:539,0
DA:540,0
DA:542,0
DA:543,0
DA:545,0
DA:546,0
DA:548,0
DA:549,0
DA:554,0
DA:557,0
DA:561,0
DA:562,0
DA:563,0
DA:564,0
DA:565,0
DA:569,0
DA:570,0
DA:571,0
DA:575,0
DA:576,0
DA:579,0
DA:580,0
DA:584,0
DA:585,0
DA:586,0
DA:590,0
DA:591,0
DA:593,0
DA:606,0
DA:607,0
DA:608,0
DA:609,0
DA:610,0
DA:627,0
DA:635,0
DA:645,0
DA:646,0
DA:648,0
DA:649,0
DA:651,0
DA:661,0
DA:669,0
DA:670,0
DA:672,0
DA:673,0
DA:674,0
DA:676,0
DA:677,0
DA:680,0
DA:690,0
DA:713,0
DA:740,0
DA:746,0
DA:778,0
DA:779,0
DA:782,0
DA:783,0
LF:318
LH:0
BRDA:12,0,0,0
BRDA:12,1,0,0
BRDA:13,2,0,0
BRDA:13,2,1,0
BRDA:18,3,0,0
BRDA:18,3,1,0
BRDA:19,4,0,0
BRDA:19,4,1,0
BRDA:20,5,0,0
BRDA:20,5,1,0
BRDA:22,6,0,0
BRDA:22,6,1,0
BRDA:23,7,0,0
BRDA:23,7,1,0
BRDA:23,7,2,0
BRDA:23,7,3,0
BRDA:23,7,4,0
BRDA:23,7,5,0
BRDA:23,7,6,0
BRDA:23,7,7,0
BRDA:23,7,8,0
BRDA:23,7,9,0
BRDA:23,7,10,0
BRDA:49,8,0,0
BRDA:51,9,0,0
BRDA:56,10,0,0
BRDA:56,10,1,0
BRDA:82,11,0,0
BRDA:82,11,1,0
BRDA:86,12,0,0
BRDA:86,12,1,0
BRDA:87,13,0,0
BRDA:87,13,1,0
BRDA:88,14,0,0
BRDA:88,14,1,0
BRDA:96,15,0,0
BRDA:96,15,1,0
BRDA:96,16,0,0
BRDA:96,16,1,0
BRDA:102,17,0,0
BRDA:102,17,1,0
BRDA:103,18,0,0
BRDA:103,18,1,0
BRDA:116,19,0,0
BRDA:116,19,1,0
BRDA:117,20,0,0
BRDA:117,20,1,0
BRDA:118,21,0,0
BRDA:118,21,1,0
BRDA:118,22,0,0
BRDA:118,22,1,0
BRDA:125,23,0,0
BRDA:125,23,1,0
BRDA:130,24,0,0
BRDA:130,24,1,0
BRDA:137,25,0,0
BRDA:137,25,1,0
BRDA:146,26,0,0
BRDA:146,26,1,0
BRDA:149,27,0,0
BRDA:149,27,1,0
BRDA:152,28,0,0
BRDA:152,28,1,0
BRDA:162,29,0,0
BRDA:162,29,1,0
BRDA:162,30,0,0
BRDA:162,30,1,0
BRDA:162,30,2,0
BRDA:165,31,0,0
BRDA:165,31,1,0
BRDA:168,32,0,0
BRDA:168,32,1,0
BRDA:179,33,0,0
BRDA:179,33,1,0
BRDA:179,34,0,0
BRDA:179,34,1,0
BRDA:182,35,0,0
BRDA:182,35,1,0
BRDA:185,36,0,0
BRDA:185,36,1,0
BRDA:197,37,0,0
BRDA:197,37,1,0
BRDA:197,38,0,0
BRDA:197,38,1,0
BRDA:200,39,0,0
BRDA:200,39,1,0
BRDA:207,40,0,0
BRDA:207,40,1,0
BRDA:217,41,0,0
BRDA:217,41,1,0
BRDA:217,41,2,0
BRDA:217,41,3,0
BRDA:217,41,4,0
BRDA:223,42,0,0
BRDA:223,42,1,0
BRDA:228,43,0,0
BRDA:228,43,1,0
BRDA:254,44,0,0
BRDA:254,44,1,0
BRDA:254,45,0,0
BRDA:254,45,1,0
BRDA:259,46,0,0
BRDA:259,46,1,0
BRDA:259,47,0,0
BRDA:259,47,1,0
BRDA:259,47,2,0
BRDA:262,48,0,0
BRDA:262,48,1,0
BRDA:265,49,0,0
BRDA:265,49,1,0
BRDA:291,50,0,0
BRDA:291,50,1,0
BRDA:291,51,0,0
BRDA:291,51,1,0
BRDA:291,51,2,0
BRDA:295,52,0,0
BRDA:295,52,1,0
BRDA:295,53,0,0
BRDA:295,53,1,0
BRDA:317,54,0,0
BRDA:317,54,1,0
BRDA:331,55,0,0
BRDA:331,55,1,0
BRDA:341,56,0,0
BRDA:341,56,1,0
BRDA:341,57,0,0
BRDA:341,57,1,0
BRDA:347,58,0,0
BRDA:347,58,1,0
BRDA:365,59,0,0
BRDA:365,59,1,0
BRDA:383,60,0,0
BRDA:383,60,1,0
BRDA:383,61,0,0
BRDA:383,61,1,0
BRDA:384,62,0,0
BRDA:384,62,1,0
BRDA:384,63,0,0
BRDA:384,63,1,0
BRDA:389,64,0,0
BRDA:389,64,1,0
BRDA:389,65,0,0
BRDA:389,65,1,0
BRDA:389,65,2,0
BRDA:397,66,0,0
BRDA:397,66,1,0
BRDA:399,67,0,0
BRDA:399,67,1,0
BRDA:400,68,0,0
BRDA:400,68,1,0
BRDA:402,69,0,0
BRDA:402,69,1,0
BRDA:405,70,0,0
BRDA:405,70,1,0
BRDA:405,70,2,0
BRDA:405,70,3,0
BRDA:405,70,4,0
BRDA:405,70,5,0
BRDA:405,70,6,0
BRDA:405,70,7,0
BRDA:412,71,0,0
BRDA:412,71,1,0
BRDA:420,72,0,0
BRDA:420,72,1,0
BRDA:435,73,0,0
BRDA:435,73,1,0
BRDA:435,74,0,0
BRDA:435,74,1,0
BRDA:437,75,0,0
BRDA:437,75,1,0
BRDA:451,76,0,0
BRDA:451,76,1,0
BRDA:451,77,0,0
BRDA:451,77,1,0
BRDA:451,77,2,0
BRDA:459,78,0,0
BRDA:459,78,1,0
BRDA:485,79,0,0
BRDA:485,79,1,0
BRDA:489,80,0,0
BRDA:489,80,1,0
BRDA:494,81,0,0
BRDA:494,81,1,0
BRDA:494,82,0,0
BRDA:494,82,1,0
BRDA:497,83,0,0
BRDA:497,83,1,0
BRDA:497,84,0,0
BRDA:497,84,1,0
BRDA:507,85,0,0
BRDA:507,85,1,0
BRDA:508,86,0,0
BRDA:508,86,1,0
BRDA:508,87,0,0
BRDA:508,87,1,0
BRDA:510,88,0,0
BRDA:510,88,1,0
BRDA:510,89,0,0
BRDA:510,89,1,0
BRDA:526,90,0,0
BRDA:526,90,1,0
BRDA:537,91,0,0
BRDA:537,91,1,0
BRDA:537,92,0,0
BRDA:537,92,1,0
BRDA:537,92,2,0
BRDA:537,92,3,0
BRDA:540,93,0,0
BRDA:540,93,1,0
BRDA:540,94,0,0
BRDA:540,94,1,0
BRDA:546,95,0,0
BRDA:546,95,1,0
BRDA:557,96,0,0
BRDA:557,96,1,0
BRDA:562,97,0,0
BRDA:562,97,1,0
BRDA:562,98,0,0
BRDA:562,98,1,0
BRDA:564,99,0,0
BRDA:564,99,1,0
BRDA:590,100,0,0
BRDA:590,100,1,0
BRDA:590,101,0,0
BRDA:590,101,1,0
BRDA:591,102,0,0
BRDA:591,102,1,0
BRDA:606,103,0,0
BRDA:606,103,1,0
BRDA:607,104,0,0
BRDA:607,104,1,0
BRDA:608,105,0,0
BRDA:608,105,1,0
BRDA:612,106,0,0
BRDA:612,106,1,0
BRDA:612,107,0,0
BRDA:612,107,1,0
BRDA:613,108,0,0
BRDA:613,108,1,0
BRDA:613,109,0,0
BRDA:613,109,1,0
BRDA:618,110,0,0
BRDA:618,110,1,0
BRDA:641,111,0,0
BRDA:641,111,1,0
BRDA:648,112,0,0
BRDA:648,112,1,0
BRDA:649,113,0,0
BRDA:649,113,1,0
BRDA:672,114,0,0
BRDA:672,114,1,0
BRDA:672,115,0,0
BRDA:672,115,1,0
BRDA:674,116,0,0
BRDA:674,116,1,0
BRDA:677,117,0,0
BRDA:677,117,1,0
BRDA:758,118,0,0
BRDA:758,118,1,0
BRDA:803,119,0,0
BRDA:803,119,1,0
BRDA:803,119,2,0
BRF:262
BRH:0
end_of_record
TN:
SF:src/components/LoadingSpinner.tsx
FN:11,(anonymous_0)
FNF:1
FNH:0
FNDA:0,(anonymous_0)
DA:11,0
DA:18,0
DA:37,0
DA:38,0
DA:45,0
LF:5
LH:0
BRDA:12,0,0,0
BRDA:13,1,0,0
BRDA:14,2,0,0
BRDA:19,3,0,0
BRDA:19,3,1,0
BRDA:31,4,0,0
BRDA:31,4,1,0
BRDA:37,5,0,0
BRDA:37,5,1,0
BRF:9
BRH:0
end_of_record
TN:
SF:src/components/LoadingStates.js
FN:18,(anonymous_0)
FN:40,(anonymous_1)
FN:61,(anonymous_2)
FN:63,(anonymous_3)
FN:75,(anonymous_4)
FN:88,(anonymous_5)
FN:108,(anonymous_6)
FN:123,(anonymous_7)
FN:136,(anonymous_8)
FN:154,(anonymous_9)
FN:158,(anonymous_10)
FN:193,(anonymous_11)
FN:216,(anonymous_12)
FN:220,(anonymous_13)
FN:230,(anonymous_14)
FN:232,(anonymous_15)
FN:249,(anonymous_16)
FN:266,(anonymous_17)
FN:269,(anonymous_18)
FN:289,(anonymous_19)
FN:292,(anonymous_20)
FN:310,(anonymous_21)
FN:330,(anonymous_22)
FN:348,(anonymous_23)
FN:368,(anonymous_24)
FN:376,(anonymous_25)
FNF:26
FNH:0
FNDA:0,(anonymous_0)
FNDA:0,(anonymous_1)
FNDA:0,(anonymous_2)
FNDA:0,(anonymous_3)
FNDA:0,(anonymous_4)
FNDA:0,(anonymous_5)
FNDA:0,(anonymous_6)
FNDA:0,(anonymous_7)
FNDA:0,(anonymous_8)
FNDA:0,(anonymous_9)
FNDA:0,(anonymous_10)
FNDA:0,(anonymous_11)
FNDA:0,(anonymous_12)
FNDA:0,(anonymous_13)
FNDA:0,(anonymous_14)
FNDA:0,(anonymous_15)
FNDA:0,(anonymous_16)
FNDA:0,(anonymous_17)
FNDA:0,(anonymous_18)
FNDA:0,(anonymous_19)
FNDA:0,(anonymous_20)
FNDA:0,(anonymous_21)
FNDA:0,(anonymous_22)
FNDA:0,(anonymous_23)
FNDA:0,(anonymous_24)
FNDA:0,(anonymous_25)
DA:13,0
DA:18,0
DA:25,0
DA:40,0
DA:41,0
DA:61,0
DA:62,0
DA:64,0
DA:75,0
DA:76,0
DA:89,0
DA:108,0
DA:109,0
DA:124,0
DA:137,0
DA:154,0
DA:155,0
DA:159,0
DA:193,0
DA:194,0
DA:216,0
DA:217,0
DA:221,0
DA:231,0
DA:233,0
DA:249,0
DA:250,0
DA:266,0
DA:267,0
DA:270,0
DA:289,0
DA:290,0
DA:293,0
DA:310,0
DA:315,0
DA:331,0
DA:348,0
DA:354,0
DA:355,0
DA:358,0
DA:368,0
DA:374,0
DA:376,0
DA:377,0
DA:378,0
DA:379,0
DA:380,0
DA:384,0
DA:385,0
DA:388,0
LF:50
LH:0
BRDA:19,0,0,0
BRDA:20,1,0,0
BRDA:21,2,0,0
BRDA:22,3,0,0
BRDA:23,4,0,0
BRDA:40,5,0,0
BRDA:40,6,0,0
BRDA:40,7,0,0
BRDA:43,8,0,0
BRDA:43,8,1,0
BRDA:50,9,0,0
BRDA:50,9,1,0
BRDA:61,10,0,0
BRDA:193,11,0,0
BRDA:197,12,0,0
BRDA:197,12,1,0
BRDA:216,13,0,0
BRDA:216,14,0,0
BRDA:234,15,0,0
BRDA:234,15,1,0
BRDA:249,16,0,0
BRDA:266,17,0,0
BRDA:289,18,0,0
BRDA:311,19,0,0
BRDA:312,20,0,0
BRDA:313,21,0,0
BRDA:333,22,0,0
BRDA:333,22,1,0
BRDA:349,23,0,0
BRDA:350,24,0,0
BRDA:352,25,0,0
BRDA:354,26,0,0
BRDA:354,26,1,0
BRDA:359,27,0,0
BRDA:359,27,1,0
BRDA:369,28,0,0
BRDA:371,29,0,0
BRDA:372,30,0,0
BRDA:377,31,0,0
BRDA:377,31,1,0
BRDA:380,32,0,0
BRDA:380,32,1,0
BRDA:384,33,0,0
BRDA:384,33,1,0
BRDA:385,34,0,0
BRDA:385,34,1,0
BRF:46
BRH:0
end_of_record
TN:
SF:src/components/ProgressiveLoader.tsx
FN:16,(anonymous_0)
FN:23,(anonymous_1)
FN:27,(anonymous_2)
FN:31,(anonymous_3)
FN:47,(anonymous_4)
FN:51,(anonymous_5)
FN:57,(anonymous_6)
FN:62,(anonymous_7)
FN:100,(anonymous_8)
FN:161,(anonymous_9)
FN:180,(anonymous_10)
FN:185,(anonymous_11)
FN:189,(anonymous_12)
FN:193,(anonymous_13)
FN:203,withProgressiveLoading
FN:207,(anonymous_15)
FNF:16
FNH:0
FNDA:0,(anonymous_0)
FNDA:0,(anonymous_1)
FNDA:0,(anonymous_2)
FNDA:0,(anonymous_3)
FNDA:0,(anonymous_4)
FNDA:0,(anonymous_5)
FNDA:0,(anonymous_6)
FNDA:0,(anonymous_7)
FNDA:0,(anonymous_8)
FNDA:0,(anonymous_9)
FNDA:0,(anonymous_10)
FNDA:0,(anonymous_11)
FNDA:0,(anonymous_12)
FNDA:0,(anonymous_13)
FNDA:0,withProgressiveLoading
FNDA:0,(anonymous_15)
DA:16,0
DA:17,0
DA:23,0
DA:24,0
DA:27,0
DA:31,0
DA:42,0
DA:43,0
DA:44,0
DA:45,0
DA:47,0
DA:48,0
DA:51,0
DA:52,0
DA:53,0
DA:57,0
DA:58,0
DA:62,0
DA:63,0
DA:64,0
DA:65,0
DA:70,0
DA:73,0
DA:74,0
DA:75,0
DA:78,0
DA:84,0
DA:85,0
DA:89,0
DA:90,0
DA:100,0
DA:119,0
DA:120,0
DA:124,0
DA:162,0
DA:163,0
DA:181,0
DA:182,0
DA:186,0
DA:190,0
DA:194,0
DA:195,0
DA:198,0
DA:207,0
DA:208,0
LF:45
LH:0
BRDA:33,0,0,0
BRDA:34,1,0,0
BRDA:35,2,0,0
BRDA:36,3,0,0
BRDA:78,4,0,0
BRDA:78,4,1,0
BRDA:78,4,2,0
BRDA:78,4,3,0
BRDA:84,5,0,0
BRDA:84,5,1,0
BRDA:89,6,0,0
BRDA:89,6,1,0
BRDA:119,7,0,0
BRDA:119,7,1,0
BRDA:131,8,0,0
BRDA:131,8,1,0
BRDA:137,9,0,0
BRDA:137,9,1,0
BRDA:194,10,0,0
BRDA:194,10,1,0
BRDA:205,11,0,0
BRF:21
BRH:0
end_of_record
TN:
SF:src/components/SaveBanner.tsx
FN:14,(anonymous_0)
FN:33,(anonymous_1)
FNF:2
FNH:0
FNDA:0,(anonymous_0)
FNDA:0,(anonymous_1)
DA:6,0
DA:14,0
DA:15,0
DA:16,0
DA:17,0
DA:18,0
DA:20,0
DA:21,0
DA:22,0
DA:23,0
DA:24,0
DA:25,0
DA:26,0
DA:27,0
DA:30,0
DA:33,0
DA:34,0
DA:35,0
DA:38,0
DA:39,0
DA:40,0
DA:42,0
LF:22
LH:0
BRDA:17,0,0,0
BRDA:17,0,1,0
BRDA:21,1,0,0
BRDA:21,1,1,0
BRDA:23,2,0,0
BRDA:23,2,1,0
BRDA:24,3,0,0
BRDA:24,3,1,0
BRDA:25,4,0,0
BRDA:25,4,1,0
BRDA:26,5,0,0
BRDA:26,5,1,0
BRDA:34,6,0,0
BRDA:34,6,1,0
BRDA:39,7,0,0
BRDA:39,7,1,0
BRDA:40,8,0,0
BRDA:40,8,1,0
BRDA:44,9,0,0
BRDA:44,9,1,0
BRDA:51,10,0,0
BRDA:51,10,1,0
BRDA:56,11,0,0
BRDA:56,11,1,0
BRF:24
BRH:0
end_of_record
TN:
SF:src/components/VersionHistoryDrawer.tsx
FN:15,(anonymous_0)
FN:23,(anonymous_1)
FN:41,(anonymous_2)
FN:48,(anonymous_3)
FN:64,(anonymous_4)
FNF:5
FNH:0
FNDA:0,(anonymous_0)
FNDA:0,(anonymous_1)
FNDA:0,(anonymous_2)
FNDA:0,(anonymous_3)
FNDA:0,(anonymous_4)
DA:5,0
DA:15,0
DA:16,0
DA:17,0
DA:18,0
DA:19,0
DA:20,0
DA:23,0
DA:30,0
DA:42,0
DA:48,0
DA:65,0
LF:12
LH:0
BRDA:17,0,0,0
BRDA:17,0,1,0
BRDA:18,1,0,0
BRDA:18,1,1,0
BRDA:19,2,0,0
BRDA:19,2,1,0
BRDA:20,3,0,0
BRDA:20,3,1,0
BRDA:25,4,0,0
BRDA:57,5,0,0
BRDA:57,5,1,0
BRDA:62,6,0,0
BRDA:62,6,1,0
BRF:13
BRH:0
end_of_record
TN:
SF:src/components/Categories/CategoriesPageImproved.tsx
FN:48,(anonymous_0)
FN:75,(anonymous_1)
FN:101,(anonymous_2)
FN:109,(anonymous_3)
FN:123,(anonymous_4)
FN:130,(anonymous_5)
FN:137,(anonymous_6)
FN:145,(anonymous_7)
FN:153,(anonymous_8)
FN:179,(anonymous_9)
FN:188,(anonymous_10)
FN:204,(anonymous_11)
FN:228,(anonymous_12)
FN:242,(anonymous_13)
FN:251,(anonymous_14)
FN:269,(anonymous_15)
FN:292,(anonymous_16)
FN:307,(anonymous_17)
FN:320,(anonymous_18)
FN:327,(anonymous_19)
FN:337,(anonymous_20)
FN:360,(anonymous_21)
FN:389,(anonymous_22)
FN:411,(anonymous_23)
FN:444,(anonymous_24)
FN:448,(anonymous_25)
FN:457,(anonymous_26)
FNF:27
FNH:0
FNDA:0,(anonymous_0)
FNDA:0,(anonymous_1)
FNDA:0,(anonymous_2)
FNDA:0,(anonymous_3)
FNDA:0,(anonymous_4)
FNDA:0,(anonymous_5)
FNDA:0,(anonymous_6)
FNDA:0,(anonymous_7)
FNDA:0,(anonymous_8)
FNDA:0,(anonymous_9)
FNDA:0,(anonymous_10)
FNDA:0,(anonymous_11)
FNDA:0,(anonymous_12)
FNDA:0,(anonymous_13)
FNDA:0,(anonymous_14)
FNDA:0,(anonymous_15)
FNDA:0,(anonymous_16)
FNDA:0,(anonymous_17)
FNDA:0,(anonymous_18)
FNDA:0,(anonymous_19)
FNDA:0,(anonymous_20)
FNDA:0,(anonymous_21)
FNDA:0,(anonymous_22)
FNDA:0,(anonymous_23)
FNDA:0,(anonymous_24)
FNDA:0,(anonymous_25)
FNDA:0,(anonymous_26)
DA:35,0
DA:48,0
DA:49,0
DA:50,0
DA:51,0
DA:52,0
DA:53,0
DA:54,0
DA:55,0
DA:56,0
DA:59,0
DA:62,0
DA:63,0
DA:66,0
DA:69,0
DA:70,0
DA:75,0
DA:76,0
DA:78,0
DA:79,0
DA:87,0
DA:88,0
DA:89,0
DA:91,0
DA:92,0
DA:94,0
DA:101,0
DA:102,0
DA:104,0
DA:105,0
DA:108,0
DA:109,0
DA:110,0
DA:113,0
DA:115,0
DA:116,0
DA:123,0
DA:124,0
DA:130,0
DA:131,0
DA:137,0
DA:138,0
DA:139,0
DA:145,0
DA:146,0
DA:147,0
DA:153,0
DA:154,0
DA:155,0
DA:157,0
DA:158,0
DA:161,0
DA:162,0
DA:165,0
DA:168,0
DA:169,0
DA:170,0
DA:172,0
DA:179,0
DA:180,0
DA:181,0
DA:187,0
DA:189,0
DA:190,0
DA:191,0
DA:192,0
DA:194,0
DA:195,0
DA:204,0
DA:205,0
DA:206,0
DA:207,0
DA:210,0
DA:212,0
DA:213,0
DA:215,0
DA:216,0
DA:217,0
DA:219,0
DA:226,0
DA:229,0
DA:236,0
DA:242,0
DA:252,0
DA:270,0
DA:293,0
DA:308,0
DA:309,0
DA:310,0
DA:312,0
DA:321,0
DA:327,0
DA:337,0
DA:360,0
DA:361,0
DA:362,0
DA:364,0
DA:365,0
DA:366,0
DA:370,0
DA:389,0
DA:412,0
DA:413,0
DA:444,0
DA:449,0
DA:458,0
DA:459,0
LF:107
LH:0
BRDA:89,0,0,0
BRDA:89,0,1,0
BRDA:102,1,0,0
BRDA:102,1,1,0
BRDA:155,2,0,0
BRDA:155,2,1,0
BRDA:172,3,0,0
BRDA:172,3,1,0
BRDA:205,4,0,0
BRDA:205,4,1,0
BRDA:250,5,0,0
BRDA:250,5,1,0
BRDA:254,6,0,0
BRDA:254,6,1,0
BRDA:274,7,0,0
BRDA:274,7,1,0
BRDA:291,8,0,0
BRDA:291,8,1,0
BRDA:294,9,0,0
BRDA:294,9,1,0
BRDA:297,10,0,0
BRDA:297,10,1,0
BRDA:302,11,0,0
BRDA:302,11,1,0
BRDA:308,12,0,0
BRDA:308,12,1,0
BRDA:309,13,0,0
BRDA:309,13,1,0
BRDA:333,14,0,0
BRDA:333,14,1,0
BRDA:337,15,0,0
BRDA:337,15,1,0
BRDA:364,16,0,0
BRDA:364,16,1,0
BRDA:366,17,0,0
BRDA:366,17,1,0
BRDA:394,18,0,0
BRDA:394,18,1,0
BRDA:449,19,0,0
BRDA:449,19,1,0
BRF:40
BRH:0
end_of_record
TN:
SF:src/components/Categories/CategoryFilter.tsx
FN:12,debounce
FN:18,(anonymous_1)
FN:20,(anonymous_2)
FN:45,(anonymous_3)
FN:56,(anonymous_4)
FN:65,(anonymous_5)
FN:74,(anonymous_6)
FN:83,(anonymous_7)
FN:84,(anonymous_8)
FN:97,(anonymous_9)
FN:108,(anonymous_10)
FNF:11
FNH:0
FNDA:0,debounce
FNDA:0,(anonymous_1)
FNDA:0,(anonymous_2)
FNDA:0,(anonymous_3)
FNDA:0,(anonymous_4)
FNDA:0,(anonymous_5)
FNDA:0,(anonymous_6)
FNDA:0,(anonymous_7)
FNDA:0,(anonymous_8)
FNDA:0,(anonymous_9)
FNDA:0,(anonymous_10)
DA:16,0
DA:18,0
DA:19,0
DA:20,0
DA:21,0
DA:26,0
DA:45,0
DA:51,0
DA:52,0
DA:55,0
DA:57,0
DA:65,0
DA:66,0
DA:67,0
DA:68,0
DA:74,0
DA:75,0
DA:76,0
DA:77,0
DA:83,0
DA:84,0
DA:86,0
DA:87,0
DA:88,0
DA:91,0
DA:92,0
DA:96,0
DA:97,0
DA:103,0
DA:108,0
DA:109,0
DA:110,0
DA:113,0
DA:114,0
DA:122,0
DA:129,0
LF:36
LH:0
BRDA:19,0,0,0
BRDA:19,0,1,0
BRDA:49,1,0,0
BRDA:86,2,0,0
BRDA:86,2,1,0
BRDA:86,3,0,0
BRDA:86,3,1,0
BRDA:86,3,2,0
BRDA:91,4,0,0
BRDA:91,4,1,0
BRDA:91,5,0,0
BRDA:91,5,1,0
BRDA:109,6,0,0
BRDA:109,6,1,0
BRDA:113,7,0,0
BRDA:113,7,1,0
BRDA:139,8,0,0
BRDA:139,8,1,0
BRDA:153,9,0,0
BRDA:153,9,1,0
BRDA:167,10,0,0
BRDA:167,10,1,0
BRDA:167,10,2,0
BRDA:167,10,3,0
BRF:24
BRH:0
end_of_record
TN:
SF:src/components/Categories/CategoryModal.tsx
FN:36,(anonymous_0)
FN:46,(anonymous_1)
FN:67,(anonymous_2)
FNF:3
FNH:0
FNDA:0,(anonymous_0)
FNDA:0,(anonymous_1)
FNDA:0,(anonymous_2)
DA:36,0
DA:42,0
DA:43,0
DA:46,0
DA:47,0
DA:48,0
DA:50,0
DA:59,0
DA:67,0
DA:68,0
DA:69,0
DA:70,0
DA:72,0
DA:74,0
DA:75,0
DA:76,0
DA:78,0
DA:79,0
DA:81,0
DA:84,0
DA:91,0
DA:115,0
LF:22
LH:0
BRDA:47,0,0,0
BRDA:47,0,1,0
BRDA:48,1,0,0
BRDA:48,1,1,0
BRDA:52,2,0,0
BRDA:52,2,1,0
BRDA:54,3,0,0
BRDA:54,3,1,0
BRDA:55,4,0,0
BRDA:55,4,1,0
BRDA:74,5,0,0
BRDA:74,5,1,0
BRDA:78,6,0,0
BRDA:78,6,1,0
BRDA:78,7,0,0
BRDA:78,7,1,0
BRDA:117,8,0,0
BRDA:117,8,1,0
BRF:18
BRH:0
end_of_record
TN:
SF:src/components/Categories/TrainingReadinessBadge.tsx
FN:18,(anonymous_0)
FN:22,(anonymous_1)
FN:28,(anonymous_2)
FN:63,(anonymous_3)
FNF:4
FNH:3
FNDA:25,(anonymous_0)
FNDA:0,(anonymous_1)
FNDA:1,(anonymous_2)
FNDA:45,(anonymous_3)
DA:18,1
DA:22,25
DA:23,0
DA:24,0
DA:25,0
DA:28,25
DA:29,1
DA:30,1
DA:31,0
DA:32,0
DA:33,0
DA:37,25
DA:64,45
DA:71,25
LF:14
LH:8
BRDA:20,0,0,23
BRDA:23,1,0,0
BRDA:23,1,1,0
BRDA:24,2,0,0
BRDA:24,2,1,0
BRDA:29,3,0,0
BRDA:29,3,1,1
BRDA:30,4,0,1
BRDA:30,4,1,0
BRDA:31,5,0,0
BRDA:31,5,1,0
BRDA:32,6,0,0
BRDA:32,6,1,0
BRDA:54,7,0,25
BRDA:54,7,1,21
BRDA:60,8,0,25
BRDA:60,8,1,24
BRDA:88,9,0,25
BRDA:88,9,1,1
BRF:19
BRH:9
end_of_record
TN:
SF:src/components/Categories/CategoryImport/CategoryImportButton.tsx
FN:25,(anonymous_0)
FN:30,(anonymous_1)
FN:34,(anonymous_2)
FN:38,(anonymous_3)
FNF:4
FNH:0
FNDA:0,(anonymous_0)
FNDA:0,(anonymous_1)
FNDA:0,(anonymous_2)
FNDA:0,(anonymous_3)
DA:25,0
DA:28,0
DA:30,0
DA:31,0
DA:34,0
DA:35,0
DA:38,0
DA:39,0
DA:42,0
LF:9
LH:0
BRF:0
BRH:0
end_of_record
TN:
SF:src/components/Categories/CategoryImport/CategoryImportModal.tsx
FN:41,(anonymous_0)
FN:56,(anonymous_1)
FN:67,(anonymous_2)
FN:121,(anonymous_3)
FN:135,(anonymous_4)
FN:144,(anonymous_5)
FN:170,(anonymous_6)
FNF:7
FNH:0
FNDA:0,(anonymous_0)
FNDA:0,(anonymous_1)
FNDA:0,(anonymous_2)
FNDA:0,(anonymous_3)
FNDA:0,(anonymous_4)
FNDA:0,(anonymous_5)
FNDA:0,(anonymous_6)
DA:22,0
DA:41,0
DA:46,0
DA:47,0
DA:48,0
DA:49,0
DA:50,0
DA:55,0
DA:57,0
DA:58,0
DA:59,0
DA:67,0
DA:68,0
DA:69,0
DA:70,0
DA:73,0
DA:75,0
DA:77,0
DA:79,0
DA:80,0
DA:81,0
DA:82,0
DA:85,0
DA:87,0
DA:91,0
DA:106,0
DA:112,0
DA:114,0
DA:121,0
DA:123,0
DA:124,0
DA:125,0
DA:126,0
DA:127,0
DA:129,0
DA:135,0
DA:136,0
DA:137,0
DA:138,0
DA:144,0
DA:145,0
DA:146,0
DA:149,0
DA:170,0
LF:44
LH:0
BRDA:68,0,0,0
BRDA:68,0,1,0
BRDA:79,1,0,0
BRDA:79,1,1,0
BRDA:83,2,0,0
BRDA:83,2,1,0
BRDA:87,3,0,0
BRDA:87,3,1,0
BRDA:96,4,0,0
BRDA:96,4,1,0
BRDA:97,5,0,0
BRDA:97,5,1,0
BRDA:107,6,0,0
BRDA:107,6,1,0
BRDA:145,7,0,0
BRDA:145,7,1,0
BRDA:168,8,0,0
BRDA:168,8,1,0
BRDA:175,9,0,0
BRDA:175,9,1,0
BRDA:175,9,2,0
BRDA:185,10,0,0
BRDA:185,10,1,0
BRDA:185,10,2,0
BRF:24
BRH:0
end_of_record
TN:
SF:src/components/Categories/CategoryImport/CategoryImportPreview.tsx
FN:43,(anonymous_0)
FN:52,(anonymous_1)
FN:60,(anonymous_2)
FN:69,(anonymous_3)
FN:77,(anonymous_4)
FN:109,(anonymous_5)
FN:131,(anonymous_6)
FN:139,(anonymous_7)
FN:146,(anonymous_8)
FN:150,(anonymous_9)
FNF:10
FNH:0
FNDA:0,(anonymous_0)
FNDA:0,(anonymous_1)
FNDA:0,(anonymous_2)
FNDA:0,(anonymous_3)
FNDA:0,(anonymous_4)
FNDA:0,(anonymous_5)
FNDA:0,(anonymous_6)
FNDA:0,(anonymous_7)
FNDA:0,(anonymous_8)
FNDA:0,(anonymous_9)
DA:24,0
DA:43,0
DA:52,0
DA:53,0
DA:60,0
DA:63,0
DA:69,0
DA:70,0
DA:71,0
DA:77,0
DA:78,0
DA:79,0
DA:82,0
DA:83,0
DA:90,0
DA:96,0
DA:109,0
DA:131,0
DA:139,0
DA:147,0
DA:148,0
DA:151,0
DA:162,0
DA:164,0
DA:166,0
LF:25
LH:0
BRDA:78,0,0,0
BRDA:78,0,1,0
BRDA:78,1,0,0
BRDA:78,1,1,0
BRDA:82,2,0,0
BRDA:82,2,1,0
BRDA:131,3,0,0
BRDA:131,3,1,0
BRDA:139,4,0,0
BRDA:139,4,1,0
BRDA:147,5,0,0
BRDA:147,5,1,0
BRDA:164,6,0,0
BRDA:164,6,1,0
BRDA:196,7,0,0
BRDA:196,7,1,0
BRDA:205,8,0,0
BRDA:205,8,1,0
BRDA:205,8,2,0
BRDA:214,9,0,0
BRDA:214,9,1,0
BRDA:214,9,2,0
BRDA:224,10,0,0
BRDA:224,10,1,0
BRDA:262,11,0,0
BRDA:262,11,1,0
BRDA:264,12,0,0
BRDA:264,12,1,0
BRF:28
BRH:0
end_of_record
TN:
SF:src/components/Categories/CategoryImport/CategoryImportSummary.tsx
FN:34,(anonymous_0)
FN:41,(anonymous_1)
FN:52,(anonymous_2)
FN:85,(anonymous_3)
FN:98,(anonymous_4)
FN:113,(anonymous_5)
FN:206,(anonymous_6)
FNF:7
FNH:0
FNDA:0,(anonymous_0)
FNDA:0,(anonymous_1)
FNDA:0,(anonymous_2)
FNDA:0,(anonymous_3)
FNDA:0,(anonymous_4)
FNDA:0,(anonymous_5)
FNDA:0,(anonymous_6)
DA:34,0
DA:41,0
DA:42,0
DA:43,0
DA:47,0
DA:50,0
DA:52,0
DA:60,0
DA:63,0
DA:71,0
DA:74,0
DA:75,0
DA:79,0
DA:85,0
DA:86,0
DA:87,0
DA:89,0
DA:90,0
DA:92,0
DA:98,0
DA:99,0
DA:101,0
DA:102,0
DA:104,0
DA:105,0
DA:107,0
DA:113,0
DA:114,0
DA:116,0
DA:117,0
DA:119,0
DA:120,0
DA:122,0
DA:125,0
DA:126,0
DA:128,0
DA:207,0
LF:37
LH:0
BRDA:42,0,0,0
BRDA:42,0,1,0
BRDA:42,1,0,0
BRDA:42,1,1,0
BRDA:54,2,0,0
BRDA:54,2,1,0
BRDA:55,3,0,0
BRDA:55,3,1,0
BRDA:86,4,0,0
BRDA:86,4,1,0
BRDA:86,5,0,0
BRDA:86,5,1,0
BRDA:89,6,0,0
BRDA:89,6,1,0
BRDA:101,7,0,0
BRDA:101,7,1,0
BRDA:104,8,0,0
BRDA:104,8,1,0
BRDA:116,9,0,0
BRDA:116,9,1,0
BRDA:119,10,0,0
BRDA:119,10,1,0
BRDA:187,11,0,0
BRDA:187,11,1,0
BRDA:187,11,2,0
BRDA:187,11,3,0
BRDA:218,12,0,0
BRDA:218,12,1,0
BRDA:219,13,0,0
BRDA:219,13,1,0
BRDA:227,14,0,0
BRDA:227,14,1,0
BRF:32
BRH:0
end_of_record
TN:
SF:src/components/Categories/CategoryImport/CategoryImportUpload.tsx
FN:33,(anonymous_0)
FN:43,(anonymous_1)
FN:82,(anonymous_2)
FN:96,(anonymous_3)
FN:98,(anonymous_4)
FN:108,(anonymous_5)
FN:170,(anonymous_6)
FNF:7
FNH:0
FNDA:0,(anonymous_0)
FNDA:0,(anonymous_1)
FNDA:0,(anonymous_2)
FNDA:0,(anonymous_3)
FNDA:0,(anonymous_4)
FNDA:0,(anonymous_5)
FNDA:0,(anonymous_6)
DA:17,0
DA:33,0
DA:36,0
DA:37,0
DA:42,0
DA:44,0
DA:45,0
DA:46,0
DA:48,0
DA:50,0
DA:53,0
DA:56,0
DA:60,0
DA:63,0
DA:72,0
DA:82,0
DA:83,0
DA:84,0
DA:85,0
DA:87,0
DA:88,0
DA:95,0
DA:98,0
DA:99,0
DA:108,0
DA:110,0
DA:111,0
DA:112,0
DA:116,0
DA:117,0
DA:118,0
DA:119,0
DA:122,0
DA:125,0
DA:170,0
LF:35
LH:0
BRDA:44,0,0,0
BRDA:44,0,1,0
BRDA:44,1,0,0
BRDA:44,1,1,0
BRDA:56,2,0,0
BRDA:56,2,1,0
BRDA:110,3,0,0
BRDA:110,3,1,0
BRDA:117,4,0,0
BRDA:117,4,1,0
BRDA:154,5,0,0
BRDA:154,5,1,0
BRDA:164,6,0,0
BRDA:164,6,1,0
BRDA:190,7,0,0
BRDA:190,7,1,0
BRF:16
BRH:0
end_of_record
TN:
SF:src/components/ErrorBoundary/EnterpriseErrorBoundary.tsx
FN:83,(anonymous_0)
FN:107,(anonymous_1)
FN:109,(anonymous_2)
FN:111,(anonymous_3)
FN:127,(anonymous_4)
FN:138,(anonymous_5)
FN:237,(anonymous_6)
FN:250,(anonymous_7)
FN:275,(anonymous_8)
FN:307,(anonymous_9)
FN:321,(anonymous_10)
FN:331,(anonymous_11)
FN:332,(anonymous_12)
FN:336,(anonymous_13)
FN:350,(anonymous_14)
FN:351,(anonymous_15)
FNF:16
FNH:0
FNDA:0,(anonymous_0)
FNDA:0,(anonymous_1)
FNDA:0,(anonymous_2)
FNDA:0,(anonymous_3)
FNDA:0,(anonymous_4)
FNDA:0,(anonymous_5)
FNDA:0,(anonymous_6)
FNDA:0,(anonymous_7)
FNDA:0,(anonymous_8)
FNDA:0,(anonymous_9)
FNDA:0,(anonymous_10)
FNDA:0,(anonymous_11)
FNDA:0,(anonymous_12)
FNDA:0,(anonymous_13)
FNDA:0,(anonymous_14)
FNDA:0,(anonymous_15)
DA:81,0
DA:84,0
DA:86,0
DA:97,0
DA:98,0
DA:99,0
DA:100,0
DA:101,0
DA:102,0
DA:104,0
DA:108,0
DA:109,0
DA:110,0
DA:111,0
DA:112,0
DA:113,0
DA:123,0
DA:128,0
DA:129,0
DA:131,0
DA:139,0
DA:141,0
DA:142,0
DA:154,0
DA:161,0
DA:166,0
DA:171,0
DA:172,0
DA:180,0
DA:200,0
DA:201,0
DA:204,0
DA:211,0
DA:212,0
DA:219,0
DA:221,0
DA:233,0
DA:241,0
DA:242,0
DA:243,0
DA:244,0
DA:245,0
DA:247,0
DA:251,0
DA:252,0
DA:253,0
DA:254,0
DA:257,0
DA:258,0
DA:260,0
DA:261,0
DA:262,0
DA:265,0
DA:266,0
DA:267,0
DA:268,0
DA:272,0
DA:276,0
DA:277,0
DA:279,0
DA:285,0
DA:288,0
DA:293,0
DA:296,0
DA:299,0
DA:302,0
DA:303,0
DA:308,0
DA:310,0
DA:316,0
DA:317,0
DA:322,0
DA:324,0
DA:332,0
DA:333,0
DA:337,0
DA:338,0
DA:339,0
DA:342,0
DA:350,0
DA:351,0
DA:359,0
LF:82
LH:0
BRDA:98,0,0,0
BRDA:98,0,1,0
BRDA:108,1,0,0
BRDA:108,1,1,0
BRDA:112,2,0,0
BRDA:112,2,1,0
BRDA:112,3,0,0
BRDA:112,3,1,0
BRDA:171,4,0,0
BRDA:171,4,1,0
BRDA:200,5,0,0
BRDA:200,5,1,0
BRDA:200,6,0,0
BRDA:200,6,1,0
BRDA:241,7,0,0
BRDA:241,7,1,0
BRDA:242,8,0,0
BRDA:242,8,1,0
BRDA:243,9,0,0
BRDA:243,9,1,0
BRDA:244,10,0,0
BRDA:244,10,1,0
BRDA:245,11,0,0
BRDA:245,11,1,0
BRDA:252,12,0,0
BRDA:252,12,1,0
BRDA:252,13,0,0
BRDA:252,13,1,0
BRDA:261,14,0,0
BRDA:261,14,1,0
BRDA:261,15,0,0
BRDA:261,15,1,0
BRDA:266,16,0,0
BRDA:266,16,1,0
BRDA:277,17,0,0
BRDA:277,17,1,0
BRDA:277,17,2,0
BRDA:277,17,3,0
BRDA:277,17,4,0
BRDA:277,17,5,0
BRDA:281,18,0,0
BRDA:281,18,1,0
BRDA:316,19,0,0
BRDA:316,19,1,0
BRDA:337,20,0,0
BRDA:337,20,1,0
BRDA:338,21,0,0
BRDA:338,21,1,0
BRDA:338,22,0,0
BRDA:338,22,1,0
BRF:50
BRH:0
end_of_record
TN:
SF:src/components/ErrorBoundary/ErrorFallbackRenderer.tsx
FN:17,(anonymous_0)
FN:40,(anonymous_1)
FN:42,(anonymous_2)
FN:57,(anonymous_3)
FN:74,(anonymous_4)
FN:95,(anonymous_5)
FN:111,(anonymous_6)
FN:142,(anonymous_7)
FN:144,(anonymous_8)
FN:149,(anonymous_9)
FN:152,(anonymous_10)
FN:158,(anonymous_11)
FN:179,(anonymous_12)
FN:182,(anonymous_13)
FN:189,(anonymous_14)
FN:201,(anonymous_15)
FN:213,(anonymous_16)
FN:216,(anonymous_17)
FN:269,(anonymous_18)
FN:280,(anonymous_19)
FN:284,(anonymous_20)
FN:301,(anonymous_21)
FN:312,(anonymous_22)
FN:323,(anonymous_23)
FN:336,(anonymous_24)
FNF:25
FNH:0
FNDA:0,(anonymous_0)
FNDA:0,(anonymous_1)
FNDA:0,(anonymous_2)
FNDA:0,(anonymous_3)
FNDA:0,(anonymous_4)
FNDA:0,(anonymous_5)
FNDA:0,(anonymous_6)
FNDA:0,(anonymous_7)
FNDA:0,(anonymous_8)
FNDA:0,(anonymous_9)
FNDA:0,(anonymous_10)
FNDA:0,(anonymous_11)
FNDA:0,(anonymous_12)
FNDA:0,(anonymous_13)
FNDA:0,(anonymous_14)
FNDA:0,(anonymous_15)
FNDA:0,(anonymous_16)
FNDA:0,(anonymous_17)
FNDA:0,(anonymous_18)
FNDA:0,(anonymous_19)
FNDA:0,(anonymous_20)
FNDA:0,(anonymous_21)
FNDA:0,(anonymous_22)
FNDA:0,(anonymous_23)
FNDA:0,(anonymous_24)
DA:17,0
DA:27,0
DA:28,0
DA:29,0
DA:37,0
DA:38,0
DA:40,0
DA:42,0
DA:43,0
DA:47,0
DA:48,0
DA:49,0
DA:50,0
DA:51,0
DA:52,0
DA:53,0
DA:57,0
DA:58,0
DA:60,0
DA:62,0
DA:64,0
DA:66,0
DA:68,0
DA:70,0
DA:74,0
DA:75,0
DA:76,0
DA:79,0
DA:81,0
DA:83,0
DA:85,0
DA:87,0
DA:89,0
DA:91,0
DA:95,0
DA:96,0
DA:97,0
DA:100,0
DA:108,0
DA:111,0
DA:112,0
DA:114,0
DA:115,0
DA:118,0
DA:120,0
DA:121,0
DA:122,0
DA:124,0
DA:125,0
DA:126,0
DA:128,0
DA:129,0
DA:130,0
DA:132,0
DA:133,0
DA:134,0
DA:137,0
DA:139,0
DA:142,0
DA:143,0
DA:144,0
DA:145,0
DA:149,0
DA:150,0
DA:151,0
DA:152,0
DA:153,0
DA:154,0
DA:158,0
DA:159,0
DA:179,0
DA:182,0
DA:189,0
DA:190,0
DA:202,0
DA:213,0
DA:216,0
DA:269,0
DA:281,0
DA:284,0
DA:301,0
DA:312,0
DA:323,0
DA:336,0
DA:357,0
LF:85
LH:0
BRDA:47,0,0,0
BRDA:47,0,1,0
BRDA:58,1,0,0
BRDA:58,1,1,0
BRDA:60,2,0,0
BRDA:60,2,1,0
BRDA:60,2,2,0
BRDA:60,2,3,0
BRDA:60,2,4,0
BRDA:75,3,0,0
BRDA:75,3,1,0
BRDA:79,4,0,0
BRDA:79,4,1,0
BRDA:79,4,2,0
BRDA:79,4,3,0
BRDA:79,4,4,0
BRDA:79,4,5,0
BRDA:96,5,0,0
BRDA:96,5,1,0
BRDA:108,6,0,0
BRDA:108,6,1,0
BRDA:108,7,0,0
BRDA:108,7,1,0
BRDA:114,8,0,0
BRDA:114,8,1,0
BRDA:118,9,0,0
BRDA:118,9,1,0
BRDA:118,9,2,0
BRDA:118,9,3,0
BRDA:208,10,0,0
BRDA:208,10,1,0
BRDA:217,11,0,0
BRDA:217,11,1,0
BRDA:221,12,0,0
BRDA:221,12,1,0
BRDA:229,13,0,0
BRDA:229,13,1,0
BRDA:245,14,0,0
BRDA:245,14,1,0
BRDA:259,15,0,0
BRDA:259,15,1,0
BRDA:259,15,2,0
BRDA:270,16,0,0
BRDA:270,16,1,0
BRDA:274,17,0,0
BRDA:274,17,1,0
BRDA:274,17,2,0
BRDA:283,18,0,0
BRDA:283,18,1,0
BRDA:286,19,0,0
BRDA:286,19,1,0
BRDA:287,20,0,0
BRDA:287,20,1,0
BRDA:288,21,0,0
BRDA:288,21,1,0
BRDA:289,22,0,0
BRDA:289,22,1,0
BRDA:329,23,0,0
BRDA:329,23,1,0
BRDA:348,24,0,0
BRDA:348,24,1,0
BRDA:358,25,0,0
BRDA:358,25,1,0
BRDA:360,26,0,0
BRDA:360,26,1,0
BRF:65
BRH:0
end_of_record
TN:
SF:src/components/ErrorBoundary/GlobalErrorBoundary.tsx
FN:33,(anonymous_0)
FN:45,(anonymous_1)
FN:56,(anonymous_2)
FN:98,(anonymous_3)
FN:100,(anonymous_4)
FN:104,(anonymous_5)
FN:133,(anonymous_6)
FN:139,(anonymous_7)
FN:143,(anonymous_8)
FN:151,(anonymous_9)
FN:152,(anonymous_10)
FN:153,(anonymous_11)
FN:162,(anonymous_12)
FN:171,(anonymous_13)
FN:175,(anonymous_14)
FN:192,(anonymous_15)
FNF:16
FNH:0
FNDA:0,(anonymous_0)
FNDA:0,(anonymous_1)
FNDA:0,(anonymous_2)
FNDA:0,(anonymous_3)
FNDA:0,(anonymous_4)
FNDA:0,(anonymous_5)
FNDA:0,(anonymous_6)
FNDA:0,(anonymous_7)
FNDA:0,(anonymous_8)
FNDA:0,(anonymous_9)
FNDA:0,(anonymous_10)
FNDA:0,(anonymous_11)
FNDA:0,(anonymous_12)
FNDA:0,(anonymous_13)
FNDA:0,(anonymous_14)
FNDA:0,(anonymous_15)
DA:29,0
DA:30,0
DA:31,0
DA:34,0
DA:35,0
DA:46,0
DA:48,0
DA:57,0
DA:58,0
DA:61,0
DA:62,0
DA:65,0
DA:66,0
DA:72,0
DA:90,0
DA:91,0
DA:95,0
DA:100,0
DA:101,0
DA:106,0
DA:107,0
DA:111,0
DA:112,0
DA:116,0
DA:117,0
DA:121,0
DA:122,0
DA:126,0
DA:127,0
DA:130,0
DA:134,0
DA:135,0
DA:136,0
DA:141,0
DA:143,0
DA:144,0
DA:145,0
DA:148,0
DA:152,0
DA:153,0
DA:156,0
DA:159,0
DA:162,0
DA:163,0
DA:171,0
DA:172,0
DA:175,0
DA:176,0
DA:179,0
DA:189,0
DA:193,0
DA:194,0
DA:196,0
DA:198,0
DA:199,0
DA:203,0
DA:204,0
DA:205,0
DA:207,0
DA:223,0
LF:60
LH:0
BRDA:58,0,0,0
BRDA:90,1,0,0
BRDA:90,1,1,0
BRDA:90,2,0,0
BRDA:90,2,1,0
BRDA:106,3,0,0
BRDA:106,3,1,0
BRDA:106,4,0,0
BRDA:106,4,1,0
BRDA:111,5,0,0
BRDA:111,5,1,0
BRDA:111,6,0,0
BRDA:111,6,1,0
BRDA:116,7,0,0
BRDA:116,7,1,0
BRDA:116,8,0,0
BRDA:116,8,1,0
BRDA:121,9,0,0
BRDA:121,9,1,0
BRDA:121,10,0,0
BRDA:121,10,1,0
BRDA:126,11,0,0
BRDA:126,11,1,0
BRDA:154,12,0,0
BRDA:154,12,1,0
BRDA:194,13,0,0
BRDA:196,14,0,0
BRDA:196,14,1,0
BRDA:198,15,0,0
BRDA:198,15,1,0
BRDA:204,16,0,0
BRDA:204,16,1,0
BRDA:205,17,0,0
BRDA:205,17,1,0
BRF:34
BRH:0
end_of_record
TN:
SF:src/components/HealthCheck/HealthCheck.tsx
FN:41,(anonymous_0)
FN:45,(anonymous_1)
FN:51,(anonymous_2)
FN:56,(anonymous_3)
FN:93,(anonymous_4)
FN:108,(anonymous_5)
FN:110,(anonymous_6)
FN:134,(anonymous_7)
FN:144,(anonymous_8)
FN:145,(anonymous_9)
FN:159,(anonymous_10)
FN:166,(anonymous_11)
FN:170,(anonymous_12)
FN:183,(anonymous_13)
FN:215,(anonymous_14)
FN:272,(anonymous_15)
FN:274,(anonymous_16)
FN:284,(anonymous_17)
FN:320,(anonymous_18)
FNF:19
FNH:0
FNDA:0,(anonymous_0)
FNDA:0,(anonymous_1)
FNDA:0,(anonymous_2)
FNDA:0,(anonymous_3)
FNDA:0,(anonymous_4)
FNDA:0,(anonymous_5)
FNDA:0,(anonymous_6)
FNDA:0,(anonymous_7)
FNDA:0,(anonymous_8)
FNDA:0,(anonymous_9)
FNDA:0,(anonymous_10)
FNDA:0,(anonymous_11)
FNDA:0,(anonymous_12)
FNDA:0,(anonymous_13)
FNDA:0,(anonymous_14)
FNDA:0,(anonymous_15)
FNDA:0,(anonymous_16)
FNDA:0,(anonymous_17)
FNDA:0,(anonymous_18)
DA:6,0
DA:7,0
DA:32,0
DA:41,0
DA:42,0
DA:45,0
DA:47,0
DA:48,0
DA:49,0
DA:51,0
DA:52,0
DA:53,0
DA:55,0
DA:56,0
DA:58,0
DA:66,0
DA:68,0
DA:70,0
DA:71,0
DA:77,0
DA:85,0
DA:93,0
DA:94,0
DA:95,0
DA:98,0
DA:99,0
DA:103,0
DA:104,0
DA:107,0
DA:108,0
DA:110,0
DA:120,0
DA:124,0
DA:125,0
DA:127,0
DA:128,0
DA:129,0
DA:130,0
DA:131,0
DA:134,0
DA:144,0
DA:145,0
DA:147,0
DA:149,0
DA:156,0
DA:159,0
DA:161,0
DA:164,0
DA:165,0
DA:166,0
DA:170,0
DA:171,0
DA:173,0
DA:175,0
DA:177,0
DA:179,0
DA:183,0
DA:184,0
DA:186,0
DA:188,0
DA:190,0
DA:192,0
DA:196,0
DA:215,0
DA:272,0
DA:274,0
DA:285,0
DA:321,0
LF:68
LH:0
BRDA:70,0,0,0
BRDA:70,0,1,0
BRDA:70,1,0,0
BRDA:70,1,1,0
BRDA:73,2,0,0
BRDA:73,2,1,0
BRDA:88,3,0,0
BRDA:88,3,1,0
BRDA:103,4,0,0
BRDA:103,4,1,0
BRDA:107,5,0,0
BRDA:107,5,1,0
BRDA:144,6,0,0
BRDA:144,6,1,0
BRDA:147,7,0,0
BRDA:147,7,1,0
BRDA:147,8,0,0
BRDA:147,8,1,0
BRDA:164,9,0,0
BRDA:164,9,1,0
BRDA:171,10,0,0
BRDA:171,10,1,0
BRDA:171,10,2,0
BRDA:171,10,3,0
BRDA:184,11,0,0
BRDA:184,11,1,0
BRDA:184,11,2,0
BRDA:184,11,3,0
BRDA:214,12,0,0
BRDA:214,12,1,0
BRDA:217,13,0,0
BRDA:217,13,1,0
BRDA:223,14,0,0
BRDA:223,14,1,0
BRDA:232,15,0,0
BRDA:232,15,1,0
BRDA:241,16,0,0
BRDA:241,16,1,0
BRDA:252,17,0,0
BRDA:252,17,1,0
BRDA:265,18,0,0
BRDA:265,18,1,0
BRDA:272,19,0,0
BRDA:272,19,1,0
BRDA:274,20,0,0
BRDA:274,20,1,0
BRDA:292,21,0,0
BRDA:292,21,1,0
BRDA:295,22,0,0
BRDA:295,22,1,0
BRDA:327,23,0,0
BRDA:327,23,1,0
BRDA:330,24,0,0
BRDA:330,24,1,0
BRDA:333,25,0,0
BRDA:333,25,1,0
BRDA:345,26,0,0
BRDA:345,26,1,0
BRF:58
BRH:0
end_of_record
TN:
SF:src/components/HealthCheck/index.js
FNF:0
FNH:0
LF:0
LH:0
BRF:0
BRH:0
end_of_record
TN:
SF:src/components/ImageUpload/DropZone.tsx
FN:10,(anonymous_0)
FN:18,(anonymous_1)
FN:27,(anonymous_2)
FN:33,(anonymous_3)
FN:38,(anonymous_4)
FN:58,(anonymous_5)
FNF:6
FNH:0
FNDA:0,(anonymous_0)
FNDA:0,(anonymous_1)
FNDA:0,(anonymous_2)
FNDA:0,(anonymous_3)
FNDA:0,(anonymous_4)
FNDA:0,(anonymous_5)
DA:10,0
DA:15,0
DA:16,0
DA:18,0
DA:19,0
DA:20,0
DA:21,0
DA:22,0
DA:23,0
DA:27,0
DA:28,0
DA:29,0
DA:30,0
DA:33,0
DA:34,0
DA:35,0
DA:38,0
DA:39,0
DA:40,0
DA:41,0
DA:43,0
DA:45,0
DA:47,0
DA:48,0
DA:49,0
DA:52,0
DA:53,0
DA:54,0
DA:58,0
DA:60,0
DA:61,0
DA:62,0
DA:66,0
DA:67,0
DA:70,0
LF:35
LH:0
BRDA:12,0,0,0
BRDA:13,1,0,0
BRDA:21,2,0,0
BRDA:21,2,1,0
BRDA:43,3,0,0
BRDA:43,3,1,0
BRDA:47,4,0,0
BRDA:47,4,1,0
BRDA:52,5,0,0
BRDA:52,5,1,0
BRDA:60,6,0,0
BRDA:60,6,1,0
BRDA:72,7,0,0
BRDA:72,7,1,0
BRDA:72,8,0,0
BRDA:72,8,1,0
BRDA:102,9,0,0
BRDA:102,9,1,0
BRDA:107,10,0,0
BRDA:107,10,1,0
BRF:20
BRH:0
end_of_record
TN:
SF:src/components/ImageUpload/FileValidator.ts
FN:19,(anonymous_0)
FN:46,(anonymous_1)
FN:47,(anonymous_2)
FN:51,(anonymous_3)
FN:69,(anonymous_4)
FN:81,(anonymous_5)
FNF:6
FNH:0
FNDA:0,(anonymous_0)
FNDA:0,(anonymous_1)
FNDA:0,(anonymous_2)
FNDA:0,(anonymous_3)
FNDA:0,(anonymous_4)
FNDA:0,(anonymous_5)
DA:7,0
DA:8,0
DA:9,0
DA:10,0
DA:21,0
DA:22,0
DA:28,0
DA:29,0
DA:36,0
DA:37,0
DA:43,0
DA:47,0
DA:48,0
DA:49,0
DA:51,0
DA:52,0
DA:54,0
DA:55,0
DA:59,0
DA:60,0
DA:65,0
DA:69,0
DA:70,0
DA:71,0
DA:77,0
DA:82,0
DA:84,0
DA:85,0
DA:86,0
DA:87,0
DA:88,0
DA:91,0
DA:92,0
DA:95,0
LF:34
LH:0
BRDA:21,0,0,0
BRDA:21,0,1,0
BRDA:28,1,0,0
BRDA:28,1,1,0
BRDA:36,2,0,0
BRDA:36,2,1,0
BRDA:54,3,0,0
BRDA:54,3,1,0
BRDA:54,4,0,0
BRDA:54,4,1,0
BRDA:59,5,0,0
BRDA:59,5,1,0
BRDA:59,6,0,0
BRDA:59,6,1,0
BRDA:86,7,0,0
BRDA:86,7,1,0
BRF:16
BRH:0
end_of_record
TN:
SF:src/components/ImageUpload/FileValidator.tsx
FN:20,(anonymous_0)
FN:44,(anonymous_1)
FN:45,(anonymous_2)
FN:49,(anonymous_3)
FN:67,(anonymous_4)
FN:79,(anonymous_5)
FNF:6
FNH:0
FNDA:0,(anonymous_0)
FNDA:0,(anonymous_1)
FNDA:0,(anonymous_2)
FNDA:0,(anonymous_3)
FNDA:0,(anonymous_4)
FNDA:0,(anonymous_5)
DA:7,0
DA:16,0
DA:17,0
DA:18,0
DA:22,0
DA:23,0
DA:30,0
DA:31,0
DA:32,0
DA:41,0
DA:45,0
DA:46,0
DA:47,0
DA:49,0
DA:50,0
DA:52,0
DA:53,0
DA:57,0
DA:58,0
DA:63,0
DA:67,0
DA:68,0
DA:69,0
DA:75,0
DA:80,0
LF:25
LH:0
BRDA:22,0,0,0
BRDA:22,0,1,0
BRDA:30,1,0,0
BRDA:30,1,1,0
BRDA:52,2,0,0
BRDA:52,2,1,0
BRDA:52,3,0,0
BRDA:52,3,1,0
BRDA:57,4,0,0
BRDA:57,4,1,0
BRDA:57,5,0,0
BRDA:57,5,1,0
BRDA:80,6,0,0
BRDA:80,6,1,0
BRF:14
BRH:0
end_of_record
TN:
SF:src/components/ImageUpload/ImagePreview.tsx
FN:9,(anonymous_0)
FNF:1
FNH:0
FNDA:0,(anonymous_0)
DA:9,0
DA:10,0
LF:2
LH:0
BRF:0
BRH:0
end_of_record
TN:
SF:src/components/ImageUpload/ImageUpload.tsx
FN:21,(anonymous_0)
FN:32,(anonymous_1)
FN:37,(anonymous_2)
FN:66,(anonymous_3)
FN:72,(anonymous_4)
FN:76,(anonymous_5)
FN:91,(anonymous_6)
FN:92,(anonymous_7)
FN:97,(anonymous_8)
FN:98,(anonymous_9)
FN:109,(anonymous_10)
FN:110,(anonymous_11)
FN:117,(anonymous_12)
FN:121,(anonymous_13)
FN:135,(anonymous_14)
FN:137,(anonymous_15)
FN:146,(anonymous_16)
FN:156,(anonymous_17)
FNF:18
FNH:0
FNDA:0,(anonymous_0)
FNDA:0,(anonymous_1)
FNDA:0,(anonymous_2)
FNDA:0,(anonymous_3)
FNDA:0,(anonymous_4)
FNDA:0,(anonymous_5)
FNDA:0,(anonymous_6)
FNDA:0,(anonymous_7)
FNDA:0,(anonymous_8)
FNDA:0,(anonymous_9)
FNDA:0,(anonymous_10)
FNDA:0,(anonymous_11)
FNDA:0,(anonymous_12)
FNDA:0,(anonymous_13)
FNDA:0,(anonymous_14)
FNDA:0,(anonymous_15)
FNDA:0,(anonymous_16)
FNDA:0,(anonymous_17)
DA:21,0
DA:22,0
DA:23,0
DA:24,0
DA:25,0
DA:26,0
DA:27,0
DA:28,0
DA:30,0
DA:32,0
DA:33,0
DA:34,0
DA:37,0
DA:38,0
DA:39,0
DA:40,0
DA:44,0
DA:45,0
DA:46,0
DA:47,0
DA:51,0
DA:52,0
DA:53,0
DA:54,0
DA:55,0
DA:58,0
DA:59,0
DA:62,0
DA:65,0
DA:66,0
DA:67,0
DA:69,0
DA:72,0
DA:73,0
DA:76,0
DA:77,0
DA:78,0
DA:79,0
DA:82,0
DA:91,0
DA:92,0
DA:94,0
DA:95,0
DA:97,0
DA:98,0
DA:99,0
DA:106,0
DA:107,0
DA:109,0
DA:110,0
DA:111,0
DA:117,0
DA:121,0
DA:122,0
DA:123,0
DA:125,0
DA:126,0
DA:127,0
DA:128,0
DA:129,0
DA:135,0
DA:136,0
DA:137,0
DA:138,0
DA:142,0
DA:146,0
DA:156,0
LF:67
LH:0
BRDA:32,0,0,0
BRDA:38,1,0,0
BRDA:38,1,1,0
BRDA:45,2,0,0
BRDA:45,2,1,0
BRDA:46,3,0,0
BRDA:46,3,1,0
BRDA:53,4,0,0
BRDA:53,4,1,0
BRDA:54,5,0,0
BRDA:54,5,1,0
BRDA:73,6,0,0
BRDA:73,6,1,0
BRDA:77,7,0,0
BRDA:77,7,1,0
BRDA:99,8,0,0
BRDA:99,8,1,0
BRDA:111,9,0,0
BRDA:111,9,1,0
BRDA:123,10,0,0
BRDA:123,10,1,0
BRDA:126,11,0,0
BRDA:126,11,1,0
BRDA:128,12,0,0
BRDA:128,12,1,0
BRDA:156,13,0,0
BRDA:156,13,1,0
BRDA:162,14,0,0
BRDA:162,14,1,0
BRDA:168,15,0,0
BRDA:168,15,1,0
BRDA:168,15,2,0
BRDA:176,16,0,0
BRDA:176,16,1,0
BRDA:176,16,2,0
BRDA:186,17,0,0
BRDA:186,17,1,0
BRDA:190,18,0,0
BRDA:190,18,1,0
BRDA:196,19,0,0
BRDA:196,19,1,0
BRF:41
BRH:0
end_of_record
TN:
SF:src/components/ImageUpload/UploadHistory.tsx
FN:9,(anonymous_0)
FN:10,(anonymous_1)
FN:23,(anonymous_2)
FN:27,(anonymous_3)
FN:36,(anonymous_4)
FNF:5
FNH:0
FNDA:0,(anonymous_0)
FNDA:0,(anonymous_1)
FNDA:0,(anonymous_2)
FNDA:0,(anonymous_3)
FNDA:0,(anonymous_4)
DA:9,0
DA:10,0
DA:11,0
DA:13,0
DA:15,0
DA:17,0
DA:19,0
DA:23,0
DA:24,0
DA:27,0
DA:28,0
DA:31,0
DA:37,0
LF:13
LH:0
BRDA:11,0,0,0
BRDA:11,0,1,0
BRDA:11,0,2,0
BRDA:11,0,3,0
BRDA:38,1,0,0
BRDA:38,1,1,0
BRDA:49,2,0,0
BRDA:49,2,1,0
BRDA:59,3,0,0
BRDA:59,3,1,0
BRF:10
BRH:0
end_of_record
TN:
SF:src/components/ImageUpload/UploadProgress.tsx
FN:8,(anonymous_0)
FN:12,(anonymous_1)
FNF:2
FNH:0
FNDA:0,(anonymous_0)
FNDA:0,(anonymous_1)
DA:8,0
DA:9,0
DA:10,0
DA:12,0
DA:13,0
DA:14,0
DA:15,0
DA:16,0
DA:18,0
DA:19,0
DA:20,0
DA:21,0
DA:23,0
DA:25,0
DA:26,0
DA:30,0
LF:16
LH:0
BRDA:13,0,0,0
BRDA:13,0,1,0
BRDA:13,1,0,0
BRDA:13,1,1,0
BRDA:18,2,0,0
BRDA:18,2,1,0
BRDA:20,3,0,0
BRDA:20,3,1,0
BRDA:25,4,0,0
BRDA:25,4,1,0
BRDA:47,5,0,0
BRDA:47,5,1,0
BRF:12
BRH:0
end_of_record
TN:
SF:src/components/ImageUpload/hooks/useFileUpload.ts
FN:18,(anonymous_0)
FN:24,(anonymous_1)
FN:31,(anonymous_2)
FN:32,(anonymous_3)
FN:45,(anonymous_4)
FN:60,(anonymous_5)
FN:91,(anonymous_6)
FN:98,(anonymous_7)
FNF:8
FNH:0
FNDA:0,(anonymous_0)
FNDA:0,(anonymous_1)
FNDA:0,(anonymous_2)
FNDA:0,(anonymous_3)
FNDA:0,(anonymous_4)
FNDA:0,(anonymous_5)
FNDA:0,(anonymous_6)
FNDA:0,(anonymous_7)
DA:18,0
DA:19,0
DA:20,0
DA:21,0
DA:22,0
DA:24,0
DA:25,0
DA:26,0
DA:27,0
DA:28,0
DA:31,0
DA:32,0
DA:33,0
DA:34,0
DA:35,0
DA:37,0
DA:38,0
DA:39,0
DA:41,0
DA:42,0
DA:45,0
DA:46,0
DA:47,0
DA:48,0
DA:51,0
DA:52,0
DA:53,0
DA:54,0
DA:55,0
DA:60,0
DA:61,0
DA:62,0
DA:63,0
DA:64,0
DA:65,0
DA:66,0
DA:71,0
DA:72,0
DA:73,0
DA:75,0
DA:76,0
DA:77,0
DA:78,0
DA:79,0
DA:80,0
DA:81,0
DA:82,0
DA:84,0
DA:85,0
DA:86,0
DA:91,0
DA:92,0
DA:93,0
DA:94,0
DA:98,0
DA:99,0
DA:100,0
DA:101,0
DA:105,0
DA:106,0
DA:107,0
DA:111,0
LF:62
LH:0
BRDA:31,0,0,0
BRDA:46,1,0,0
BRDA:46,1,1,0
BRDA:61,2,0,0
BRDA:61,2,1,0
BRDA:61,3,0,0
BRDA:61,3,1,0
BRDA:67,4,0,0
BRDA:67,4,1,0
BRDA:75,5,0,0
BRDA:75,5,1,0
BRDA:79,6,0,0
BRDA:79,6,1,0
BRF:13
BRH:0
end_of_record
TN:
SF:src/components/ImageUpload/hooks/useImagePreview.ts
FN:3,(anonymous_0)
FN:8,(anonymous_1)
FN:24,(anonymous_2)
FN:29,(anonymous_3)
FN:36,(anonymous_4)
FNF:5
FNH:0
FNDA:0,(anonymous_0)
FNDA:0,(anonymous_1)
FNDA:0,(anonymous_2)
FNDA:0,(anonymous_3)
FNDA:0,(anonymous_4)
DA:3,0
DA:4,0
DA:5,0
DA:6,0
DA:8,0
DA:9,0
DA:10,0
DA:11,0
DA:14,0
DA:15,0
DA:16,0
DA:19,0
DA:20,0
DA:22,0
DA:24,0
DA:25,0
DA:26,0
DA:29,0
DA:30,0
DA:31,0
DA:34,0
DA:36,0
DA:37,0
DA:41,0
LF:24
LH:0
BRDA:9,0,0,0
BRDA:9,0,1,0
BRDA:14,1,0,0
BRDA:14,1,1,0
BRF:4
BRH:0
end_of_record
TN:
SF:src/components/ImageUpload/utils/fileValidation.ts
FN:19,(anonymous_0)
FN:29,(anonymous_1)
FN:40,(anonymous_2)
FN:43,(anonymous_3)
FN:47,(anonymous_4)
FN:65,(anonymous_5)
FN:77,(anonymous_6)
FNF:7
FNH:0
FNDA:0,(anonymous_0)
FNDA:0,(anonymous_1)
FNDA:0,(anonymous_2)
FNDA:0,(anonymous_3)
FNDA:0,(anonymous_4)
FNDA:0,(anonymous_5)
FNDA:0,(anonymous_6)
DA:1,0
DA:10,0
DA:11,0
DA:12,0
DA:19,0
DA:20,0
DA:21,0
DA:26,0
DA:29,0
DA:30,0
DA:31,0
DA:32,0
DA:37,0
DA:40,0
DA:43,0
DA:44,0
DA:45,0
DA:47,0
DA:48,0
DA:50,0
DA:51,0
DA:55,0
DA:56,0
DA:61,0
DA:65,0
DA:66,0
DA:67,0
DA:73,0
DA:77,0
DA:79,0
DA:80,0
DA:83,0
DA:84,0
DA:87,0
DA:88,0
DA:90,0
LF:36
LH:0
BRDA:20,0,0,0
BRDA:20,0,1,0
BRDA:30,1,0,0
BRDA:30,1,1,0
BRDA:50,2,0,0
BRDA:50,2,1,0
BRDA:50,3,0,0
BRDA:50,3,1,0
BRDA:55,4,0,0
BRDA:55,4,1,0
BRDA:55,5,0,0
BRDA:55,5,1,0
BRDA:80,6,0,0
BRDA:80,6,1,0
BRDA:84,7,0,0
BRDA:84,7,1,0
BRDA:88,8,0,0
BRDA:88,8,1,0
BRF:18
BRH:0
end_of_record
TN:
SF:src/components/ImageUpload/utils/imageOptimization.ts
FN:8,(anonymous_0)
FN:24,(anonymous_1)
FN:28,(anonymous_2)
FN:59,(anonymous_3)
FN:79,(anonymous_4)
FN:88,(anonymous_5)
FN:92,(anonymous_6)
FNF:7
FNH:0
FNDA:0,(anonymous_0)
FNDA:0,(anonymous_1)
FNDA:0,(anonymous_2)
FNDA:0,(anonymous_3)
FNDA:0,(anonymous_4)
FNDA:0,(anonymous_5)
FNDA:0,(anonymous_6)
DA:8,0
DA:17,0
DA:20,0
DA:21,0
DA:24,0
DA:25,0
DA:26,0
DA:28,0
DA:29,0
DA:32,0
DA:33,0
DA:34,0
DA:35,0
DA:36,0
DA:37,0
DA:39,0
DA:40,0
DA:45,0
DA:46,0
DA:47,0
DA:49,0
DA:50,0
DA:51,0
DA:52,0
DA:55,0
DA:58,0
DA:60,0
DA:61,0
DA:62,0
DA:66,0
DA:72,0
DA:79,0
DA:80,0
DA:81,0
DA:84,0
DA:88,0
DA:89,0
DA:92,0
DA:97,0
LF:39
LH:0
BRDA:10,0,0,0
BRDA:13,1,0,0
BRDA:14,2,0,0
BRDA:15,3,0,0
BRDA:16,4,0,0
BRDA:20,5,0,0
BRDA:20,5,1,0
BRDA:20,6,0,0
BRDA:20,6,1,0
BRDA:33,7,0,0
BRDA:33,7,1,0
BRDA:33,8,0,0
BRDA:33,8,1,0
BRDA:35,9,0,0
BRDA:35,9,1,0
BRDA:50,10,0,0
BRDA:50,10,1,0
BRDA:60,11,0,0
BRDA:60,11,1,0
BRDA:89,12,0,0
BRDA:89,12,1,0
BRDA:94,13,0,0
BRF:22
BRH:0
end_of_record
TN:
SF:src/components/Layout/Header.tsx
FN:32,(anonymous_0)
FN:45,(anonymous_1)
FN:67,(anonymous_2)
FN:73,(anonymous_3)
FN:95,(anonymous_4)
FN:101,(anonymous_5)
FN:107,(anonymous_6)
FN:113,(anonymous_7)
FN:118,(anonymous_8)
FN:131,(anonymous_9)
FN:136,(anonymous_10)
FN:161,(anonymous_11)
FN:190,(anonymous_12)
FN:193,(anonymous_13)
FNF:14
FNH:0
FNDA:0,(anonymous_0)
FNDA:0,(anonymous_1)
FNDA:0,(anonymous_2)
FNDA:0,(anonymous_3)
FNDA:0,(anonymous_4)
FNDA:0,(anonymous_5)
FNDA:0,(anonymous_6)
FNDA:0,(anonymous_7)
FNDA:0,(anonymous_8)
FNDA:0,(anonymous_9)
FNDA:0,(anonymous_10)
FNDA:0,(anonymous_11)
FNDA:0,(anonymous_12)
FNDA:0,(anonymous_13)
DA:24,0
DA:32,0
DA:33,0
DA:34,0
DA:35,0
DA:38,0
DA:39,0
DA:45,0
DA:46,0
DA:47,0
DA:48,0
DA:49,0
DA:50,0
DA:52,0
DA:53,0
DA:55,0
DA:62,0
DA:67,0
DA:73,0
DA:90,0
DA:95,0
DA:101,0
DA:107,0
DA:113,0
DA:118,0
DA:119,0
DA:120,0
DA:121,0
DA:122,0
DA:123,0
DA:124,0
DA:127,0
DA:131,0
DA:137,0
DA:161,0
DA:190,0
DA:193,0
LF:37
LH:0
BRDA:120,0,0,0
BRDA:120,0,1,0
BRDA:121,1,0,0
BRDA:121,1,1,0
BRDA:122,2,0,0
BRDA:122,2,1,0
BRDA:123,3,0,0
BRDA:123,3,1,0
BRDA:143,4,0,0
BRDA:143,4,1,0
BRDA:154,5,0,0
BRDA:154,5,1,0
BRDA:180,6,0,0
BRDA:180,6,1,0
BRDA:182,7,0,0
BRDA:182,7,1,0
BRF:16
BRH:0
end_of_record
TN:
SF:src/components/ResultsDashboard/ErrorBoundary.tsx
FN:22,(anonymous_0)
FN:32,(anonymous_1)
FN:37,(anonymous_2)
FN:50,(anonymous_3)
FN:67,(anonymous_4)
FN:75,(anonymous_5)
FN:79,(anonymous_6)
FN:169,(anonymous_7)
FN:179,(anonymous_8)
FN:183,(anonymous_9)
FN:195,(anonymous_10)
FNF:11
FNH:0
FNDA:0,(anonymous_0)
FNDA:0,(anonymous_1)
FNDA:0,(anonymous_2)
FNDA:0,(anonymous_3)
FNDA:0,(anonymous_4)
FNDA:0,(anonymous_5)
FNDA:0,(anonymous_6)
FNDA:0,(anonymous_7)
FNDA:0,(anonymous_8)
FNDA:0,(anonymous_9)
FNDA:0,(anonymous_10)
DA:6,0
DA:23,0
DA:24,0
DA:34,0
DA:39,0
DA:45,0
DA:46,0
DA:50,0
DA:56,0
DA:57,0
DA:67,0
DA:68,0
DA:75,0
DA:76,0
DA:80,0
DA:81,0
DA:83,0
DA:85,0
DA:86,0
DA:90,0
DA:163,0
DA:170,0
DA:171,0
DA:180,0
DA:185,0
DA:187,0
DA:196,0
DA:197,0
DA:208,0
LF:29
LH:0
BRDA:39,0,0,0
BRDA:39,0,1,0
BRDA:45,1,0,0
BRDA:45,1,1,0
BRDA:56,2,0,0
BRDA:56,2,1,0
BRDA:83,3,0,0
BRDA:83,3,1,0
BRDA:85,4,0,0
BRDA:85,4,1,0
BRDA:121,5,0,0
BRDA:121,5,1,0
BRDA:121,5,2,0
BRDA:125,6,0,0
BRDA:125,6,1,0
BRDA:132,7,0,0
BRDA:132,7,1,0
BRDA:139,8,0,0
BRDA:139,8,1,0
BRDA:150,9,0,0
BRDA:150,9,1,0
BRDA:185,10,0,0
BRDA:185,10,1,0
BRDA:185,11,0,0
BRDA:185,11,1,0
BRDA:196,12,0,0
BRDA:196,12,1,0
BRF:27
BRH:0
end_of_record
TN:
SF:src/components/ResultsDashboard/ResultsDashboard.tsx
FN:42,(anonymous_0)
FN:76,(anonymous_1)
FN:82,(anonymous_2)
FN:88,(anonymous_3)
FN:96,(anonymous_4)
FN:97,(anonymous_5)
FN:145,(anonymous_6)
FN:150,(anonymous_7)
FN:151,(anonymous_8)
FN:155,(anonymous_9)
FN:164,(anonymous_10)
FN:166,(anonymous_11)
FN:168,(anonymous_12)
FN:174,(anonymous_13)
FN:188,(anonymous_14)
FN:204,(anonymous_15)
FN:205,(anonymous_16)
FN:207,(anonymous_17)
FN:214,(anonymous_18)
FN:216,(anonymous_19)
FN:277,(anonymous_20)
FN:278,(anonymous_21)
FN:306,(anonymous_22)
FN:310,(anonymous_23)
FN:311,(anonymous_24)
FNF:25
FNH:0
FNDA:0,(anonymous_0)
FNDA:0,(anonymous_1)
FNDA:0,(anonymous_2)
FNDA:0,(anonymous_3)
FNDA:0,(anonymous_4)
FNDA:0,(anonymous_5)
FNDA:0,(anonymous_6)
FNDA:0,(anonymous_7)
FNDA:0,(anonymous_8)
FNDA:0,(anonymous_9)
FNDA:0,(anonymous_10)
FNDA:0,(anonymous_11)
FNDA:0,(anonymous_12)
FNDA:0,(anonymous_13)
FNDA:0,(anonymous_14)
FNDA:0,(anonymous_15)
FNDA:0,(anonymous_16)
FNDA:0,(anonymous_17)
FNDA:0,(anonymous_18)
FNDA:0,(anonymous_19)
FNDA:0,(anonymous_20)
FNDA:0,(anonymous_21)
FNDA:0,(anonymous_22)
FNDA:0,(anonymous_23)
FNDA:0,(anonymous_24)
DA:19,0
DA:42,0
DA:47,0
DA:48,0
DA:49,0
DA:50,0
DA:55,0
DA:56,0
DA:57,0
DA:60,0
DA:61,0
DA:62,0
DA:65,0
DA:68,0
DA:74,0
DA:77,0
DA:78,0
DA:79,0
DA:83,0
DA:84,0
DA:85,0
DA:89,0
DA:90,0
DA:96,0
DA:97,0
DA:98,0
DA:99,0
DA:102,0
DA:103,0
DA:104,0
DA:105,0
DA:106,0
DA:107,0
DA:111,0
DA:113,0
DA:114,0
DA:117,0
DA:119,0
DA:120,0
DA:126,0
DA:127,0
DA:130,0
DA:132,0
DA:134,0
DA:135,0
DA:139,0
DA:140,0
DA:145,0
DA:146,0
DA:147,0
DA:149,0
DA:150,0
DA:151,0
DA:152,0
DA:153,0
DA:155,0
DA:156,0
DA:164,0
DA:165,0
DA:166,0
DA:167,0
DA:168,0
DA:172,0
DA:174,0
DA:175,0
DA:177,0
DA:178,0
DA:182,0
DA:188,0
DA:189,0
DA:190,0
DA:197,0
DA:199,0
DA:204,0
DA:205,0
DA:206,0
DA:207,0
DA:210,0
DA:214,0
DA:216,0
DA:221,0
DA:222,0
DA:230,0
DA:231,0
DA:243,0
DA:277,0
DA:278,0
DA:306,0
DA:310,0
DA:311,0
LF:90
LH:0
BRDA:78,0,0,0
BRDA:78,0,1,0
BRDA:84,1,0,0
BRDA:84,1,1,0
BRDA:92,2,0,0
BRDA:92,2,1,0
BRDA:102,3,0,0
BRDA:102,3,1,0
BRDA:103,4,0,0
BRDA:103,4,1,0
BRDA:113,5,0,0
BRDA:113,5,1,0
BRDA:119,6,0,0
BRDA:119,6,1,0
BRDA:121,7,0,0
BRDA:121,7,1,0
BRDA:121,7,2,0
BRDA:122,8,0,0
BRDA:122,8,1,0
BRDA:123,9,0,0
BRDA:123,9,1,0
BRDA:134,10,0,0
BRDA:134,10,1,0
BRDA:139,11,0,0
BRDA:139,11,1,0
BRDA:146,12,0,0
BRDA:146,12,1,0
BRDA:149,13,0,0
BRDA:149,13,1,0
BRDA:149,14,0,0
BRDA:149,14,1,0
BRDA:152,15,0,0
BRDA:152,15,1,0
BRDA:156,16,0,0
BRDA:156,16,1,0
BRDA:164,17,0,0
BRDA:165,18,0,0
BRDA:165,18,1,0
BRDA:167,19,0,0
BRDA:167,19,1,0
BRDA:175,20,0,0
BRDA:175,20,1,0
BRDA:175,21,0,0
BRDA:175,21,1,0
BRDA:206,22,0,0
BRDA:206,22,1,0
BRDA:221,23,0,0
BRDA:221,23,1,0
BRDA:230,24,0,0
BRDA:230,24,1,0
BRDA:256,25,0,0
BRDA:256,25,1,0
BRF:52
BRH:0
end_of_record
TN:
SF:src/components/ResultsDashboard/index.tsx
FN:7,(anonymous_0)
FNF:1
FNH:0
FNDA:0,(anonymous_0)
DA:7,0
DA:8,0
LF:2
LH:0
BRF:0
BRH:0
end_of_record
TN:
SF:src/components/ResultsDashboard/Analytics/StatsOverview.tsx
FN:22,(anonymous_0)
FN:27,(anonymous_1)
FN:30,(anonymous_2)
FN:72,(anonymous_3)
FN:86,(anonymous_4)
FNF:5
FNH:0
FNDA:0,(anonymous_0)
FNDA:0,(anonymous_1)
FNDA:0,(anonymous_2)
FNDA:0,(anonymous_3)
FNDA:0,(anonymous_4)
DA:11,0
DA:22,0
DA:23,0
DA:26,0
DA:27,0
DA:30,0
DA:31,0
DA:32,0
DA:33,0
DA:36,0
DA:72,0
DA:87,0
LF:12
LH:0
BRDA:31,0,0,0
BRDA:31,0,1,0
BRDA:32,1,0,0
BRDA:32,1,1,0
BRDA:84,2,0,0
BRDA:84,2,1,0
BRF:6
BRH:0
end_of_record
TN:
SF:src/components/ResultsDashboard/ExportPanel/ExportPanel.tsx
FN:20,(anonymous_0)
FN:28,(anonymous_1)
FN:68,(anonymous_2)
FN:72,(anonymous_3)
FNF:4
FNH:0
FNDA:0,(anonymous_0)
FNDA:0,(anonymous_1)
FNDA:0,(anonymous_2)
FNDA:0,(anonymous_3)
DA:12,0
DA:20,0
DA:25,0
DA:26,0
DA:28,0
DA:29,0
[...]
FNDA:0,(anonymous_36)
FNDA:0,(anonymous_37)
FNDA:0,(anonymous_38)
FNDA:0,(anonymous_39)
FNDA:0,(anonymous_40)
FNDA:0,(anonymous_41)
FNDA:0,(anonymous_42)
FNDA:0,(anonymous_43)
FNDA:0,(anonymous_44)
FNDA:0,(anonymous_45)
FNDA:0,(anonymous_46)
FNDA:0,(anonymous_47)
FNDA:0,(anonymous_48)
FNDA:0,(anonymous_49)
FNDA:0,(anonymous_50)
FNDA:0,(anonymous_51)
FNDA:0,(anonymous_52)
FNDA:0,(anonymous_53)
FNDA:0,(anonymous_54)
FNDA:0,(anonymous_55)
FNDA:0,(anonymous_56)
FNDA:0,(anonymous_57)
DA:9,0
DA:19,0
DA:20,0
DA:28,0
DA:32,0
DA:33,0
DA:34,0
DA:35,0
DA:36,0
DA:39,0
DA:47,0
DA:49,0
DA:50,0
DA:51,0
DA:52,0
DA:53,0
DA:57,0
DA:58,0
DA:60,0
DA:64,0
DA:65,0
DA:66,0
DA:67,0
DA:70,0
DA:71,0
DA:73,0
DA:77,0
DA:78,0
DA:79,0
DA:80,0
DA:83,0
DA:84,0
DA:86,0
DA:96,0
DA:99,0
DA:102,0
DA:105,0
DA:112,0
DA:113,0
DA:114,0
DA:115,0
DA:116,0
DA:117,0
DA:118,0
DA:122,0
DA:123,0
DA:125,0
DA:134,0
DA:135,0
DA:136,0
DA:137,0
DA:138,0
DA:139,0
DA:140,0
DA:142,0
DA:143,0
DA:145,0
DA:154,0
DA:155,0
DA:156,0
DA:157,0
DA:158,0
DA:159,0
DA:162,0
DA:163,0
DA:165,0
DA:174,0
DA:175,0
DA:177,0
DA:178,0
DA:179,0
DA:180,0
DA:181,0
DA:182,0
DA:183,0
DA:187,0
DA:188,0
DA:190,0
DA:199,0
DA:200,0
DA:202,0
DA:210,0
DA:211,0
DA:219,0
DA:228,0
DA:229,0
DA:230,0
DA:231,0
DA:240,0
DA:241,0
DA:246,0
DA:247,0
DA:255,0
DA:256,0
DA:257,0
DA:265,0
DA:275,0
DA:276,0
DA:277,0
DA:278,0
DA:281,0
DA:282,0
DA:284,0
DA:285,0
DA:286,0
DA:289,0
DA:290,0
DA:293,0
DA:294,0
DA:303,0
DA:304,0
DA:306,0
DA:310,0
DA:315,0
DA:322,0
DA:323,0
DA:324,0
DA:325,0
DA:326,0
DA:333,0
DA:340,0
DA:341,0
DA:344,0
DA:356,0
DA:367,0
DA:375,0
DA:382,0
DA:383,0
DA:384,0
DA:391,0
DA:392,0
DA:394,0
DA:395,0
DA:397,0
DA:398,0
DA:403,0
DA:410,0
DA:411,0
DA:413,0
DA:421,0
DA:422,0
DA:430,0
DA:431,0
DA:433,0
DA:434,0
DA:436,0
DA:437,0
DA:445,0
DA:453,0
DA:460,0
DA:463,0
DA:464,0
DA:468,0
DA:469,0
DA:473,0
DA:474,0
DA:475,0
DA:479,0
DA:480,0
DA:483,0
DA:484,0
DA:492,0
DA:494,0
DA:496,0
DA:497,0
DA:499,0
DA:508,0
DA:509,0
DA:517,0
DA:518,0
DA:519,0
DA:532,0
DA:544,0
DA:546,0
DA:555,0
DA:557,0
DA:562,0
DA:571,0
DA:572,0
DA:574,0
DA:575,0
DA:578,0
DA:579,0
DA:582,0
DA:583,0
DA:586,0
DA:587,0
DA:590,0
DA:591,0
DA:594,0
DA:601,0
DA:602,0
DA:605,0
DA:606,0
DA:607,0
DA:608,0
DA:610,0
DA:617,0
DA:618,0
DA:619,0
DA:620,0
DA:621,0
DA:628,0
DA:629,0
DA:630,0
DA:632,0
DA:633,0
DA:634,0
DA:635,0
DA:637,0
DA:644,0
DA:645,0
DA:647,0
DA:652,0
DA:663,0
DA:666,0
DA:667,0
DA:668,0
DA:669,0
DA:670,0
DA:672,0
DA:673,0
DA:677,0
DA:678,0
DA:679,0
DA:680,0
DA:682,0
DA:683,0
DA:684,0
DA:685,0
DA:687,0
DA:691,0
DA:693,0
DA:694,0
DA:695,0
LF:235
LH:0
BRDA:47,0,0,0
BRDA:47,0,1,0
BRDA:52,1,0,0
BRDA:52,1,1,0
BRDA:112,2,0,0
BRDA:112,2,1,0
BRDA:116,3,0,0
BRDA:116,3,1,0
BRDA:134,4,0,0
BRDA:134,4,1,0
BRDA:154,5,0,0
BRDA:154,5,1,0
BRDA:174,6,0,0
BRDA:174,6,1,0
BRDA:180,7,0,0
BRDA:180,7,1,0
BRDA:199,8,0,0
BRDA:199,8,1,0
BRDA:228,9,0,0
BRDA:228,9,1,0
BRDA:240,10,0,0
BRDA:240,10,1,0
BRDA:277,11,0,0
BRDA:277,11,1,0
BRDA:281,12,0,0
BRDA:281,12,1,0
BRDA:293,13,0,0
BRDA:293,13,1,0
BRDA:303,14,0,0
BRDA:303,14,1,0
BRDA:303,15,0,0
BRDA:303,15,1,0
BRDA:322,16,0,0
BRDA:322,16,1,0
BRDA:323,17,0,0
BRDA:323,17,1,0
BRDA:324,18,0,0
BRDA:324,18,1,0
BRDA:325,19,0,0
BRDA:325,19,1,0
BRDA:340,20,0,0
BRDA:340,20,1,0
BRDA:409,21,0,0
BRDA:415,22,0,0
BRDA:415,22,1,0
BRDA:421,23,0,0
BRDA:421,23,1,0
BRDA:431,24,0,0
BRDA:431,24,1,0
BRDA:433,25,0,0
BRDA:433,25,1,0
BRDA:436,26,0,0
BRDA:436,26,1,0
BRDA:463,27,0,0
BRDA:463,27,1,0
BRDA:468,28,0,0
BRDA:468,28,1,0
BRDA:474,29,0,0
BRDA:474,29,1,0
BRDA:479,30,0,0
BRDA:479,30,1,0
BRDA:483,31,0,0
BRDA:483,31,1,0
BRDA:494,32,0,0
BRDA:494,32,1,0
BRDA:494,33,0,0
BRDA:494,33,1,0
BRDA:494,33,2,0
BRDA:518,34,0,0
BRDA:518,34,1,0
BRDA:548,35,0,0
BRDA:548,35,1,0
BRDA:549,36,0,0
BRDA:549,36,1,0
BRDA:550,37,0,0
BRDA:550,37,1,0
BRDA:551,38,0,0
BRDA:551,38,1,0
BRDA:555,39,0,0
BRDA:555,39,1,0
BRDA:556,40,0,0
BRDA:556,40,1,0
BRDA:557,41,0,0
BRDA:557,41,1,0
BRDA:560,42,0,0
BRDA:560,42,1,0
BRDA:574,43,0,0
BRDA:574,43,1,0
BRDA:578,44,0,0
BRDA:578,44,1,0
BRDA:582,45,0,0
BRDA:582,45,1,0
BRDA:586,46,0,0
BRDA:586,46,1,0
BRDA:590,47,0,0
BRDA:590,47,1,0
BRDA:590,48,0,0
BRDA:590,48,1,0
BRDA:605,49,0,0
BRDA:605,49,1,0
BRDA:606,50,0,0
BRDA:606,50,1,0
BRDA:607,51,0,0
BRDA:607,51,1,0
BRDA:608,52,0,0
BRDA:608,52,1,0
BRDA:617,53,0,0
BRDA:617,53,1,0
BRDA:691,54,0,0
BRDA:691,54,1,0
BRDA:693,55,0,0
BRDA:693,55,1,0
BRF:112
BRH:0
end_of_record
TN:
SF:src/utils/performance.ts
FN:3,(anonymous_0)
FN:5,(anonymous_1)
FN:15,(anonymous_2)
FN:21,(anonymous_3)
FNF:4
FNH:0
FNDA:0,(anonymous_0)
FNDA:0,(anonymous_1)
FNDA:0,(anonymous_2)
FNDA:0,(anonymous_3)
DA:3,0
DA:4,0
DA:5,0
DA:6,0
DA:7,0
DA:8,0
DA:9,0
DA:10,0
DA:15,0
DA:16,0
DA:17,0
DA:21,0
DA:22,0
DA:23,0
DA:24,0
DA:26,0
LF:16
LH:0
BRDA:4,0,0,0
BRDA:4,0,1,0
BRDA:4,1,0,0
BRDA:4,1,1,0
BRDA:16,2,0,0
BRDA:16,2,1,0
BRDA:16,3,0,0
BRDA:16,3,1,0
BRDA:22,4,0,0
BRDA:22,4,1,0
BRDA:22,5,0,0
BRDA:22,5,1,0
BRF:12
BRH:0
end_of_record
TN:
SF:src/utils/preload.js
FN:7,(anonymous_0)
FN:24,(anonymous_1)
FN:44,(anonymous_2)
FN:89,(anonymous_3)
FN:91,(anonymous_4)
FN:96,(anonymous_5)
FN:97,(anonymous_6)
FN:103,(anonymous_7)
FN:110,(anonymous_8)
FN:112,(anonymous_9)
FN:124,(anonymous_10)
FN:129,(anonymous_11)
FN:144,(anonymous_12)
FN:147,(anonymous_13)
FN:151,(anonymous_14)
FN:155,(anonymous_15)
FN:167,(anonymous_16)
FN:182,(anonymous_17)
FN:183,(anonymous_18)
FN:186,(anonymous_19)
FN:199,(anonymous_20)
FN:201,(anonymous_21)
FN:202,(anonymous_22)
FN:203,(anonymous_23)
FN:204,(anonymous_24)
FN:213,(anonymous_25)
FN:215,(anonymous_26)
FN:235,(anonymous_27)
FN:249,(anonymous_28)
FN:253,(anonymous_29)
FN:261,(anonymous_30)
FN:271,(anonymous_31)
FN:287,(anonymous_32)
FN:291,(anonymous_33)
FN:300,(anonymous_34)
FN:325,(anonymous_35)
FN:326,(anonymous_36)
FN:331,(anonymous_37)
FN:336,(anonymous_38)
FN:366,(anonymous_39)
FNF:40
FNH:0
FNDA:0,(anonymous_0)
FNDA:0,(anonymous_1)
FNDA:0,(anonymous_2)
FNDA:0,(anonymous_3)
FNDA:0,(anonymous_4)
FNDA:0,(anonymous_5)
FNDA:0,(anonymous_6)
FNDA:0,(anonymous_7)
FNDA:0,(anonymous_8)
FNDA:0,(anonymous_9)
FNDA:0,(anonymous_10)
FNDA:0,(anonymous_11)
FNDA:0,(anonymous_12)
FNDA:0,(anonymous_13)
FNDA:0,(anonymous_14)
FNDA:0,(anonymous_15)
FNDA:0,(anonymous_16)
FNDA:0,(anonymous_17)
FNDA:0,(anonymous_18)
FNDA:0,(anonymous_19)
FNDA:0,(anonymous_20)
FNDA:0,(anonymous_21)
FNDA:0,(anonymous_22)
FNDA:0,(anonymous_23)
FNDA:0,(anonymous_24)
FNDA:0,(anonymous_25)
FNDA:0,(anonymous_26)
FNDA:0,(anonymous_27)
FNDA:0,(anonymous_28)
FNDA:0,(anonymous_29)
FNDA:0,(anonymous_30)
FNDA:0,(anonymous_31)
FNDA:0,(anonymous_32)
FNDA:0,(anonymous_33)
FNDA:0,(anonymous_34)
FNDA:0,(anonymous_35)
FNDA:0,(anonymous_36)
FNDA:0,(anonymous_37)
FNDA:0,(anonymous_38)
FNDA:0,(anonymous_39)
DA:8,0
DA:9,0
DA:10,0
DA:11,0
DA:14,0
DA:21,0
DA:26,0
DA:27,0
DA:28,0
DA:29,0
DA:30,0
DA:35,0
DA:45,0
DA:46,0
DA:50,0
DA:51,0
DA:52,0
DA:55,0
DA:56,0
DA:58,0
DA:59,0
DA:61,0
DA:62,0
DA:64,0
DA:66,0
DA:67,0
DA:69,0
DA:70,0
DA:72,0
DA:74,0
DA:76,0
DA:77,0
DA:78,0
DA:90,0
DA:92,0
DA:93,0
DA:96,0
DA:97,0
DA:104,0
DA:105,0
DA:106,0
DA:112,0
DA:125,0
DA:126,0
DA:129,0
DA:130,0
DA:133,0
DA:134,0
DA:135,0
DA:137,0
DA:145,0
DA:147,0
DA:151,0
DA:155,0
DA:160,0
DA:168,0
DA:171,0
DA:178,0
DA:179,0
DA:182,0
DA:183,0
DA:184,0
DA:185,0
DA:186,0
DA:200,0
DA:201,0
DA:202,0
DA:203,0
DA:204,0
DA:207,0
DA:214,0
DA:215,0
DA:216,0
DA:217,0
DA:220,0
DA:221,0
DA:222,0
DA:223,0
DA:224,0
DA:225,0
DA:236,0
DA:250,0
DA:251,0
DA:253,0
DA:254,0
DA:262,0
DA:263,0
DA:265,0
DA:272,0
DA:273,0
DA:274,0
DA:280,0
DA:289,0
DA:291,0
DA:292,0
DA:302,0
DA:317,0
DA:326,0
DA:327,0
DA:328,0
DA:329,0
DA:331,0
DA:332,0
DA:333,0
DA:336,0
DA:337,0
DA:338,0
DA:341,0
DA:347,0
DA:361,0
DA:364,0
DA:366,0
DA:367,0
LF:113
LH:0
BRDA:26,0,0,0
BRDA:26,0,1,0
BRDA:28,1,0,0
BRDA:28,1,1,0
BRDA:28,2,0,0
BRDA:28,2,1,0
BRDA:45,3,0,0
BRDA:45,3,1,0
BRDA:50,4,0,0
BRDA:50,4,1,0
BRDA:89,5,0,0
BRDA:92,6,0,0
BRDA:92,6,1,0
BRDA:104,7,0,0
BRDA:104,7,1,0
BRDA:125,8,0,0
BRDA:125,8,1,0
BRDA:168,9,0,0
BRDA:168,9,1,0
BRDA:179,10,0,0
BRDA:179,10,1,0
BRDA:185,11,0,0
BRDA:185,11,1,0
BRDA:207,12,0,0
BRDA:207,12,1,0
BRDA:214,13,0,0
BRDA:214,13,1,0
BRDA:220,14,0,0
BRDA:220,14,1,0
BRDA:223,15,0,0
BRDA:223,15,1,0
BRDA:223,16,0,0
BRDA:223,16,1,0
BRDA:251,17,0,0
BRDA:251,17,1,0
BRDA:263,18,0,0
BRDA:263,18,1,0
BRDA:317,19,0,0
BRDA:317,19,1,0
BRDA:364,20,0,0
BRDA:364,20,1,0
BRF:41
BRH:0
end_of_record
TN:
SF:src/utils/preload.tsx
FN:17,preloadComponent
FN:27,(anonymous_1)
FN:38,(anonymous_2)
FN:43,(anonymous_3)
FN:57,(anonymous_4)
FN:67,(anonymous_5)
FN:78,preloadComponents
FN:82,(anonymous_7)
FN:89,prefetchRouteComponents
FN:94,usePreloadOnHover
FN:100,(anonymous_10)
FN:111,usePreloadOnVisible
FN:118,(anonymous_12)
FN:122,(anonymous_13)
FN:123,(anonymous_14)
FN:136,(anonymous_15)
FN:147,(anonymous_16)
FN:149,(anonymous_17)
FN:153,(anonymous_18)
FN:169,(anonymous_19)
FN:175,(anonymous_20)
FN:183,(anonymous_21)
FN:184,(anonymous_22)
FN:192,(anonymous_23)
FN:207,(anonymous_24)
FN:220,(anonymous_25)
FN:228,(anonymous_26)
FN:240,(anonymous_27)
FN:242,(anonymous_28)
FN:248,(anonymous_29)
FNF:30
FNH:0
FNDA:0,preloadComponent
FNDA:0,(anonymous_1)
FNDA:0,(anonymous_2)
FNDA:0,(anonymous_3)
FNDA:0,(anonymous_4)
FNDA:0,(anonymous_5)
FNDA:0,preloadComponents
FNDA:0,(anonymous_7)
FNDA:0,prefetchRouteComponents
FNDA:0,usePreloadOnHover
FNDA:0,(anonymous_10)
FNDA:0,usePreloadOnVisible
FNDA:0,(anonymous_12)
FNDA:0,(anonymous_13)
FNDA:0,(anonymous_14)
FNDA:0,(anonymous_15)
FNDA:0,(anonymous_16)
FNDA:0,(anonymous_17)
FNDA:0,(anonymous_18)
FNDA:0,(anonymous_19)
FNDA:0,(anonymous_20)
FNDA:0,(anonymous_21)
FNDA:0,(anonymous_22)
FNDA:0,(anonymous_23)
FNDA:0,(anonymous_24)
FNDA:0,(anonymous_25)
FNDA:0,(anonymous_26)
FNDA:0,(anonymous_27)
FNDA:0,(anonymous_28)
FNDA:0,(anonymous_29)
DA:22,0
DA:23,0
DA:24,0
DA:27,0
DA:28,0
DA:29,0
DA:32,0
DA:33,0
DA:36,0
DA:37,0
DA:39,0
DA:40,0
DA:41,0
DA:44,0
DA:45,0
DA:46,0
DA:50,0
DA:54,0
DA:57,0
DA:58,0
DA:59,0
DA:61,0
DA:62,0
DA:67,0
DA:68,0
DA:72,0
DA:74,0
DA:81,0
DA:82,0
DA:84,0
DA:90,0
DA:100,0
DA:101,0
DA:104,0
DA:115,0
DA:116,0
DA:118,0
DA:119,0
DA:121,0
DA:123,0
DA:124,0
DA:125,0
DA:126,0
DA:127,0
DA:134,0
DA:136,0
DA:139,0
DA:144,0
DA:145,0
DA:148,0
DA:149,0
DA:150,0
DA:154,0
DA:156,0
DA:158,0
DA:159,0
DA:160,0
DA:161,0
DA:162,0
DA:164,0
DA:169,0
DA:172,0
DA:176,0
DA:180,0
DA:183,0
DA:184,0
DA:186,0
DA:192,0
DA:193,0
DA:194,0
DA:195,0
DA:196,0
DA:200,0
DA:201,0
DA:202,0
DA:203,0
DA:204,0
DA:205,0
DA:207,0
DA:212,0
DA:217,0
DA:218,0
DA:221,0
DA:222,0
DA:223,0
DA:225,0
DA:230,0
DA:239,0
DA:240,0
DA:242,0
DA:243,0
DA:249,0
LF:92
LH:0
BRDA:20,0,0,0
BRDA:28,1,0,0
BRDA:28,1,1,0
BRDA:32,2,0,0
BRDA:32,2,1,0
BRDA:36,3,0,0
BRDA:36,3,1,0
BRDA:113,4,0,0
BRDA:119,5,0,0
BRDA:119,5,1,0
BRDA:119,6,0,0
BRDA:119,6,1,0
BRDA:124,7,0,0
BRDA:124,7,1,0
BRDA:124,8,0,0
BRDA:124,8,1,0
BRDA:147,9,0,0
BRDA:154,10,0,0
BRDA:154,10,1,0
BRDA:154,11,0,0
BRDA:154,11,1,0
BRDA:160,12,0,0
BRDA:160,12,1,0
BRDA:200,13,0,0
BRDA:200,13,1,0
BRDA:222,14,0,0
BRDA:222,14,1,0
BRDA:239,15,0,0
BRDA:239,15,1,0
BRF:29
BRH:0
end_of_record
TN:
SF:src/utils/startupValidator.js
FN:10,(anonymous_0)
FN:19,(anonymous_1)
FN:26,(anonymous_2)
FN:33,(anonymous_3)
FN:81,(anonymous_4)
FN:82,(anonymous_5)
FN:86,(anonymous_6)
FN:96,(anonymous_7)
FN:119,(anonymous_8)
FN:134,(anonymous_9)
FN:182,(anonymous_10)
FN:201,(anonymous_11)
FN:208,(anonymous_12)
FN:226,(anonymous_13)
FN:230,(anonymous_14)
FN:242,(anonymous_15)
FN:243,(anonymous_16)
FN:244,(anonymous_17)
FN:255,(anonymous_18)
FN:260,(anonymous_19)
FNF:20
FNH:0
FNDA:0,(anonymous_0)
FNDA:0,(anonymous_1)
FNDA:0,(anonymous_2)
FNDA:0,(anonymous_3)
FNDA:0,(anonymous_4)
FNDA:0,(anonymous_5)
FNDA:0,(anonymous_6)
FNDA:0,(anonymous_7)
FNDA:0,(anonymous_8)
FNDA:0,(anonymous_9)
FNDA:0,(anonymous_10)
FNDA:0,(anonymous_11)
FNDA:0,(anonymous_12)
FNDA:0,(anonymous_13)
FNDA:0,(anonymous_14)
FNDA:0,(anonymous_15)
FNDA:0,(anonymous_16)
FNDA:0,(anonymous_17)
FNDA:0,(anonymous_18)
FNDA:0,(anonymous_19)
DA:7,0
DA:11,0
DA:12,0
DA:13,0
DA:20,0
DA:21,0
DA:25,0
DA:26,0
DA:27,0
DA:34,0
DA:35,0
DA:37,0
DA:38,0
DA:44,0
DA:50,0
DA:51,0
DA:58,0
DA:60,0
DA:66,0
DA:67,0
DA:74,0
DA:82,0
DA:83,0
DA:84,0
DA:86,0
DA:87,0
DA:93,0
DA:96,0
DA:97,0
DA:103,0
DA:109,0
DA:112,0
DA:121,0
DA:122,0
DA:128,0
DA:135,0
DA:137,0
DA:151,0
DA:152,0
DA:153,0
DA:155,0
DA:156,0
DA:162,0
DA:163,0
DA:165,0
DA:169,0
DA:170,0
DA:171,0
DA:173,0
DA:176,0
DA:183,0
DA:197,0
DA:198,0
DA:200,0
DA:201,0
DA:202,0
DA:206,0
DA:207,0
DA:208,0
DA:209,0
DA:214,0
DA:215,0
DA:220,0
DA:227,0
DA:229,0
DA:232,0
DA:237,0
DA:239,0
DA:242,0
DA:243,0
DA:244,0
DA:250,0
DA:251,0
DA:254,0
DA:255,0
DA:256,0
DA:257,0
DA:260,0
DA:261,0
LF:79
LH:0
BRDA:7,0,0,0
BRDA:7,0,1,0
BRDA:19,1,0,0
BRDA:20,2,0,0
BRDA:20,2,1,0
BRDA:20,3,0,0
BRDA:20,3,1,0
BRDA:33,4,0,0
BRDA:50,5,0,0
BRDA:50,5,1,0
BRDA:50,6,0,0
BRDA:50,6,1,0
BRDA:66,7,0,0
BRDA:66,7,1,0
BRDA:155,8,0,0
BRDA:155,8,1,0
BRDA:170,9,0,0
BRDA:170,9,1,0
BRDA:197,10,0,0
BRDA:197,10,1,0
BRDA:206,11,0,0
BRDA:206,11,1,0
BRDA:232,12,0,0
BRDA:232,12,1,0
BRDA:237,13,0,0
BRDA:237,13,1,0
BRDA:250,14,0,0
BRDA:250,14,1,0
BRDA:254,15,0,0
BRDA:254,15,1,0
BRF:30
BRH:0
end_of_record
TN:
SF:src/utils/monitoring/performanceMonitor.ts
FN:18,(anonymous_0)
FN:39,(anonymous_1)
FN:74,(anonymous_2)
FN:96,(anonymous_3)
FN:99,(anonymous_4)
FN:123,(anonymous_5)
FN:126,(anonymous_6)
FN:139,(anonymous_7)
FN:168,(anonymous_8)
FN:175,(anonymous_9)
FN:176,(anonymous_10)
FN:177,(anonymous_11)
FN:181,(anonymous_12)
FN:186,(anonymous_13)
FN:191,(anonymous_14)
FN:194,(anonymous_15)
FN:195,(anonymous_16)
FN:209,(anonymous_17)
FN:223,(anonymous_18)
FN:230,(anonymous_19)
FN:231,(anonymous_20)
FN:236,(anonymous_21)
FN:254,(anonymous_22)
FNF:23
FNH:0
FNDA:0,(anonymous_0)
FNDA:0,(anonymous_1)
FNDA:0,(anonymous_2)
FNDA:0,(anonymous_3)
FNDA:0,(anonymous_4)
FNDA:0,(anonymous_5)
FNDA:0,(anonymous_6)
FNDA:0,(anonymous_7)
FNDA:0,(anonymous_8)
FNDA:0,(anonymous_9)
FNDA:0,(anonymous_10)
FNDA:0,(anonymous_11)
FNDA:0,(anonymous_12)
FNDA:0,(anonymous_13)
FNDA:0,(anonymous_14)
FNDA:0,(anonymous_15)
FNDA:0,(anonymous_16)
FNDA:0,(anonymous_17)
FNDA:0,(anonymous_18)
FNDA:0,(anonymous_19)
FNDA:0,(anonymous_20)
FNDA:0,(anonymous_21)
FNDA:0,(anonymous_22)
DA:11,0
DA:12,0
DA:13,0
DA:19,0
DA:20,0
DA:21,0
DA:22,0
DA:24,0
DA:26,0
DA:29,0
DA:43,0
DA:45,0
DA:46,0
DA:47,0
DA:48,0
DA:50,0
DA:52,0
DA:55,0
DA:61,0
DA:63,0
DA:64,0
DA:66,0
DA:67,0
DA:75,0
DA:76,0
DA:77,0
DA:79,0
DA:81,0
DA:84,0
DA:97,0
DA:98,0
DA:99,0
DA:100,0
DA:101,0
DA:103,0
DA:112,0
DA:113,0
DA:115,0
DA:124,0
DA:126,0
DA:127,0
DA:128,0
DA:130,0
DA:131,0
DA:136,0
DA:137,0
DA:139,0
DA:140,0
DA:141,0
DA:142,0
DA:143,0
DA:144,0
DA:145,0
DA:146,0
DA:148,0
DA:149,0
DA:153,0
DA:154,0
DA:155,0
DA:175,0
DA:176,0
DA:177,0
DA:180,0
DA:181,0
DA:185,0
DA:186,0
DA:190,0
DA:191,0
DA:194,0
DA:195,0
DA:197,0
DA:210,0
DA:211,0
DA:224,0
DA:231,0
DA:232,0
DA:233,0
DA:237,0
DA:240,0
DA:241,0
DA:247,0
DA:250,0
DA:251,0
DA:254,0
DA:255,0
DA:256,0
LF:86
LH:0
BRDA:24,0,0,0
BRDA:24,0,1,0
BRDA:50,1,0,0
BRDA:50,1,1,0
BRDA:75,2,0,0
BRDA:75,2,1,0
BRDA:79,3,0,0
BRDA:79,3,1,0
BRDA:97,4,0,0
BRDA:97,4,1,0
BRDA:101,5,0,0
BRDA:101,5,1,0
BRDA:130,6,0,0
BRDA:130,6,1,0
BRDA:140,7,0,0
BRDA:140,7,1,0
BRDA:140,8,0,0
BRDA:140,8,1,0
BRDA:143,9,0,0
BRDA:143,9,1,0
BRDA:148,10,0,0
BRDA:148,10,1,0
BRDA:153,11,0,0
BRDA:153,11,1,0
BRDA:180,12,0,0
BRDA:180,12,1,0
BRDA:185,13,0,0
BRDA:185,13,1,0
BRDA:190,14,0,0
BRDA:190,14,1,0
BRDA:191,15,0,0
BRDA:191,15,1,0
BRDA:240,16,0,0
BRDA:240,16,1,0
BRDA:250,17,0,0
BRDA:250,17,1,0
BRF:36
BRH:0
end_of_record
TN:
SF:src/utils/performance/PerformanceMonitor.ts
FN:33,(anonymous_0)
FN:42,(anonymous_1)
FN:53,(anonymous_2)
FN:57,(anonymous_3)
FN:58,(anonymous_4)
FN:81,(anonymous_5)
FN:82,(anonymous_6)
FN:104,(anonymous_7)
FN:105,(anonymous_8)
FN:126,(anonymous_9)
FN:127,(anonymous_10)
FN:149,(anonymous_11)
FN:151,(anonymous_12)
FN:153,(anonymous_13)
FN:154,(anonymous_14)
FN:157,(anonymous_15)
FN:166,(anonymous_16)
FN:179,(anonymous_17)
FN:199,(anonymous_18)
FN:215,(anonymous_19)
FN:234,(anonymous_20)
FN:242,(anonymous_21)
FN:245,(anonymous_22)
FN:247,(anonymous_23)
FN:250,(anonymous_24)
FN:266,(anonymous_25)
FN:267,(anonymous_26)
FN:275,(anonymous_27)
FN:276,(anonymous_28)
FN:283,(anonymous_29)
FNF:30
FNH:0
FNDA:0,(anonymous_0)
FNDA:0,(anonymous_1)
FNDA:0,(anonymous_2)
FNDA:0,(anonymous_3)
FNDA:0,(anonymous_4)
FNDA:0,(anonymous_5)
FNDA:0,(anonymous_6)
FNDA:0,(anonymous_7)
FNDA:0,(anonymous_8)
FNDA:0,(anonymous_9)
FNDA:0,(anonymous_10)
FNDA:0,(anonymous_11)
FNDA:0,(anonymous_12)
FNDA:0,(anonymous_13)
FNDA:0,(anonymous_14)
FNDA:0,(anonymous_15)
FNDA:0,(anonymous_16)
FNDA:0,(anonymous_17)
FNDA:0,(anonymous_18)
FNDA:0,(anonymous_19)
FNDA:0,(anonymous_20)
FNDA:0,(anonymous_21)
FNDA:0,(anonymous_22)
FNDA:0,(anonymous_23)
FNDA:0,(anonymous_24)
FNDA:0,(anonymous_25)
FNDA:0,(anonymous_26)
FNDA:0,(anonymous_27)
FNDA:0,(anonymous_28)
FNDA:0,(anonymous_29)
DA:25,0
DA:26,0
DA:27,0
DA:28,0
DA:34,0
DA:35,0
DA:36,0
DA:43,0
DA:44,0
DA:45,0
DA:46,0
DA:47,0
DA:55,0
DA:56,0
DA:57,0
DA:58,0
DA:59,0
DA:60,0
DA:73,0
DA:74,0
DA:76,0
DA:80,0
DA:81,0
DA:82,0
DA:83,0
DA:84,0
DA:96,0
DA:97,0
DA:99,0
DA:103,0
DA:104,0
DA:105,0
DA:106,0
DA:107,0
DA:115,0
DA:116,0
DA:127,0
DA:128,0
DA:129,0
DA:130,0
DA:151,0
DA:152,0
DA:153,0
DA:154,0
DA:156,0
DA:157,0
DA:158,0
DA:165,0
DA:166,0
DA:167,0
DA:180,0
DA:181,0
DA:183,0
DA:186,0
DA:187,0
DA:201,0
DA:204,0
DA:205,0
DA:209,0
DA:217,0
DA:218,0
DA:226,0
DA:227,0
DA:235,0
DA:236,0
DA:243,0
DA:245,0
DA:246,0
DA:247,0
DA:248,0
DA:250,0
DA:260,0
DA:267,0
DA:268,0
DA:269,0
DA:276,0
DA:277,0
DA:288,0
DA:297,0
LF:79
LH:0
BRDA:55,0,0,0
BRDA:55,0,1,0
BRDA:59,1,0,0
BRDA:59,1,1,0
BRDA:83,2,0,0
BRDA:83,2,1,0
BRDA:83,3,0,0
BRDA:83,3,1,0
BRDA:106,4,0,0
BRDA:106,4,1,0
BRDA:129,5,0,0
BRDA:129,5,1,0
BRDA:156,6,0,0
BRDA:156,6,1,0
BRDA:165,7,0,0
BRDA:165,7,1,0
BRDA:180,8,0,0
BRDA:180,8,1,0
BRDA:186,9,0,0
BRDA:186,9,1,0
BRDA:204,10,0,0
BRDA:204,10,1,0
BRDA:217,11,0,0
BRDA:217,11,1,0
BRDA:226,12,0,0
BRDA:226,12,1,0
BRDA:236,13,0,0
BRDA:236,13,1,0
BRDA:246,14,0,0
BRDA:246,14,1,0
BRF:30
BRH:0
end_of_record
TN:
SF:src/utils/validation/inputSanitizer.ts
FN:6,(anonymous_0)
FN:16,(anonymous_1)
FN:23,(anonymous_2)
FN:43,(anonymous_3)
FN:63,(anonymous_4)
FN:85,(anonymous_5)
FN:96,(anonymous_6)
FN:104,(anonymous_7)
FN:125,(anonymous_8)
FN:144,(anonymous_9)
FN:160,(anonymous_10)
FN:191,(anonymous_11)
FNF:12
FNH:0
FNDA:0,(anonymous_0)
FNDA:0,(anonymous_1)
FNDA:0,(anonymous_2)
FNDA:0,(anonymous_3)
FNDA:0,(anonymous_4)
FNDA:0,(anonymous_5)
FNDA:0,(anonymous_6)
FNDA:0,(anonymous_7)
FNDA:0,(anonymous_8)
FNDA:0,(anonymous_9)
FNDA:0,(anonymous_10)
FNDA:0,(anonymous_11)
DA:6,0
DA:7,0
DA:15,0
DA:16,0
DA:23,0
DA:24,0
DA:25,0
DA:29,0
DA:32,0
DA:33,0
DA:37,0
DA:43,0
DA:44,0
DA:45,0
DA:49,0
DA:52,0
DA:53,0
DA:57,0
DA:63,0
DA:64,0
DA:65,0
DA:69,0
DA:75,0
DA:76,0
DA:79,0
DA:85,0
DA:86,0
DA:87,0
DA:90,0
DA:96,0
DA:97,0
DA:98,0
DA:104,0
DA:105,0
DA:106,0
DA:109,0
DA:110,0
DA:113,0
DA:114,0
DA:115,0
DA:119,0
DA:125,0
DA:126,0
DA:129,0
DA:130,0
DA:131,0
DA:134,0
DA:136,0
DA:137,0
DA:144,0
DA:150,0
DA:151,0
DA:154,0
DA:160,0
DA:161,0
DA:162,0
DA:165,0
DA:166,0
DA:169,0
DA:170,0
DA:173,0
DA:174,0
DA:175,0
DA:176,0
DA:178,0
DA:179,0
DA:182,0
DA:185,0
DA:191,0
DA:192,0
DA:193,0
DA:194,0
DA:195,0
DA:197,0
LF:74
LH:0
BRDA:24,0,0,0
BRDA:24,0,1,0
BRDA:24,1,0,0
BRDA:24,1,1,0
BRDA:32,2,0,0
BRDA:32,2,1,0
BRDA:44,3,0,0
BRDA:44,3,1,0
BRDA:44,4,0,0
BRDA:44,4,1,0
BRDA:52,5,0,0
BRDA:52,5,1,0
BRDA:64,6,0,0
BRDA:64,6,1,0
BRDA:64,7,0,0
BRDA:64,7,1,0
BRDA:75,8,0,0
BRDA:75,8,1,0
BRDA:75,9,0,0
BRDA:75,9,1,0
BRDA:86,10,0,0
BRDA:86,10,1,0
BRDA:86,11,0,0
BRDA:86,11,1,0
BRDA:105,12,0,0
BRDA:105,12,1,0
BRDA:105,13,0,0
BRDA:105,13,1,0
BRDA:113,14,0,0
BRDA:113,14,1,0
BRDA:126,15,0,0
BRDA:126,15,1,0
BRDA:129,16,0,0
BRDA:129,16,1,0
BRDA:129,17,0,0
BRDA:129,17,1,0
BRDA:150,18,0,0
BRDA:150,18,1,0
BRDA:150,19,0,0
BRDA:150,19,1,0
BRDA:161,20,0,0
BRDA:161,20,1,0
BRDA:161,21,0,0
BRDA:161,21,1,0
BRDA:165,22,0,0
BRDA:165,22,1,0
BRDA:169,23,0,0
BRDA:169,23,1,0
BRDA:173,24,0,0
BRDA:173,24,1,0
BRDA:176,25,0,0
BRDA:176,25,1,0
BRDA:193,26,0,0
BRDA:193,26,1,0
BRF:54
BRH:0
end_of_record
