{"meta": {"format": 3, "version": "7.8.2", "timestamp": "2025-10-07T16:58:33.476447", "branch_coverage": false, "show_contexts": false}, "files": {"app/__init__.py": {"executed_lines": [1], "summary": {"covered_lines": 0, "num_statements": 0, "percent_covered": 100.0, "percent_covered_display": "100", "missing_lines": 0, "excluded_lines": 0}, "missing_lines": [], "excluded_lines": [], "functions": {"": {"executed_lines": [1], "summary": {"covered_lines": 0, "num_statements": 0, "percent_covered": 100.0, "percent_covered_display": "100", "missing_lines": 0, "excluded_lines": 0}, "missing_lines": [], "excluded_lines": []}}, "classes": {"": {"executed_lines": [1], "summary": {"covered_lines": 0, "num_statements": 0, "percent_covered": 100.0, "percent_covered_display": "100", "missing_lines": 0, "excluded_lines": 0}, "missing_lines": [], "excluded_lines": []}}}, "app/algorithms/__init__.py": {"executed_lines": [], "summary": {"covered_lines": 0, "num_statements": 0, "percent_covered": 100.0, "percent_covered_display": "100", "missing_lines": 0, "excluded_lines": 0}, "missing_lines": [], "excluded_lines": [], "functions": {"": {"executed_lines": [], "summary": {"covered_lines": 0, "num_statements": 0, "percent_covered": 100.0, "percent_covered_display": "100", "missing_lines": 0, "excluded_lines": 0}, "missing_lines": [], "excluded_lines": []}}, "classes": {"": {"executed_lines": [], "summary": {"covered_lines": 0, "num_statements": 0, "percent_covered": 100.0, "percent_covered_display": "100", "missing_lines": 0, "excluded_lines": 0}, "missing_lines": [], "excluded_lines": []}}}, "app/algorithms/canny_detector.py": {"executed_lines": [], "summary": {"covered_lines": 0, "num_statements": 31, "percent_covered": 0.0, "percent_covered_display": "0", "missing_lines": 31, "excluded_lines": 0}, "missing_lines": [3, 4, 5, 6, 9, 10, 12, 13, 14, 17, 20, 23, 26, 29, 30, 31, 34, 37, 40, 41, 44, 45, 47, 48, 49, 50, 52, 53, 54, 55, 57], "excluded_lines": [], "functions": {"CannyDetector.detect": {"executed_lines": [], "summary": {"covered_lines": 0, "num_statements": 20, "percent_covered": 0.0, "percent_covered_display": "0", "missing_lines": 20, "excluded_lines": 0}, "missing_lines": [23, 26, 29, 30, 31, 34, 37, 40, 41, 44, 45, 47, 48, 49, 50, 52, 53, 54, 55, 57], "excluded_lines": []}, "": {"executed_lines": [], "summary": {"covered_lines": 0, "num_statements": 11, "percent_covered": 0.0, "percent_covered_display": "0", "missing_lines": 11, "excluded_lines": 0}, "missing_lines": [3, 4, 5, 6, 9, 10, 12, 13, 14, 17, 20], "excluded_lines": []}}, "classes": {"CannyResult": {"executed_lines": [], "summary": {"covered_lines": 0, "num_statements": 0, "percent_covered": 100.0, "percent_covered_display": "100", "missing_lines": 0, "excluded_lines": 0}, "missing_lines": [], "excluded_lines": []}, "CannyDetector": {"executed_lines": [], "summary": {"covered_lines": 0, "num_statements": 20, "percent_covered": 0.0, "percent_covered_display": "0", "missing_lines": 20, "excluded_lines": 0}, "missing_lines": [23, 26, 29, 30, 31, 34, 37, 40, 41, 44, 45, 47, 48, 49, 50, 52, 53, 54, 55, 57], "excluded_lines": []}, "": {"executed_lines": [], "summary": {"covered_lines": 0, "num_statements": 11, "percent_covered": 0.0, "percent_covered_display": "0", "missing_lines": 11, "excluded_lines": 0}, "missing_lines": [3, 4, 5, 6, 9, 10, 12, 13, 14, 17, 20], "excluded_lines": []}}}, "app/algorithms/grabcut_detector.py": {"executed_lines": [], "summary": {"covered_lines": 0, "num_statements": 35, "percent_covered": 0.0, "percent_covered_display": "0", "missing_lines": 35, "excluded_lines": 0}, "missing_lines": [3, 4, 5, 6, 9, 10, 12, 13, 14, 17, 20, 22, 23, 26, 27, 35, 38, 39, 42, 43, 46, 49, 52, 53, 54, 55, 56, 58, 60, 66, 68, 69, 70, 71, 73], "excluded_lines": [], "functions": {"GrabCutDetector.detect": {"executed_lines": [], "summary": {"covered_lines": 0, "num_statements": 24, "percent_covered": 0.0, "percent_covered_display": "0", "missing_lines": 24, "excluded_lines": 0}, "missing_lines": [22, 23, 26, 27, 35, 38, 39, 42, 43, 46, 49, 52, 53, 54, 55, 56, 58, 60, 66, 68, 69, 70, 71, 73], "excluded_lines": []}, "": {"executed_lines": [], "summary": {"covered_lines": 0, "num_statements": 11, "percent_covered": 0.0, "percent_covered_display": "0", "missing_lines": 11, "excluded_lines": 0}, "missing_lines": [3, 4, 5, 6, 9, 10, 12, 13, 14, 17, 20], "excluded_lines": []}}, "classes": {"GrabCutResult": {"executed_lines": [], "summary": {"covered_lines": 0, "num_statements": 0, "percent_covered": 100.0, "percent_covered_display": "100", "missing_lines": 0, "excluded_lines": 0}, "missing_lines": [], "excluded_lines": []}, "GrabCutDetector": {"executed_lines": [], "summary": {"covered_lines": 0, "num_statements": 24, "percent_covered": 0.0, "percent_covered_display": "0", "missing_lines": 24, "excluded_lines": 0}, "missing_lines": [22, 23, 26, 27, 35, 38, 39, 42, 43, 46, 49, 52, 53, 54, 55, 56, 58, 60, 66, 68, 69, 70, 71, 73], "excluded_lines": []}, "": {"executed_lines": [], "summary": {"covered_lines": 0, "num_statements": 11, "percent_covered": 0.0, "percent_covered_display": "0", "missing_lines": 11, "excluded_lines": 0}, "missing_lines": [3, 4, 5, 6, 9, 10, 12, 13, 14, 17, 20], "excluded_lines": []}}}, "app/algorithms/sam_detector.py": {"executed_lines": [], "summary": {"covered_lines": 0, "num_statements": 50, "percent_covered": 0.0, "percent_covered_display": "0", "missing_lines": 50, "excluded_lines": 0}, "missing_lines": [3, 4, 5, 6, 7, 9, 12, 13, 15, 16, 17, 20, 23, 24, 26, 28, 31, 32, 33, 34, 36, 38, 39, 41, 43, 45, 54, 55, 56, 59, 60, 61, 62, 63, 65, 67, 73, 74, 75, 77, 79, 80, 83, 84, 85, 86, 87, 88, 90, 92], "excluded_lines": [], "functions": {"SAMDetector.__init__": {"executed_lines": [], "summary": {"covered_lines": 0, "num_statements": 1, "percent_covered": 0.0, "percent_covered_display": "0", "missing_lines": 1, "excluded_lines": 0}, "missing_lines": [24], "excluded_lines": []}, "SAMDetector._load_model": {"executed_lines": [], "summary": {"covered_lines": 0, "num_statements": 5, "percent_covered": 0.0, "percent_covered_display": "0", "missing_lines": 5, "excluded_lines": 0}, "missing_lines": [28, 31, 32, 33, 34], "excluded_lines": []}, "SAMDetector.detect": {"executed_lines": [], "summary": {"covered_lines": 0, "num_statements": 18, "percent_covered": 0.0, "percent_covered_display": "0", "missing_lines": 18, "excluded_lines": 0}, "missing_lines": [38, 39, 41, 43, 45, 54, 55, 56, 59, 60, 61, 62, 63, 65, 67, 73, 74, 75], "excluded_lines": []}, "SAMDetector._fallback_detection": {"executed_lines": [], "summary": {"covered_lines": 0, "num_statements": 10, "percent_covered": 0.0, "percent_covered_display": "0", "missing_lines": 10, "excluded_lines": 0}, "missing_lines": [79, 80, 83, 84, 85, 86, 87, 88, 90, 92], "excluded_lines": []}, "": {"executed_lines": [], "summary": {"covered_lines": 0, "num_statements": 16, "percent_covered": 0.0, "percent_covered_display": "0", "missing_lines": 16, "excluded_lines": 0}, "missing_lines": [3, 4, 5, 6, 7, 9, 12, 13, 15, 16, 17, 20, 23, 26, 36, 77], "excluded_lines": []}}, "classes": {"SAMResult": {"executed_lines": [], "summary": {"covered_lines": 0, "num_statements": 0, "percent_covered": 100.0, "percent_covered_display": "100", "missing_lines": 0, "excluded_lines": 0}, "missing_lines": [], "excluded_lines": []}, "SAMDetector": {"executed_lines": [], "summary": {"covered_lines": 0, "num_statements": 34, "percent_covered": 0.0, "percent_covered_display": "0", "missing_lines": 34, "excluded_lines": 0}, "missing_lines": [24, 28, 31, 32, 33, 34, 38, 39, 41, 43, 45, 54, 55, 56, 59, 60, 61, 62, 63, 65, 67, 73, 74, 75, 79, 80, 83, 84, 85, 86, 87, 88, 90, 92], "excluded_lines": []}, "": {"executed_lines": [], "summary": {"covered_lines": 0, "num_statements": 16, "percent_covered": 0.0, "percent_covered_display": "0", "missing_lines": 16, "excluded_lines": 0}, "missing_lines": [3, 4, 5, 6, 7, 9, 12, 13, 15, 16, 17, 20, 23, 26, 36, 77], "excluded_lines": []}}}, "app/api/__init__.py": {"executed_lines": [], "summary": {"covered_lines": 0, "num_statements": 2, "percent_covered": 0.0, "percent_covered_display": "0", "missing_lines": 2, "excluded_lines": 0}, "missing_lines": [2, 4], "excluded_lines": [], "functions": {"": {"executed_lines": [], "summary": {"covered_lines": 0, "num_statements": 2, "percent_covered": 0.0, "percent_covered_display": "0", "missing_lines": 2, "excluded_lines": 0}, "missing_lines": [2, 4], "excluded_lines": []}}, "classes": {"": {"executed_lines": [], "summary": {"covered_lines": 0, "num_statements": 2, "percent_covered": 0.0, "percent_covered_display": "0", "missing_lines": 2, "excluded_lines": 0}, "missing_lines": [2, 4], "excluded_lines": []}}}, "app/api/detection.py": {"executed_lines": [], "summary": {"covered_lines": 0, "num_statements": 85, "percent_covered": 0.0, "percent_covered_display": "0", "missing_lines": 85, "excluded_lines": 0}, "missing_lines": [5, 6, 7, 8, 9, 10, 12, 13, 14, 22, 24, 27, 31, 32, 35, 47, 48, 49, 50, 51, 52, 55, 56, 60, 61, 64, 65, 69, 70, 73, 74, 94, 95, 96, 97, 99, 100, 104, 105, 108, 111, 117, 124, 126, 127, 128, 129, 130, 131, 132, 133, 134, 137, 138, 156, 157, 160, 168, 169, 185, 186, 188, 189, 192, 193, 213, 214, 215, 216, 218, 221, 229, 237, 249, 251, 252, 253, 254, 255, 260, 261, 262, 269, 273, 284], "excluded_lines": [], "functions": {"startup_event": {"executed_lines": [], "summary": {"covered_lines": 0, "num_statements": 2, "percent_covered": 0.0, "percent_covered_display": "0", "missing_lines": 2, "excluded_lines": 0}, "missing_lines": [60, 61], "excluded_lines": []}, "shutdown_event": {"executed_lines": [], "summary": {"covered_lines": 0, "num_statements": 2, "percent_covered": 0.0, "percent_covered_display": "0", "missing_lines": 2, "excluded_lines": 0}, "missing_lines": [69, 70], "excluded_lines": []}, "process_detection": {"executed_lines": [], "summary": {"covered_lines": 0, "num_statements": 21, "percent_covered": 0.0, "percent_covered_display": "0", "missing_lines": 21, "excluded_lines": 0}, "missing_lines": [94, 95, 96, 97, 99, 100, 104, 105, 108, 111, 117, 124, 126, 127, 128, 129, 130, 131, 132, 133, 134], "excluded_lines": []}, "get_detection_status": {"executed_lines": [], "summary": {"covered_lines": 0, "num_statements": 3, "percent_covered": 0.0, "percent_covered_display": "0", "missing_lines": 3, "excluded_lines": 0}, "missing_lines": [156, 157, 160], "excluded_lines": []}, "get_metrics": {"executed_lines": [], "summary": {"covered_lines": 0, "num_statements": 4, "percent_covered": 0.0, "percent_covered_display": "0", "missing_lines": 4, "excluded_lines": 0}, "missing_lines": [185, 186, 188, 189], "excluded_lines": []}, "batch_detection": {"executed_lines": [], "summary": {"covered_lines": 0, "num_statements": 7, "percent_covered": 0.0, "percent_covered_display": "0", "missing_lines": 7, "excluded_lines": 0}, "missing_lines": [213, 214, 215, 216, 218, 221, 229], "excluded_lines": []}, "process_batch_detection": {"executed_lines": [], "summary": {"covered_lines": 0, "num_statements": 10, "percent_covered": 0.0, "percent_covered_display": "0", "missing_lines": 10, "excluded_lines": 0}, "missing_lines": [249, 251, 252, 253, 254, 255, 260, 261, 262, 269], "excluded_lines": []}, "log_detection_analytics": {"executed_lines": [], "summary": {"covered_lines": 0, "num_statements": 1, "percent_covered": 0.0, "percent_covered_display": "0", "missing_lines": 1, "excluded_lines": 0}, "missing_lines": [284], "excluded_lines": []}, "": {"executed_lines": [], "summary": {"covered_lines": 0, "num_statements": 35, "percent_covered": 0.0, "percent_covered_display": "0", "missing_lines": 35, "excluded_lines": 0}, "missing_lines": [5, 6, 7, 8, 9, 10, 12, 13, 14, 22, 24, 27, 31, 32, 35, 47, 48, 49, 50, 51, 52, 55, 56, 64, 65, 73, 74, 137, 138, 168, 169, 192, 193, 237, 273], "excluded_lines": []}}, "classes": {"DetectionResponse": {"executed_lines": [], "summary": {"covered_lines": 0, "num_statements": 0, "percent_covered": 100.0, "percent_covered_display": "100", "missing_lines": 0, "excluded_lines": 0}, "missing_lines": [], "excluded_lines": []}, "": {"executed_lines": [], "summary": {"covered_lines": 0, "num_statements": 85, "percent_covered": 0.0, "percent_covered_display": "0", "missing_lines": 85, "excluded_lines": 0}, "missing_lines": [5, 6, 7, 8, 9, 10, 12, 13, 14, 22, 24, 27, 31, 32, 35, 47, 48, 49, 50, 51, 52, 55, 56, 60, 61, 64, 65, 69, 70, 73, 74, 94, 95, 96, 97, 99, 100, 104, 105, 108, 111, 117, 124, 126, 127, 128, 129, 130, 131, 132, 133, 134, 137, 138, 156, 157, 160, 168, 169, 185, 186, 188, 189, 192, 193, 213, 214, 215, 216, 218, 221, 229, 237, 249, 251, 252, 253, 254, 255, 260, 261, 262, 269, 273, 284], "excluded_lines": []}}}, "app/api/v1/__init__.py": {"executed_lines": [], "summary": {"covered_lines": 0, "num_statements": 5, "percent_covered": 0.0, "percent_covered_display": "0", "missing_lines": 5, "excluded_lines": 0}, "missing_lines": [6, 8, 11, 14, 16], "excluded_lines": [], "functions": {"": {"executed_lines": [], "summary": {"covered_lines": 0, "num_statements": 5, "percent_covered": 0.0, "percent_covered_display": "0", "missing_lines": 5, "excluded_lines": 0}, "missing_lines": [6, 8, 11, 14, 16], "excluded_lines": []}}, "classes": {"": {"executed_lines": [], "summary": {"covered_lines": 0, "num_statements": 5, "percent_covered": 0.0, "percent_covered_display": "0", "missing_lines": 5, "excluded_lines": 0}, "missing_lines": [6, 8, 11, 14, 16], "excluded_lines": []}}}, "app/api/v1/notifications.py": {"executed_lines": [], "summary": {"covered_lines": 0, "num_statements": 97, "percent_covered": 0.0, "percent_covered_display": "0", "missing_lines": 97, "excluded_lines": 0}, "missing_lines": [6, 7, 8, 9, 10, 12, 13, 14, 15, 17, 18, 21, 23, 24, 25, 26, 29, 31, 32, 33, 34, 35, 37, 38, 41, 42, 58, 60, 62, 65, 69, 70, 77, 79, 80, 82, 84, 86, 91, 92, 93, 99, 100, 114, 118, 120, 127, 128, 129, 131, 134, 135, 151, 155, 156, 157, 160, 161, 162, 163, 164, 165, 166, 167, 169, 170, 172, 174, 177, 178, 187, 188, 190, 200, 201, 202, 203, 204, 205, 206, 207, 208, 209, 211, 214, 215, 216, 217, 219, 220, 221, 222, 223, 224, 225, 226, 228], "excluded_lines": [], "functions": {"unsubscribe_from_email": {"executed_lines": [], "summary": {"covered_lines": 0, "num_statements": 15, "percent_covered": 0.0, "percent_covered_display": "0", "missing_lines": 15, "excluded_lines": 0}, "missing_lines": [58, 60, 62, 65, 69, 70, 77, 79, 80, 82, 84, 86, 91, 92, 93], "excluded_lines": []}, "get_notification_preferences": {"executed_lines": [], "summary": {"covered_lines": 0, "num_statements": 7, "percent_covered": 0.0, "percent_covered_display": "0", "missing_lines": 7, "excluded_lines": 0}, "missing_lines": [114, 118, 120, 127, 128, 129, 131], "excluded_lines": []}, "update_notification_preferences": {"executed_lines": [], "summary": {"covered_lines": 0, "num_statements": 16, "percent_covered": 0.0, "percent_covered_display": "0", "missing_lines": 16, "excluded_lines": 0}, "missing_lines": [151, 155, 156, 157, 160, 161, 162, 163, 164, 165, 166, 167, 169, 170, 172, 174], "excluded_lines": []}, "notification_health": {"executed_lines": [], "summary": {"covered_lines": 0, "num_statements": 27, "percent_covered": 0.0, "percent_covered_display": "0", "missing_lines": 27, "excluded_lines": 0}, "missing_lines": [187, 188, 190, 200, 201, 202, 203, 204, 205, 206, 207, 208, 209, 211, 214, 215, 216, 217, 219, 220, 221, 222, 223, 224, 225, 226, 228], "excluded_lines": []}, "": {"executed_lines": [], "summary": {"covered_lines": 0, "num_statements": 32, "percent_covered": 0.0, "percent_covered_display": "0", "missing_lines": 32, "excluded_lines": 0}, "missing_lines": [6, 7, 8, 9, 10, 12, 13, 14, 15, 17, 18, 21, 23, 24, 25, 26, 29, 31, 32, 33, 34, 35, 37, 38, 41, 42, 99, 100, 134, 135, 177, 178], "excluded_lines": []}}, "classes": {"NotificationPreferencesUpdate": {"executed_lines": [], "summary": {"covered_lines": 0, "num_statements": 0, "percent_covered": 100.0, "percent_covered_display": "100", "missing_lines": 0, "excluded_lines": 0}, "missing_lines": [], "excluded_lines": []}, "NotificationPreferencesResponse": {"executed_lines": [], "summary": {"covered_lines": 0, "num_statements": 0, "percent_covered": 100.0, "percent_covered_display": "100", "missing_lines": 0, "excluded_lines": 0}, "missing_lines": [], "excluded_lines": []}, "NotificationPreferencesResponse.Config": {"executed_lines": [], "summary": {"covered_lines": 0, "num_statements": 0, "percent_covered": 100.0, "percent_covered_display": "100", "missing_lines": 0, "excluded_lines": 0}, "missing_lines": [], "excluded_lines": []}, "": {"executed_lines": [], "summary": {"covered_lines": 0, "num_statements": 97, "percent_covered": 0.0, "percent_covered_display": "0", "missing_lines": 97, "excluded_lines": 0}, "missing_lines": [6, 7, 8, 9, 10, 12, 13, 14, 15, 17, 18, 21, 23, 24, 25, 26, 29, 31, 32, 33, 34, 35, 37, 38, 41, 42, 58, 60, 62, 65, 69, 70, 77, 79, 80, 82, 84, 86, 91, 92, 93, 99, 100, 114, 118, 120, 127, 128, 129, 131, 134, 135, 151, 155, 156, 157, 160, 161, 162, 163, 164, 165, 166, 167, 169, 170, 172, 174, 177, 178, 187, 188, 190, 200, 201, 202, 203, 204, 205, 206, 207, 208, 209, 211, 214, 215, 216, 217, 219, 220, 221, 222, 223, 224, 225, 226, 228], "excluded_lines": []}}}, "app/api/v1/optimization.py": {"executed_lines": [], "summary": {"covered_lines": 0, "num_statements": 138, "percent_covered": 0.0, "percent_covered_display": "0", "missing_lines": 138, "excluded_lines": 0}, "missing_lines": [5, 6, 7, 8, 9, 10, 11, 12, 13, 15, 16, 17, 18, 19, 20, 21, 23, 25, 28, 29, 30, 31, 34, 36, 37, 48, 50, 51, 54, 57, 58, 61, 68, 69, 70, 72, 76, 82, 83, 87, 94, 106, 107, 108, 110, 111, 122, 124, 125, 128, 129, 130, 131, 133, 134, 135, 137, 138, 141, 144, 152, 163, 164, 165, 167, 174, 176, 184, 185, 186, 189, 191, 192, 194, 196, 197, 198, 200, 201, 202, 203, 204, 207, 208, 210, 211, 216, 218, 219, 221, 226, 227, 232, 235, 236, 237, 239, 241, 242, 243, 246, 248, 251, 252, 253, 254, 256, 258, 259, 260, 261, 262, 263, 265, 266, 271, 273, 274, 276, 284, 285, 291, 293, 294, 296, 301, 302, 307, 309, 310, 312, 320, 321, 325, 327, 335, 336, 338], "excluded_lines": [], "functions": {"optimize_image": {"executed_lines": [], "summary": {"covered_lines": 0, "num_statements": 19, "percent_covered": 0.0, "percent_covered_display": "0", "missing_lines": 19, "excluded_lines": 0}, "missing_lines": [48, 50, 51, 54, 57, 58, 61, 68, 69, 70, 72, 76, 82, 83, 87, 94, 106, 107, 108], "excluded_lines": []}, "optimize_batch": {"executed_lines": [], "summary": {"covered_lines": 0, "num_statements": 18, "percent_covered": 0.0, "percent_covered_display": "0", "missing_lines": 18, "excluded_lines": 0}, "missing_lines": [122, 124, 125, 128, 129, 130, 131, 133, 134, 135, 137, 138, 141, 144, 152, 163, 164, 165], "excluded_lines": []}, "process_batch_background": {"executed_lines": [], "summary": {"covered_lines": 0, "num_statements": 8, "percent_covered": 0.0, "percent_covered_display": "0", "missing_lines": 8, "excluded_lines": 0}, "missing_lines": [174, 176, 184, 185, 186, 189, 191, 192], "excluded_lines": []}, "broadcast_progress": {"executed_lines": [], "summary": {"covered_lines": 0, "num_statements": 10, "percent_covered": 0.0, "percent_covered_display": "0", "missing_lines": 10, "excluded_lines": 0}, "missing_lines": [196, 197, 198, 200, 201, 202, 203, 204, 207, 208], "excluded_lines": []}, "get_batch_progress": {"executed_lines": [], "summary": {"covered_lines": 0, "num_statements": 4, "percent_covered": 0.0, "percent_covered_display": "0", "missing_lines": 4, "excluded_lines": 0}, "missing_lines": [216, 218, 219, 221], "excluded_lines": []}, "websocket_batch_progress": {"executed_lines": [], "summary": {"covered_lines": 0, "num_statements": 21, "percent_covered": 0.0, "percent_covered_display": "0", "missing_lines": 21, "excluded_lines": 0}, "missing_lines": [232, 235, 236, 237, 239, 241, 242, 243, 246, 248, 251, 252, 253, 254, 256, 258, 259, 260, 261, 262, 263], "excluded_lines": []}, "cancel_batch": {"executed_lines": [], "summary": {"covered_lines": 0, "num_statements": 4, "percent_covered": 0.0, "percent_covered_display": "0", "missing_lines": 4, "excluded_lines": 0}, "missing_lines": [271, 273, 274, 276], "excluded_lines": []}, "get_optimized_image": {"executed_lines": [], "summary": {"covered_lines": 0, "num_statements": 4, "percent_covered": 0.0, "percent_covered_display": "0", "missing_lines": 4, "excluded_lines": 0}, "missing_lines": [291, 293, 294, 296], "excluded_lines": []}, "delete_image": {"executed_lines": [], "summary": {"covered_lines": 0, "num_statements": 4, "percent_covered": 0.0, "percent_covered_display": "0", "missing_lines": 4, "excluded_lines": 0}, "missing_lines": [307, 309, 310, 312], "excluded_lines": []}, "get_optimization_stats": {"executed_lines": [], "summary": {"covered_lines": 0, "num_statements": 2, "percent_covered": 0.0, "percent_covered_display": "0", "missing_lines": 2, "excluded_lines": 0}, "missing_lines": [325, 327], "excluded_lines": []}, "health_check": {"executed_lines": [], "summary": {"covered_lines": 0, "num_statements": 1, "percent_covered": 0.0, "percent_covered_display": "0", "missing_lines": 1, "excluded_lines": 0}, "missing_lines": [338], "excluded_lines": []}, "": {"executed_lines": [], "summary": {"covered_lines": 0, "num_statements": 43, "percent_covered": 0.0, "percent_covered_display": "0", "missing_lines": 43, "excluded_lines": 0}, "missing_lines": [5, 6, 7, 8, 9, 10, 11, 12, 13, 15, 16, 17, 18, 19, 20, 21, 23, 25, 28, 29, 30, 31, 34, 36, 37, 110, 111, 167, 194, 210, 211, 226, 227, 265, 266, 284, 285, 301, 302, 320, 321, 335, 336], "excluded_lines": []}}, "classes": {"": {"executed_lines": [], "summary": {"covered_lines": 0, "num_statements": 138, "percent_covered": 0.0, "percent_covered_display": "0", "missing_lines": 138, "excluded_lines": 0}, "missing_lines": [5, 6, 7, 8, 9, 10, 11, 12, 13, 15, 16, 17, 18, 19, 20, 21, 23, 25, 28, 29, 30, 31, 34, 36, 37, 48, 50, 51, 54, 57, 58, 61, 68, 69, 70, 72, 76, 82, 83, 87, 94, 106, 107, 108, 110, 111, 122, 124, 125, 128, 129, 130, 131, 133, 134, 135, 137, 138, 141, 144, 152, 163, 164, 165, 167, 174, 176, 184, 185, 186, 189, 191, 192, 194, 196, 197, 198, 200, 201, 202, 203, 204, 207, 208, 210, 211, 216, 218, 219, 221, 226, 227, 232, 235, 236, 237, 239, 241, 242, 243, 246, 248, 251, 252, 253, 254, 256, 258, 259, 260, 261, 262, 263, 265, 266, 271, 273, 274, 276, 284, 285, 291, 293, 294, 296, 301, 302, 307, 309, 310, 312, 320, 321, 325, 327, 335, 336, 338], "excluded_lines": []}}}, "app/api/v1/training_jobs.py": {"executed_lines": [], "summary": {"covered_lines": 0, "num_statements": 141, "percent_covered": 0.0, "percent_covered_display": "0", "missing_lines": 141, "excluded_lines": 0}, "missing_lines": [15, 16, 17, 18, 19, 21, 22, 23, 24, 25, 27, 28, 29, 37, 41, 56, 63, 84, 90, 93, 94, 102, 104, 105, 116, 133, 135, 136, 137, 138, 139, 140, 146, 147, 150, 151, 154, 175, 181, 195, 198, 200, 201, 207, 208, 209, 210, 211, 214, 215, 216, 217, 218, 221, 229, 244, 250, 269, 270, 271, 277, 279, 280, 283, 284, 285, 287, 288, 291, 292, 293, 295, 298, 301, 302, 305, 306, 307, 308, 309, 311, 319, 328, 334, 354, 357, 359, 360, 366, 367, 373, 374, 375, 378, 379, 380, 382, 384, 393, 399, 416, 418, 419, 421, 424, 425, 428, 444, 450, 459, 462, 464, 465, 468, 469, 470, 471, 472, 473, 474, 475, 476, 477, 479, 481, 484, 490, 499, 502, 504, 505, 508, 509, 510, 511, 514, 515, 527, 528, 530, 532], "excluded_lines": [], "functions": {"create_training_job": {"executed_lines": [], "summary": {"covered_lines": 0, "num_statements": 20, "percent_covered": 0.0, "percent_covered_display": "0", "missing_lines": 20, "excluded_lines": 0}, "missing_lines": [84, 90, 93, 94, 102, 104, 105, 116, 133, 135, 136, 137, 138, 139, 140, 146, 147, 150, 151, 154], "excluded_lines": []}, "get_training_job": {"executed_lines": [], "summary": {"covered_lines": 0, "num_statements": 16, "percent_covered": 0.0, "percent_covered_display": "0", "missing_lines": 16, "excluded_lines": 0}, "missing_lines": [195, 198, 200, 201, 207, 208, 209, 210, 211, 214, 215, 216, 217, 218, 221, 229], "excluded_lines": []}, "list_training_jobs": {"executed_lines": [], "summary": {"covered_lines": 0, "num_statements": 25, "percent_covered": 0.0, "percent_covered_display": "0", "missing_lines": 25, "excluded_lines": 0}, "missing_lines": [269, 270, 271, 277, 279, 280, 283, 284, 285, 287, 288, 291, 292, 293, 295, 298, 301, 302, 305, 306, 307, 308, 309, 311, 319], "excluded_lines": []}, "cancel_training_job": {"executed_lines": [], "summary": {"covered_lines": 0, "num_statements": 14, "percent_covered": 0.0, "percent_covered_display": "0", "missing_lines": 14, "excluded_lines": 0}, "missing_lines": [354, 357, 359, 360, 366, 367, 373, 374, 375, 378, 379, 380, 382, 384], "excluded_lines": []}, "list_models": {"executed_lines": [], "summary": {"covered_lines": 0, "num_statements": 7, "percent_covered": 0.0, "percent_covered_display": "0", "missing_lines": 7, "excluded_lines": 0}, "missing_lines": [416, 418, 419, 421, 424, 425, 428], "excluded_lines": []}, "update_job_progress": {"executed_lines": [], "summary": {"covered_lines": 0, "num_statements": 16, "percent_covered": 0.0, "percent_covered_display": "0", "missing_lines": 16, "excluded_lines": 0}, "missing_lines": [459, 462, 464, 465, 468, 469, 470, 471, 472, 473, 474, 475, 476, 477, 479, 481], "excluded_lines": []}, "complete_training_job": {"executed_lines": [], "summary": {"covered_lines": 0, "num_statements": 14, "percent_covered": 0.0, "percent_covered_display": "0", "missing_lines": 14, "excluded_lines": 0}, "missing_lines": [499, 502, 504, 505, 508, 509, 510, 511, 514, 515, 527, 528, 530, 532], "excluded_lines": []}, "": {"executed_lines": [], "summary": {"covered_lines": 0, "num_statements": 29, "percent_covered": 0.0, "percent_covered_display": "0", "missing_lines": 29, "excluded_lines": 0}, "missing_lines": [15, 16, 17, 18, 19, 21, 22, 23, 24, 25, 27, 28, 29, 37, 41, 56, 63, 175, 181, 244, 250, 328, 334, 393, 399, 444, 450, 484, 490], "excluded_lines": []}}, "classes": {"": {"executed_lines": [], "summary": {"covered_lines": 0, "num_statements": 141, "percent_covered": 0.0, "percent_covered_display": "0", "missing_lines": 141, "excluded_lines": 0}, "missing_lines": [15, 16, 17, 18, 19, 21, 22, 23, 24, 25, 27, 28, 29, 37, 41, 56, 63, 84, 90, 93, 94, 102, 104, 105, 116, 133, 135, 136, 137, 138, 139, 140, 146, 147, 150, 151, 154, 175, 181, 195, 198, 200, 201, 207, 208, 209, 210, 211, 214, 215, 216, 217, 218, 221, 229, 244, 250, 269, 270, 271, 277, 279, 280, 283, 284, 285, 287, 288, 291, 292, 293, 295, 298, 301, 302, 305, 306, 307, 308, 309, 311, 319, 328, 334, 354, 357, 359, 360, 366, 367, 373, 374, 375, 378, 379, 380, 382, 384, 393, 399, 416, 418, 419, 421, 424, 425, 428, 444, 450, 459, 462, 464, 465, 468, 469, 470, 471, 472, 473, 474, 475, 476, 477, 479, 481, 484, 490, 499, 502, 504, 505, 508, 509, 510, 511, 514, 515, 527, 528, 530, 532], "excluded_lines": []}}}, "app/api/websocket.py": {"executed_lines": [], "summary": {"covered_lines": 0, "num_statements": 59, "percent_covered": 0.0, "percent_covered_display": "0", "missing_lines": 59, "excluded_lines": 0}, "missing_lines": [5, 6, 7, 8, 9, 11, 13, 15, 18, 19, 45, 47, 48, 50, 52, 53, 54, 56, 57, 58, 59, 60, 62, 63, 64, 65, 66, 68, 69, 75, 84, 85, 93, 94, 95, 104, 105, 106, 107, 108, 109, 112, 113, 127, 128, 130, 131, 133, 136, 137, 139, 140, 141, 142, 143, 144, 147, 148, 155], "excluded_lines": [], "functions": {"websocket_detection_endpoint": {"executed_lines": [], "summary": {"covered_lines": 0, "num_statements": 31, "percent_covered": 0.0, "percent_covered_display": "0", "missing_lines": 31, "excluded_lines": 0}, "missing_lines": [45, 47, 48, 50, 52, 53, 54, 56, 57, 58, 59, 60, 62, 63, 64, 65, 66, 68, 69, 75, 84, 85, 93, 94, 95, 104, 105, 106, 107, 108, 109], "excluded_lines": []}, "websocket_upload_status": {"executed_lines": [], "summary": {"covered_lines": 0, "num_statements": 13, "percent_covered": 0.0, "percent_covered_display": "0", "missing_lines": 13, "excluded_lines": 0}, "missing_lines": [127, 128, 130, 131, 133, 136, 137, 139, 140, 141, 142, 143, 144], "excluded_lines": []}, "get_websocket_stats": {"executed_lines": [], "summary": {"covered_lines": 0, "num_statements": 1, "percent_covered": 0.0, "percent_covered_display": "0", "missing_lines": 1, "excluded_lines": 0}, "missing_lines": [155], "excluded_lines": []}, "": {"executed_lines": [], "summary": {"covered_lines": 0, "num_statements": 14, "percent_covered": 0.0, "percent_covered_display": "0", "missing_lines": 14, "excluded_lines": 0}, "missing_lines": [5, 6, 7, 8, 9, 11, 13, 15, 18, 19, 112, 113, 147, 148], "excluded_lines": []}}, "classes": {"": {"executed_lines": [], "summary": {"covered_lines": 0, "num_statements": 59, "percent_covered": 0.0, "percent_covered_display": "0", "missing_lines": 59, "excluded_lines": 0}, "missing_lines": [5, 6, 7, 8, 9, 11, 13, 15, 18, 19, 45, 47, 48, 50, 52, 53, 54, 56, 57, 58, 59, 60, 62, 63, 64, 65, 66, 68, 69, 75, 84, 85, 93, 94, 95, 104, 105, 106, 107, 108, 109, 112, 113, 127, 128, 130, 131, 133, 136, 137, 139, 140, 141, 142, 143, 144, 147, 148, 155], "excluded_lines": []}}}, "app/api/websocket/__init__.py": {"executed_lines": [], "summary": {"covered_lines": 0, "num_statements": 2, "percent_covered": 0.0, "percent_covered_display": "0", "missing_lines": 2, "excluded_lines": 0}, "missing_lines": [3, 5], "excluded_lines": [], "functions": {"": {"executed_lines": [], "summary": {"covered_lines": 0, "num_statements": 2, "percent_covered": 0.0, "percent_covered_display": "0", "missing_lines": 2, "excluded_lines": 0}, "missing_lines": [3, 5], "excluded_lines": []}}, "classes": {"": {"executed_lines": [], "summary": {"covered_lines": 0, "num_statements": 2, "percent_covered": 0.0, "percent_covered_display": "0", "missing_lines": 2, "excluded_lines": 0}, "missing_lines": [3, 5], "excluded_lines": []}}}, "app/api/websocket/batch_events.py": {"executed_lines": [], "summary": {"covered_lines": 0, "num_statements": 118, "percent_covered": 0.0, "percent_covered_display": "0", "missing_lines": 118, "excluded_lines": 0}, "missing_lines": [3, 4, 5, 6, 7, 9, 10, 12, 15, 18, 21, 23, 25, 27, 29, 31, 33, 34, 35, 36, 37, 39, 42, 43, 44, 46, 49, 50, 52, 54, 55, 56, 57, 58, 60, 62, 64, 65, 66, 67, 68, 70, 73, 74, 77, 78, 79, 80, 82, 83, 84, 87, 90, 91, 92, 93, 94, 95, 96, 97, 98, 101, 102, 103, 104, 106, 108, 117, 119, 121, 131, 133, 142, 154, 156, 166, 179, 181, 191, 206, 208, 217, 229, 232, 234, 236, 237, 238, 239, 241, 248, 249, 250, 252, 253, 255, 257, 258, 260, 265, 267, 268, 273, 274, 279, 281, 291, 294, 296, 298, 299, 301, 302, 304, 305, 306, 307, 308], "excluded_lines": [], "functions": {"BatchWebSocketManager.__init__": {"executed_lines": [], "summary": {"covered_lines": 0, "num_statements": 4, "percent_covered": 0.0, "percent_covered_display": "0", "missing_lines": 4, "excluded_lines": 0}, "missing_lines": [21, 23, 25, 27], "excluded_lines": []}, "BatchWebSocketManager.connect": {"executed_lines": [], "summary": {"covered_lines": 0, "num_statements": 13, "percent_covered": 0.0, "percent_covered_display": "0", "missing_lines": 13, "excluded_lines": 0}, "missing_lines": [31, 33, 34, 35, 36, 37, 39, 42, 43, 44, 46, 49, 50], "excluded_lines": []}, "BatchWebSocketManager.disconnect": {"executed_lines": [], "summary": {"covered_lines": 0, "num_statements": 6, "percent_covered": 0.0, "percent_covered_display": "0", "missing_lines": 6, "excluded_lines": 0}, "missing_lines": [54, 55, 56, 57, 58, 60], "excluded_lines": []}, "BatchWebSocketManager.send_to_client": {"executed_lines": [], "summary": {"covered_lines": 0, "num_statements": 5, "percent_covered": 0.0, "percent_covered_display": "0", "missing_lines": 5, "excluded_lines": 0}, "missing_lines": [64, 65, 66, 67, 68], "excluded_lines": []}, "BatchWebSocketManager.broadcast_event": {"executed_lines": [], "summary": {"covered_lines": 0, "num_statements": 23, "percent_covered": 0.0, "percent_covered_display": "0", "missing_lines": 23, "excluded_lines": 0}, "missing_lines": [73, 74, 77, 78, 79, 80, 82, 83, 84, 87, 90, 91, 92, 93, 94, 95, 96, 97, 98, 101, 102, 103, 104], "excluded_lines": []}, "BatchWebSocketManager.emit_batch_started": {"executed_lines": [], "summary": {"covered_lines": 0, "num_statements": 2, "percent_covered": 0.0, "percent_covered_display": "0", "missing_lines": 2, "excluded_lines": 0}, "missing_lines": [108, 117], "excluded_lines": []}, "BatchWebSocketManager.emit_item_processing": {"executed_lines": [], "summary": {"covered_lines": 0, "num_statements": 2, "percent_covered": 0.0, "percent_covered_display": "0", "missing_lines": 2, "excluded_lines": 0}, "missing_lines": [121, 131], "excluded_lines": []}, "BatchWebSocketManager.emit_item_completed": {"executed_lines": [], "summary": {"covered_lines": 0, "num_statements": 2, "percent_covered": 0.0, "percent_covered_display": "0", "missing_lines": 2, "excluded_lines": 0}, "missing_lines": [142, 154], "excluded_lines": []}, "BatchWebSocketManager.emit_item_failed": {"executed_lines": [], "summary": {"covered_lines": 0, "num_statements": 2, "percent_covered": 0.0, "percent_covered_display": "0", "missing_lines": 2, "excluded_lines": 0}, "missing_lines": [166, 179], "excluded_lines": []}, "BatchWebSocketManager.emit_batch_progress": {"executed_lines": [], "summary": {"covered_lines": 0, "num_statements": 2, "percent_covered": 0.0, "percent_covered_display": "0", "missing_lines": 2, "excluded_lines": 0}, "missing_lines": [191, 206], "excluded_lines": []}, "BatchWebSocketManager.emit_batch_completed": {"executed_lines": [], "summary": {"covered_lines": 0, "num_statements": 3, "percent_covered": 0.0, "percent_covered_display": "0", "missing_lines": 3, "excluded_lines": 0}, "missing_lines": [217, 229, 232], "excluded_lines": []}, "BatchWebSocketManager.clear_batch_data": {"executed_lines": [], "summary": {"covered_lines": 0, "num_statements": 4, "percent_covered": 0.0, "percent_covered_display": "0", "missing_lines": 4, "excluded_lines": 0}, "missing_lines": [236, 237, 238, 239], "excluded_lines": []}, "BatchWebSocketManager.handle_client_message": {"executed_lines": [], "summary": {"covered_lines": 0, "num_statements": 14, "percent_covered": 0.0, "percent_covered_display": "0", "missing_lines": 14, "excluded_lines": 0}, "missing_lines": [248, 249, 250, 252, 253, 255, 257, 258, 260, 265, 267, 268, 273, 274], "excluded_lines": []}, "BatchWebSocketManager.get_connection_stats": {"executed_lines": [], "summary": {"covered_lines": 0, "num_statements": 1, "percent_covered": 0.0, "percent_covered_display": "0", "missing_lines": 1, "excluded_lines": 0}, "missing_lines": [281], "excluded_lines": []}, "batch_websocket_endpoint": {"executed_lines": [], "summary": {"covered_lines": 0, "num_statements": 10, "percent_covered": 0.0, "percent_covered_display": "0", "missing_lines": 10, "excluded_lines": 0}, "missing_lines": [296, 298, 299, 301, 302, 304, 305, 306, 307, 308], "excluded_lines": []}, "": {"executed_lines": [], "summary": {"covered_lines": 0, "num_statements": 25, "percent_covered": 0.0, "percent_covered_display": "0", "missing_lines": 25, "excluded_lines": 0}, "missing_lines": [3, 4, 5, 6, 7, 9, 10, 12, 15, 18, 29, 52, 62, 70, 106, 119, 133, 156, 181, 208, 234, 241, 279, 291, 294], "excluded_lines": []}}, "classes": {"BatchWebSocketManager": {"executed_lines": [], "summary": {"covered_lines": 0, "num_statements": 83, "percent_covered": 0.0, "percent_covered_display": "0", "missing_lines": 83, "excluded_lines": 0}, "missing_lines": [21, 23, 25, 27, 31, 33, 34, 35, 36, 37, 39, 42, 43, 44, 46, 49, 50, 54, 55, 56, 57, 58, 60, 64, 65, 66, 67, 68, 73, 74, 77, 78, 79, 80, 82, 83, 84, 87, 90, 91, 92, 93, 94, 95, 96, 97, 98, 101, 102, 103, 104, 108, 117, 121, 131, 142, 154, 166, 179, 191, 206, 217, 229, 232, 236, 237, 238, 239, 248, 249, 250, 252, 253, 255, 257, 258, 260, 265, 267, 268, 273, 274, 281], "excluded_lines": []}, "": {"executed_lines": [], "summary": {"covered_lines": 0, "num_statements": 35, "percent_covered": 0.0, "percent_covered_display": "0", "missing_lines": 35, "excluded_lines": 0}, "missing_lines": [3, 4, 5, 6, 7, 9, 10, 12, 15, 18, 29, 52, 62, 70, 106, 119, 133, 156, 181, 208, 234, 241, 279, 291, 294, 296, 298, 299, 301, 302, 304, 305, 306, 307, 308], "excluded_lines": []}}}, "app/api/websocket/training_events.py": {"executed_lines": [], "summary": {"covered_lines": 0, "num_statements": 98, "percent_covered": 0.0, "percent_covered_display": "0", "missing_lines": 98, "excluded_lines": 0}, "missing_lines": [3, 4, 5, 6, 7, 9, 10, 12, 15, 18, 21, 23, 25, 27, 29, 31, 32, 33, 34, 36, 39, 40, 42, 44, 45, 46, 47, 48, 50, 52, 54, 55, 56, 57, 58, 60, 63, 66, 69, 70, 71, 72, 73, 74, 75, 76, 77, 80, 81, 82, 83, 85, 87, 97, 99, 107, 119, 121, 127, 136, 138, 145, 156, 159, 161, 168, 179, 182, 184, 186, 187, 189, 192, 194, 202, 204, 206, 208, 212, 215, 217, 219, 220, 222, 225, 226, 228, 229, 231, 232, 233, 235, 236, 241, 242, 243, 244, 245], "excluded_lines": [], "functions": {"TrainingWebSocketManager.__init__": {"executed_lines": [], "summary": {"covered_lines": 0, "num_statements": 3, "percent_covered": 0.0, "percent_covered_display": "0", "missing_lines": 3, "excluded_lines": 0}, "missing_lines": [21, 23, 25], "excluded_lines": []}, "TrainingWebSocketManager.connect": {"executed_lines": [], "summary": {"covered_lines": 0, "num_statements": 8, "percent_covered": 0.0, "percent_covered_display": "0", "missing_lines": 8, "excluded_lines": 0}, "missing_lines": [29, 31, 32, 33, 34, 36, 39, 40], "excluded_lines": []}, "TrainingWebSocketManager.disconnect": {"executed_lines": [], "summary": {"covered_lines": 0, "num_statements": 6, "percent_covered": 0.0, "percent_covered_display": "0", "missing_lines": 6, "excluded_lines": 0}, "missing_lines": [44, 45, 46, 47, 48, 50], "excluded_lines": []}, "TrainingWebSocketManager.send_to_client": {"executed_lines": [], "summary": {"covered_lines": 0, "num_statements": 5, "percent_covered": 0.0, "percent_covered_display": "0", "missing_lines": 5, "excluded_lines": 0}, "missing_lines": [54, 55, 56, 57, 58], "excluded_lines": []}, "TrainingWebSocketManager.broadcast_progress": {"executed_lines": [], "summary": {"covered_lines": 0, "num_statements": 15, "percent_covered": 0.0, "percent_covered_display": "0", "missing_lines": 15, "excluded_lines": 0}, "missing_lines": [63, 66, 69, 70, 71, 72, 73, 74, 75, 76, 77, 80, 81, 82, 83], "excluded_lines": []}, "TrainingWebSocketManager.emit_training_started": {"executed_lines": [], "summary": {"covered_lines": 0, "num_statements": 2, "percent_covered": 0.0, "percent_covered_display": "0", "missing_lines": 2, "excluded_lines": 0}, "missing_lines": [87, 97], "excluded_lines": []}, "TrainingWebSocketManager.emit_epoch_progress": {"executed_lines": [], "summary": {"covered_lines": 0, "num_statements": 2, "percent_covered": 0.0, "percent_covered_display": "0", "missing_lines": 2, "excluded_lines": 0}, "missing_lines": [107, 119], "excluded_lines": []}, "TrainingWebSocketManager.emit_metrics_update": {"executed_lines": [], "summary": {"covered_lines": 0, "num_statements": 2, "percent_covered": 0.0, "percent_covered_display": "0", "missing_lines": 2, "excluded_lines": 0}, "missing_lines": [127, 136], "excluded_lines": []}, "TrainingWebSocketManager.emit_training_completed": {"executed_lines": [], "summary": {"covered_lines": 0, "num_statements": 3, "percent_covered": 0.0, "percent_covered_display": "0", "missing_lines": 3, "excluded_lines": 0}, "missing_lines": [145, 156, 159], "excluded_lines": []}, "TrainingWebSocketManager.emit_training_failed": {"executed_lines": [], "summary": {"covered_lines": 0, "num_statements": 3, "percent_covered": 0.0, "percent_covered_display": "0", "missing_lines": 3, "excluded_lines": 0}, "missing_lines": [168, 179, 182], "excluded_lines": []}, "TrainingWebSocketManager.clear_job_cache": {"executed_lines": [], "summary": {"covered_lines": 0, "num_statements": 2, "percent_covered": 0.0, "percent_covered_display": "0", "missing_lines": 2, "excluded_lines": 0}, "missing_lines": [186, 187], "excluded_lines": []}, "TrainingWebSocketManager.handle_reconnection": {"executed_lines": [], "summary": {"covered_lines": 0, "num_statements": 2, "percent_covered": 0.0, "percent_covered_display": "0", "missing_lines": 2, "excluded_lines": 0}, "missing_lines": [192, 194], "excluded_lines": []}, "TrainingWebSocketManager.get_active_jobs": {"executed_lines": [], "summary": {"covered_lines": 0, "num_statements": 1, "percent_covered": 0.0, "percent_covered_display": "0", "missing_lines": 1, "excluded_lines": 0}, "missing_lines": [204], "excluded_lines": []}, "TrainingWebSocketManager.get_connection_count": {"executed_lines": [], "summary": {"covered_lines": 0, "num_statements": 1, "percent_covered": 0.0, "percent_covered_display": "0", "missing_lines": 1, "excluded_lines": 0}, "missing_lines": [208], "excluded_lines": []}, "training_websocket_endpoint": {"executed_lines": [], "summary": {"covered_lines": 0, "num_statements": 18, "percent_covered": 0.0, "percent_covered_display": "0", "missing_lines": 18, "excluded_lines": 0}, "missing_lines": [217, 219, 220, 222, 225, 226, 228, 229, 231, 232, 233, 235, 236, 241, 242, 243, 244, 245], "excluded_lines": []}, "": {"executed_lines": [], "summary": {"covered_lines": 0, "num_statements": 25, "percent_covered": 0.0, "percent_covered_display": "0", "missing_lines": 25, "excluded_lines": 0}, "missing_lines": [3, 4, 5, 6, 7, 9, 10, 12, 15, 18, 27, 42, 52, 60, 85, 99, 121, 138, 161, 184, 189, 202, 206, 212, 215], "excluded_lines": []}}, "classes": {"TrainingWebSocketManager": {"executed_lines": [], "summary": {"covered_lines": 0, "num_statements": 55, "percent_covered": 0.0, "percent_covered_display": "0", "missing_lines": 55, "excluded_lines": 0}, "missing_lines": [21, 23, 25, 29, 31, 32, 33, 34, 36, 39, 40, 44, 45, 46, 47, 48, 50, 54, 55, 56, 57, 58, 63, 66, 69, 70, 71, 72, 73, 74, 75, 76, 77, 80, 81, 82, 83, 87, 97, 107, 119, 127, 136, 145, 156, 159, 168, 179, 182, 186, 187, 192, 194, 204, 208], "excluded_lines": []}, "": {"executed_lines": [], "summary": {"covered_lines": 0, "num_statements": 43, "percent_covered": 0.0, "percent_covered_display": "0", "missing_lines": 43, "excluded_lines": 0}, "missing_lines": [3, 4, 5, 6, 7, 9, 10, 12, 15, 18, 27, 42, 52, 60, 85, 99, 121, 138, 161, 184, 189, 202, 206, 212, 215, 217, 219, 220, 222, 225, 226, 228, 229, 231, 232, 233, 235, 236, 241, 242, 243, 244, 245], "excluded_lines": []}}}, "app/api/websocket/training_events_db.py": {"executed_lines": [], "summary": {"covered_lines": 0, "num_statements": 133, "percent_covered": 0.0, "percent_covered_display": "0", "missing_lines": 133, "excluded_lines": 0}, "missing_lines": [14, 15, 16, 17, 18, 19, 21, 22, 24, 27, 39, 42, 45, 47, 55, 56, 59, 60, 61, 63, 65, 66, 67, 69, 83, 85, 87, 88, 90, 93, 94, 95, 97, 105, 106, 107, 108, 111, 112, 114, 124, 131, 133, 157, 158, 160, 162, 177, 179, 189, 196, 198, 208, 215, 217, 225, 226, 227, 230, 233, 235, 236, 237, 238, 239, 240, 241, 244, 245, 246, 248, 249, 253, 256, 272, 273, 274, 275, 276, 279, 280, 281, 282, 283, 284, 285, 286, 287, 288, 291, 292, 293, 294, 295, 296, 297, 298, 299, 300, 301, 302, 303, 304, 306, 309, 310, 311, 313, 316, 317, 318, 320, 322, 323, 325, 331, 332, 334, 336, 337, 338, 339, 340, 341, 343, 351, 352, 353, 354, 356, 358, 359, 361], "excluded_lines": [], "functions": {"TrainingWebSocketManager.__init__": {"executed_lines": [], "summary": {"covered_lines": 0, "num_statements": 2, "percent_covered": 0.0, "percent_covered_display": "0", "missing_lines": 2, "excluded_lines": 0}, "missing_lines": [42, 45], "excluded_lines": []}, "TrainingWebSocketManager.connect": {"executed_lines": [], "summary": {"covered_lines": 0, "num_statements": 18, "percent_covered": 0.0, "percent_covered_display": "0", "missing_lines": 18, "excluded_lines": 0}, "missing_lines": [55, 56, 59, 60, 61, 63, 65, 66, 67, 69, 83, 85, 87, 88, 90, 93, 94, 95], "excluded_lines": []}, "TrainingWebSocketManager.disconnect": {"executed_lines": [], "summary": {"covered_lines": 0, "num_statements": 6, "percent_covered": 0.0, "percent_covered_display": "0", "missing_lines": 6, "excluded_lines": 0}, "missing_lines": [105, 106, 107, 108, 111, 112], "excluded_lines": []}, "TrainingWebSocketManager.emit_training_started": {"executed_lines": [], "summary": {"covered_lines": 0, "num_statements": 2, "percent_covered": 0.0, "percent_covered_display": "0", "missing_lines": 2, "excluded_lines": 0}, "missing_lines": [124, 131], "excluded_lines": []}, "TrainingWebSocketManager.emit_progress_from_db": {"executed_lines": [], "summary": {"covered_lines": 0, "num_statements": 5, "percent_covered": 0.0, "percent_covered_display": "0", "missing_lines": 5, "excluded_lines": 0}, "missing_lines": [157, 158, 160, 162, 177], "excluded_lines": []}, "TrainingWebSocketManager.emit_training_completed": {"executed_lines": [], "summary": {"covered_lines": 0, "num_statements": 2, "percent_covered": 0.0, "percent_covered_display": "0", "missing_lines": 2, "excluded_lines": 0}, "missing_lines": [189, 196], "excluded_lines": []}, "TrainingWebSocketManager.emit_training_failed": {"executed_lines": [], "summary": {"covered_lines": 0, "num_statements": 2, "percent_covered": 0.0, "percent_covered_display": "0", "missing_lines": 2, "excluded_lines": 0}, "missing_lines": [208, 215], "excluded_lines": []}, "TrainingWebSocketManager._broadcast": {"executed_lines": [], "summary": {"covered_lines": 0, "num_statements": 17, "percent_covered": 0.0, "percent_covered_display": "0", "missing_lines": 17, "excluded_lines": 0}, "missing_lines": [225, 226, 227, 230, 233, 235, 236, 237, 238, 239, 240, 241, 244, 245, 246, 248, 249], "excluded_lines": []}, "training_websocket_endpoint": {"executed_lines": [], "summary": {"covered_lines": 0, "num_statements": 59, "percent_covered": 0.0, "percent_covered_display": "0", "missing_lines": 59, "excluded_lines": 0}, "missing_lines": [272, 273, 274, 275, 276, 279, 280, 281, 282, 283, 284, 285, 286, 287, 288, 291, 292, 293, 294, 295, 296, 297, 298, 299, 300, 301, 302, 303, 304, 306, 309, 310, 311, 313, 316, 317, 318, 320, 322, 323, 325, 331, 332, 334, 336, 337, 338, 339, 340, 341, 343, 351, 352, 353, 354, 356, 358, 359, 361], "excluded_lines": []}, "": {"executed_lines": [], "summary": {"covered_lines": 0, "num_statements": 20, "percent_covered": 0.0, "percent_covered_display": "0", "missing_lines": 20, "excluded_lines": 0}, "missing_lines": [14, 15, 16, 17, 18, 19, 21, 22, 24, 27, 39, 47, 97, 114, 133, 179, 198, 217, 253, 256], "excluded_lines": []}}, "classes": {"TrainingWebSocketManager": {"executed_lines": [], "summary": {"covered_lines": 0, "num_statements": 54, "percent_covered": 0.0, "percent_covered_display": "0", "missing_lines": 54, "excluded_lines": 0}, "missing_lines": [42, 45, 55, 56, 59, 60, 61, 63, 65, 66, 67, 69, 83, 85, 87, 88, 90, 93, 94, 95, 105, 106, 107, 108, 111, 112, 124, 131, 157, 158, 160, 162, 177, 189, 196, 208, 215, 225, 226, 227, 230, 233, 235, 236, 237, 238, 239, 240, 241, 244, 245, 246, 248, 249], "excluded_lines": []}, "": {"executed_lines": [], "summary": {"covered_lines": 0, "num_statements": 79, "percent_covered": 0.0, "percent_covered_display": "0", "missing_lines": 79, "excluded_lines": 0}, "missing_lines": [14, 15, 16, 17, 18, 19, 21, 22, 24, 27, 39, 47, 97, 114, 133, 179, 198, 217, 253, 256, 272, 273, 274, 275, 276, 279, 280, 281, 282, 283, 284, 285, 286, 287, 288, 291, 292, 293, 294, 295, 296, 297, 298, 299, 300, 301, 302, 303, 304, 306, 309, 310, 311, 313, 316, 317, 318, 320, 322, 323, 325, 331, 332, 334, 336, 337, 338, 339, 340, 341, 343, 351, 352, 353, 354, 356, 358, 359, 361], "excluded_lines": []}}}, "app/auth.py": {"executed_lines": [], "summary": {"covered_lines": 0, "num_statements": 210, "percent_covered": 0.0, "percent_covered_display": "0", "missing_lines": 210, "excluded_lines": 0}, "missing_lines": [5, 6, 7, 8, 9, 10, 11, 12, 13, 14, 15, 16, 18, 21, 22, 23, 24, 25, 26, 29, 32, 35, 37, 38, 39, 42, 44, 45, 46, 47, 48, 49, 50, 53, 55, 56, 57, 58, 61, 64, 65, 66, 67, 68, 70, 72, 73, 74, 77, 84, 90, 95, 97, 98, 100, 102, 104, 106, 108, 110, 111, 113, 114, 115, 116, 118, 119, 121, 123, 129, 132, 133, 135, 138, 139, 147, 148, 155, 156, 158, 160, 161, 170, 171, 177, 178, 180, 182, 184, 185, 188, 189, 191, 192, 194, 195, 197, 198, 201, 202, 209, 210, 211, 213, 215, 216, 218, 220, 223, 224, 225, 226, 227, 230, 235, 237, 238, 239, 240, 241, 243, 244, 247, 248, 249, 250, 252, 254, 255, 257, 259, 260, 261, 263, 264, 265, 266, 268, 270, 272, 274, 275, 278, 279, 282, 283, 284, 285, 291, 296, 298, 299, 300, 302, 304, 305, 307, 308, 318, 320, 322, 324, 326, 327, 329, 330, 331, 334, 335, 336, 337, 339, 341, 343, 345, 348, 351, 352, 359, 360, 365, 367, 369, 371, 372, 374, 375, 377, 378, 380, 382, 383, 390, 396, 398, 400, 402, 403, 406, 408, 409, 410, 413, 414, 416, 420, 423, 436, 440, 447], "excluded_lines": [], "functions": {"AuthManager.__init__": {"executed_lines": [], "summary": {"covered_lines": 0, "num_statements": 4, "percent_covered": 0.0, "percent_covered_display": "0", "missing_lines": 4, "excluded_lines": 0}, "missing_lines": [65, 66, 67, 68], "excluded_lines": []}, "AuthManager._generate_keys": {"executed_lines": [], "summary": {"covered_lines": 0, "num_statements": 6, "percent_covered": 0.0, "percent_covered_display": "0", "missing_lines": 6, "excluded_lines": 0}, "missing_lines": [72, 73, 74, 77, 84, 90], "excluded_lines": []}, "AuthManager.ensure_redis": {"executed_lines": [], "summary": {"covered_lines": 0, "num_statements": 2, "percent_covered": 0.0, "percent_covered_display": "0", "missing_lines": 2, "excluded_lines": 0}, "missing_lines": [97, 98], "excluded_lines": []}, "AuthManager.verify_password": {"executed_lines": [], "summary": {"covered_lines": 0, "num_statements": 1, "percent_covered": 0.0, "percent_covered_display": "0", "missing_lines": 1, "excluded_lines": 0}, "missing_lines": [102], "excluded_lines": []}, "AuthManager.get_password_hash": {"executed_lines": [], "summary": {"covered_lines": 0, "num_statements": 1, "percent_covered": 0.0, "percent_covered_display": "0", "missing_lines": 1, "excluded_lines": 0}, "missing_lines": [106], "excluded_lines": []}, "AuthManager.validate_password_strength": {"executed_lines": [], "summary": {"covered_lines": 0, "num_statements": 9, "percent_covered": 0.0, "percent_covered_display": "0", "missing_lines": 9, "excluded_lines": 0}, "missing_lines": [110, 111, 113, 114, 115, 116, 118, 119, 121], "excluded_lines": []}, "AuthManager.create_access_token": {"executed_lines": [], "summary": {"covered_lines": 0, "num_statements": 10, "percent_covered": 0.0, "percent_covered_display": "0", "missing_lines": 10, "excluded_lines": 0}, "missing_lines": [129, 132, 133, 135, 138, 139, 147, 148, 155, 156], "excluded_lines": []}, "AuthManager.create_refresh_token": {"executed_lines": [], "summary": {"covered_lines": 0, "num_statements": 6, "percent_covered": 0.0, "percent_covered_display": "0", "missing_lines": 6, "excluded_lines": 0}, "missing_lines": [160, 161, 170, 171, 177, 178], "excluded_lines": []}, "AuthManager.rotate_refresh_token": {"executed_lines": [], "summary": {"covered_lines": 0, "num_statements": 19, "percent_covered": 0.0, "percent_covered_display": "0", "missing_lines": 19, "excluded_lines": 0}, "missing_lines": [182, 184, 185, 188, 189, 191, 192, 194, 195, 197, 198, 201, 202, 209, 210, 211, 213, 215, 216], "excluded_lines": []}, "AuthManager.handle_token_reuse": {"executed_lines": [], "summary": {"covered_lines": 0, "num_statements": 7, "percent_covered": 0.0, "percent_covered_display": "0", "missing_lines": 7, "excluded_lines": 0}, "missing_lines": [220, 223, 224, 225, 226, 227, 230], "excluded_lines": []}, "AuthManager.verify_token": {"executed_lines": [], "summary": {"covered_lines": 0, "num_statements": 14, "percent_covered": 0.0, "percent_covered_display": "0", "missing_lines": 14, "excluded_lines": 0}, "missing_lines": [237, 238, 239, 240, 241, 243, 244, 247, 248, 249, 250, 252, 254, 255], "excluded_lines": []}, "AuthManager.check_account_lockout": {"executed_lines": [], "summary": {"covered_lines": 0, "num_statements": 9, "percent_covered": 0.0, "percent_covered_display": "0", "missing_lines": 9, "excluded_lines": 0}, "missing_lines": [259, 260, 261, 263, 264, 265, 266, 268, 270], "excluded_lines": []}, "AuthManager.record_failed_attempt": {"executed_lines": [], "summary": {"covered_lines": 0, "num_statements": 9, "percent_covered": 0.0, "percent_covered_display": "0", "missing_lines": 9, "excluded_lines": 0}, "missing_lines": [274, 275, 278, 279, 282, 283, 284, 285, 291], "excluded_lines": []}, "AuthManager.reset_failed_attempts": {"executed_lines": [], "summary": {"covered_lines": 0, "num_statements": 3, "percent_covered": 0.0, "percent_covered_display": "0", "missing_lines": 3, "excluded_lines": 0}, "missing_lines": [298, 299, 300], "excluded_lines": []}, "AuthManager.create_api_key": {"executed_lines": [], "summary": {"covered_lines": 0, "num_statements": 5, "percent_covered": 0.0, "percent_covered_display": "0", "missing_lines": 5, "excluded_lines": 0}, "missing_lines": [304, 305, 307, 308, 318], "excluded_lines": []}, "AuthManager.verify_api_key": {"executed_lines": [], "summary": {"covered_lines": 0, "num_statements": 13, "percent_covered": 0.0, "percent_covered_display": "0", "missing_lines": 13, "excluded_lines": 0}, "missing_lines": [322, 324, 326, 327, 329, 330, 331, 334, 335, 336, 337, 339, 341], "excluded_lines": []}, "AuthManager.setup_mfa": {"executed_lines": [], "summary": {"covered_lines": 0, "num_statements": 7, "percent_covered": 0.0, "percent_covered_display": "0", "missing_lines": 7, "excluded_lines": 0}, "missing_lines": [345, 348, 351, 352, 359, 360, 365], "excluded_lines": []}, "AuthManager.verify_mfa": {"executed_lines": [], "summary": {"covered_lines": 0, "num_statements": 7, "percent_covered": 0.0, "percent_covered_display": "0", "missing_lines": 7, "excluded_lines": 0}, "missing_lines": [369, 371, 372, 374, 375, 377, 378], "excluded_lines": []}, "AuthManager.log_security_event": {"executed_lines": [], "summary": {"covered_lines": 0, "num_statements": 5, "percent_covered": 0.0, "percent_covered_display": "0", "missing_lines": 5, "excluded_lines": 0}, "missing_lines": [382, 383, 390, 396, 398], "excluded_lines": []}, "AuthManager.check_password_history": {"executed_lines": [], "summary": {"covered_lines": 0, "num_statements": 9, "percent_covered": 0.0, "percent_covered_display": "0", "missing_lines": 9, "excluded_lines": 0}, "missing_lines": [402, 403, 406, 408, 409, 410, 413, 414, 416], "excluded_lines": []}, "get_current_user": {"executed_lines": [], "summary": {"covered_lines": 0, "num_statements": 3, "percent_covered": 0.0, "percent_covered_display": "0", "missing_lines": 3, "excluded_lines": 0}, "missing_lines": [436, 440, 447], "excluded_lines": []}, "": {"executed_lines": [], "summary": {"covered_lines": 0, "num_statements": 61, "percent_covered": 0.0, "percent_covered_display": "0", "missing_lines": 61, "excluded_lines": 0}, "missing_lines": [5, 6, 7, 8, 9, 10, 11, 12, 13, 14, 15, 16, 18, 21, 22, 23, 24, 25, 26, 29, 32, 35, 37, 38, 39, 42, 44, 45, 46, 47, 48, 49, 50, 53, 55, 56, 57, 58, 61, 64, 70, 95, 100, 104, 108, 123, 158, 180, 218, 235, 257, 272, 296, 302, 320, 343, 367, 380, 400, 420, 423], "excluded_lines": []}}, "classes": {"TokenData": {"executed_lines": [], "summary": {"covered_lines": 0, "num_statements": 0, "percent_covered": 100.0, "percent_covered_display": "100", "missing_lines": 0, "excluded_lines": 0}, "missing_lines": [], "excluded_lines": []}, "User": {"executed_lines": [], "summary": {"covered_lines": 0, "num_statements": 0, "percent_covered": 100.0, "percent_covered_display": "100", "missing_lines": 0, "excluded_lines": 0}, "missing_lines": [], "excluded_lines": []}, "UserInDB": {"executed_lines": [], "summary": {"covered_lines": 0, "num_statements": 0, "percent_covered": 100.0, "percent_covered_display": "100", "missing_lines": 0, "excluded_lines": 0}, "missing_lines": [], "excluded_lines": []}, "AuthManager": {"executed_lines": [], "summary": {"covered_lines": 0, "num_statements": 146, "percent_covered": 0.0, "percent_covered_display": "0", "missing_lines": 146, "excluded_lines": 0}, "missing_lines": [65, 66, 67, 68, 72, 73, 74, 77, 84, 90, 97, 98, 102, 106, 110, 111, 113, 114, 115, 116, 118, 119, 121, 129, 132, 133, 135, 138, 139, 147, 148, 155, 156, 160, 161, 170, 171, 177, 178, 182, 184, 185, 188, 189, 191, 192, 194, 195, 197, 198, 201, 202, 209, 210, 211, 213, 215, 216, 220, 223, 224, 225, 226, 227, 230, 237, 238, 239, 240, 241, 243, 244, 247, 248, 249, 250, 252, 254, 255, 259, 260, 261, 263, 264, 265, 266, 268, 270, 274, 275, 278, 279, 282, 283, 284, 285, 291, 298, 299, 300, 304, 305, 307, 308, 318, 322, 324, 326, 327, 329, 330, 331, 334, 335, 336, 337, 339, 341, 345, 348, 351, 352, 359, 360, 365, 369, 371, 372, 374, 375, 377, 378, 382, 383, 390, 396, 398, 402, 403, 406, 408, 409, 410, 413, 414, 416], "excluded_lines": []}, "": {"executed_lines": [], "summary": {"covered_lines": 0, "num_statements": 64, "percent_covered": 0.0, "percent_covered_display": "0", "missing_lines": 64, "excluded_lines": 0}, "missing_lines": [5, 6, 7, 8, 9, 10, 11, 12, 13, 14, 15, 16, 18, 21, 22, 23, 24, 25, 26, 29, 32, 35, 37, 38, 39, 42, 44, 45, 46, 47, 48, 49, 50, 53, 55, 56, 57, 58, 61, 64, 70, 95, 100, 104, 108, 123, 158, 180, 218, 235, 257, 272, 296, 302, 320, 343, 367, 380, 400, 420, 423, 436, 440, 447], "excluded_lines": []}}}, "app/auth_enterprise.py": {"executed_lines": [], "summary": {"covered_lines": 0, "num_statements": 480, "percent_covered": 0.0, "percent_covered_display": "0", "missing_lines": 480, "excluded_lines": 0}, "missing_lines": [6, 7, 8, 9, 10, 11, 12, 13, 14, 15, 17, 18, 19, 20, 21, 22, 23, 24, 25, 26, 27, 28, 29, 31, 34, 35, 36, 37, 38, 39, 40, 41, 42, 45, 54, 55, 59, 62, 64, 65, 66, 67, 70, 72, 73, 74, 77, 80, 81, 82, 83, 86, 87, 88, 89, 90, 93, 94, 95, 96, 97, 98, 101, 102, 103, 104, 105, 106, 107, 111, 145, 170, 172, 173, 174, 175, 176, 177, 178, 179, 180, 181, 184, 186, 187, 188, 189, 190, 191, 192, 193, 194, 195, 196, 197, 198, 199, 200, 201, 203, 204, 205, 206, 207, 210, 212, 213, 214, 215, 216, 217, 218, 219, 220, 221, 222, 225, 228, 229, 230, 231, 232, 233, 235, 237, 239, 240, 241, 242, 245, 246, 247, 248, 250, 252, 253, 254, 255, 256, 259, 262, 263, 264, 265, 266, 267, 268, 270, 273, 280, 287, 292, 295, 302, 304, 306, 309, 329, 331, 333, 335, 336, 337, 338, 339, 341, 343, 345, 346, 348, 349, 351, 352, 354, 355, 357, 358, 359, 362, 363, 364, 366, 368, 374, 377, 380, 381, 382, 384, 386, 388, 390, 391, 394, 401, 404, 405, 407, 410, 411, 414, 426, 427, 440, 441, 443, 450, 451, 453, 465, 466, 480, 481, 482, 484, 485, 487, 493, 495, 496, 497, 500, 501, 503, 504, 509, 512, 514, 517, 526, 532, 533, 534, 541, 548, 549, 555, 557, 558, 563, 565, 566, 568, 569, 570, 572, 574, 576, 577, 580, 581, 584, 585, 587, 588, 593, 594, 595, 601, 602, 603, 605, 618, 619, 624, 626, 627, 629, 630, 631, 632, 635, 642, 644, 645, 647, 649, 650, 653, 655, 656, 658, 659, 660, 662, 663, 665, 667, 669, 675, 678, 679, 682, 683, 684, 686, 698, 706, 708, 709, 712, 715, 718, 719, 729, 730, 736, 737, 739, 740, 741, 743, 749, 751, 752, 754, 755, 758, 759, 760, 763, 764, 770, 772, 779, 780, 782, 783, 785, 786, 788, 789, 791, 793, 794, 797, 798, 801, 810, 811, 814, 815, 816, 819, 829, 830, 832, 833, 836, 837, 840, 847, 849, 851, 852, 855, 856, 857, 862, 865, 873, 874, 875, 877, 883, 885, 887, 888, 891, 892, 893, 895, 898, 899, 905, 908, 909, 911, 913, 916, 918, 920, 926, 927, 929, 937, 939, 940, 941, 942, 943, 945, 948, 955, 957, 958, 960, 961, 962, 963, 964, 965, 966, 967, 968, 970, 972, 974, 976, 984, 985, 987, 988, 990, 998, 999, 1001, 1010, 1024, 1039, 1040, 1046, 1049, 1055, 1062, 1063, 1065, 1068, 1073, 1082, 1085, 1087, 1088, 1089, 1092, 1093, 1094, 1095, 1096, 1097, 1098, 1099, 1101, 1103, 1106, 1113, 1114, 1116, 1119, 1130, 1131, 1142, 1143, 1145, 1147, 1155, 1156, 1158, 1159, 1164, 1167, 1170, 1180, 1189, 1193, 1197, 1198, 1203, 1206, 1208, 1211, 1212, 1216, 1218, 1221, 1226, 1232, 1234, 1235, 1246], "excluded_lines": [], "functions": {"UserModel.generate_backup_codes": {"executed_lines": [], "summary": {"covered_lines": 0, "num_statements": 3, "percent_covered": 0.0, "percent_covered_display": "0", "missing_lines": 3, "excluded_lines": 0}, "missing_lines": [205, 206, 207], "excluded_lines": []}, "TokenBucket.__init__": {"executed_lines": [], "summary": {"covered_lines": 0, "num_statements": 5, "percent_covered": 0.0, "percent_covered_display": "0", "missing_lines": 5, "excluded_lines": 0}, "missing_lines": [229, 230, 231, 232, 233], "excluded_lines": []}, "TokenBucket.consume": {"executed_lines": [], "summary": {"covered_lines": 0, "num_statements": 9, "percent_covered": 0.0, "percent_covered_display": "0", "missing_lines": 9, "excluded_lines": 0}, "missing_lines": [237, 239, 240, 241, 242, 245, 246, 247, 248], "excluded_lines": []}, "TokenBucket.get_wait_time": {"executed_lines": [], "summary": {"covered_lines": 0, "num_statements": 5, "percent_covered": 0.0, "percent_covered_display": "0", "missing_lines": 5, "excluded_lines": 0}, "missing_lines": [252, 253, 254, 255, 256], "excluded_lines": []}, "EnterpriseAuthSystem.__init__": {"executed_lines": [], "summary": {"covered_lines": 0, "num_statements": 6, "percent_covered": 0.0, "percent_covered_display": "0", "missing_lines": 6, "excluded_lines": 0}, "missing_lines": [263, 264, 265, 266, 267, 268], "excluded_lines": []}, "EnterpriseAuthSystem._generate_rsa_keys": {"executed_lines": [], "summary": {"covered_lines": 0, "num_statements": 3, "percent_covered": 0.0, "percent_covered_display": "0", "missing_lines": 3, "excluded_lines": 0}, "missing_lines": [273, 280, 287], "excluded_lines": []}, "EnterpriseAuthSystem.initialize": {"executed_lines": [], "summary": {"covered_lines": 0, "num_statements": 3, "percent_covered": 0.0, "percent_covered_display": "0", "missing_lines": 3, "excluded_lines": 0}, "missing_lines": [295, 302, 304], "excluded_lines": []}, "EnterpriseAuthSystem._initialize_oauth_providers": {"executed_lines": [], "summary": {"covered_lines": 0, "num_statements": 1, "percent_covered": 0.0, "percent_covered_display": "0", "missing_lines": 1, "excluded_lines": 0}, "missing_lines": [309], "excluded_lines": []}, "EnterpriseAuthSystem.hash_password": {"executed_lines": [], "summary": {"covered_lines": 0, "num_statements": 1, "percent_covered": 0.0, "percent_covered_display": "0", "missing_lines": 1, "excluded_lines": 0}, "missing_lines": [331], "excluded_lines": []}, "EnterpriseAuthSystem.verify_password": {"executed_lines": [], "summary": {"covered_lines": 0, "num_statements": 5, "percent_covered": 0.0, "percent_covered_display": "0", "missing_lines": 5, "excluded_lines": 0}, "missing_lines": [335, 336, 337, 338, 339], "excluded_lines": []}, "EnterpriseAuthSystem.validate_password_strength": {"executed_lines": [], "summary": {"covered_lines": 0, "num_statements": 16, "percent_covered": 0.0, "percent_covered_display": "0", "missing_lines": 16, "excluded_lines": 0}, "missing_lines": [343, 345, 346, 348, 349, 351, 352, 354, 355, 357, 358, 359, 362, 363, 364, 366], "excluded_lines": []}, "EnterpriseAuthSystem.check_password_history": {"executed_lines": [], "summary": {"covered_lines": 0, "num_statements": 6, "percent_covered": 0.0, "percent_covered_display": "0", "missing_lines": 6, "excluded_lines": 0}, "missing_lines": [374, 377, 380, 381, 382, 384], "excluded_lines": []}, "EnterpriseAuthSystem.update_password_history": {"executed_lines": [], "summary": {"covered_lines": 0, "num_statements": 3, "percent_covered": 0.0, "percent_covered_display": "0", "missing_lines": 3, "excluded_lines": 0}, "missing_lines": [388, 390, 391], "excluded_lines": []}, "EnterpriseAuthSystem.create_access_token": {"executed_lines": [], "summary": {"covered_lines": 0, "num_statements": 11, "percent_covered": 0.0, "percent_covered_display": "0", "missing_lines": 11, "excluded_lines": 0}, "missing_lines": [401, 404, 405, 407, 410, 411, 414, 426, 427, 440, 441], "excluded_lines": []}, "EnterpriseAuthSystem.create_refresh_token": {"executed_lines": [], "summary": {"covered_lines": 0, "num_statements": 10, "percent_covered": 0.0, "percent_covered_display": "0", "missing_lines": 10, "excluded_lines": 0}, "missing_lines": [450, 451, 453, 465, 466, 480, 481, 482, 484, 485], "excluded_lines": []}, "EnterpriseAuthSystem.rotate_refresh_token": {"executed_lines": [], "summary": {"covered_lines": 0, "num_statements": 22, "percent_covered": 0.0, "percent_covered_display": "0", "missing_lines": 22, "excluded_lines": 0}, "missing_lines": [493, 495, 496, 497, 500, 501, 503, 504, 509, 512, 514, 517, 526, 532, 533, 534, 541, 548, 549, 555, 557, 558], "excluded_lines": []}, "EnterpriseAuthSystem._revoke_token_family": {"executed_lines": [], "summary": {"covered_lines": 0, "num_statements": 6, "percent_covered": 0.0, "percent_covered_display": "0", "missing_lines": 6, "excluded_lines": 0}, "missing_lines": [565, 566, 568, 569, 570, 572], "excluded_lines": []}, "EnterpriseAuthSystem.verify_token": {"executed_lines": [], "summary": {"covered_lines": 0, "num_statements": 17, "percent_covered": 0.0, "percent_covered_display": "0", "missing_lines": 17, "excluded_lines": 0}, "missing_lines": [576, 577, 580, 581, 584, 585, 587, 588, 593, 594, 595, 601, 602, 603, 605, 618, 619], "excluded_lines": []}, "EnterpriseAuthSystem.revoke_token": {"executed_lines": [], "summary": {"covered_lines": 0, "num_statements": 7, "percent_covered": 0.0, "percent_covered_display": "0", "missing_lines": 7, "excluded_lines": 0}, "missing_lines": [626, 627, 629, 630, 631, 632, 635], "excluded_lines": []}, "EnterpriseAuthSystem._update_session_activity": {"executed_lines": [], "summary": {"covered_lines": 0, "num_statements": 2, "percent_covered": 0.0, "percent_covered_display": "0", "missing_lines": 2, "excluded_lines": 0}, "missing_lines": [644, 645], "excluded_lines": []}, "EnterpriseAuthSystem.invalidate_session": {"executed_lines": [], "summary": {"covered_lines": 0, "num_statements": 2, "percent_covered": 0.0, "percent_covered_display": "0", "missing_lines": 2, "excluded_lines": 0}, "missing_lines": [649, 650], "excluded_lines": []}, "EnterpriseAuthSystem.check_account_lockout": {"executed_lines": [], "summary": {"covered_lines": 0, "num_statements": 9, "percent_covered": 0.0, "percent_covered_display": "0", "missing_lines": 9, "excluded_lines": 0}, "missing_lines": [655, 656, 658, 659, 660, 662, 663, 665, 667], "excluded_lines": []}, "EnterpriseAuthSystem.record_failed_login": {"executed_lines": [], "summary": {"covered_lines": 0, "num_statements": 8, "percent_covered": 0.0, "percent_covered_display": "0", "missing_lines": 8, "excluded_lines": 0}, "missing_lines": [675, 678, 679, 682, 683, 684, 686, 698], "excluded_lines": []}, "EnterpriseAuthSystem.reset_failed_attempts": {"executed_lines": [], "summary": {"covered_lines": 0, "num_statements": 2, "percent_covered": 0.0, "percent_covered_display": "0", "missing_lines": 2, "excluded_lines": 0}, "missing_lines": [708, 709], "excluded_lines": []}, "EnterpriseAuthSystem.setup_mfa": {"executed_lines": [], "summary": {"covered_lines": 0, "num_statements": 11, "percent_covered": 0.0, "percent_covered_display": "0", "missing_lines": 11, "excluded_lines": 0}, "missing_lines": [715, 718, 719, 729, 730, 736, 737, 739, 740, 741, 743], "excluded_lines": []}, "EnterpriseAuthSystem.enable_mfa": {"executed_lines": [], "summary": {"covered_lines": 0, "num_statements": 10, "percent_covered": 0.0, "percent_covered_display": "0", "missing_lines": 10, "excluded_lines": 0}, "missing_lines": [751, 752, 754, 755, 758, 759, 760, 763, 764, 770], "excluded_lines": []}, "EnterpriseAuthSystem.verify_mfa": {"executed_lines": [], "summary": {"covered_lines": 0, "num_statements": 8, "percent_covered": 0.0, "percent_covered_display": "0", "missing_lines": 8, "excluded_lines": 0}, "missing_lines": [779, 780, 782, 783, 785, 786, 788, 789], "excluded_lines": []}, "EnterpriseAuthSystem._verify_backup_code": {"executed_lines": [], "summary": {"covered_lines": 0, "num_statements": 4, "percent_covered": 0.0, "percent_covered_display": "0", "missing_lines": 4, "excluded_lines": 0}, "missing_lines": [793, 794, 797, 798], "excluded_lines": []}, "EnterpriseAuthSystem.create_api_key": {"executed_lines": [], "summary": {"covered_lines": 0, "num_statements": 14, "percent_covered": 0.0, "percent_covered_display": "0", "missing_lines": 14, "excluded_lines": 0}, "missing_lines": [810, 811, 814, 815, 816, 819, 829, 830, 832, 833, 836, 837, 840, 847], "excluded_lines": []}, "EnterpriseAuthSystem.rotate_api_key": {"executed_lines": [], "summary": {"covered_lines": 0, "num_statements": 12, "percent_covered": 0.0, "percent_covered_display": "0", "missing_lines": 12, "excluded_lines": 0}, "missing_lines": [851, 852, 855, 856, 857, 862, 865, 873, 874, 875, 877, 883], "excluded_lines": []}, "EnterpriseAuthSystem.verify_api_key": {"executed_lines": [], "summary": {"covered_lines": 0, "num_statements": 13, "percent_covered": 0.0, "percent_covered_display": "0", "missing_lines": 13, "excluded_lines": 0}, "missing_lines": [887, 888, 891, 892, 893, 895, 898, 899, 905, 908, 909, 911, 913], "excluded_lines": []}, "EnterpriseAuthSystem._get_role_permissions": {"executed_lines": [], "summary": {"covered_lines": 0, "num_statements": 1, "percent_covered": 0.0, "percent_covered_display": "0", "missing_lines": 1, "excluded_lines": 0}, "missing_lines": [918], "excluded_lines": []}, "EnterpriseAuthSystem.check_permission": {"executed_lines": [], "summary": {"covered_lines": 0, "num_statements": 2, "percent_covered": 0.0, "percent_covered_display": "0", "missing_lines": 2, "excluded_lines": 0}, "missing_lines": [926, 927], "excluded_lines": []}, "EnterpriseAuthSystem.enforce_rbac": {"executed_lines": [], "summary": {"covered_lines": 0, "num_statements": 7, "percent_covered": 0.0, "percent_covered_display": "0", "missing_lines": 7, "excluded_lines": 0}, "missing_lines": [937, 939, 940, 941, 942, 943, 945], "excluded_lines": []}, "EnterpriseAuthSystem._get_rate_limiter": {"executed_lines": [], "summary": {"covered_lines": 0, "num_statements": 15, "percent_covered": 0.0, "percent_covered_display": "0", "missing_lines": 15, "excluded_lines": 0}, "missing_lines": [955, 957, 958, 960, 961, 962, 963, 964, 965, 966, 967, 968, 970, 972, 974], "excluded_lines": []}, "EnterpriseAuthSystem.check_rate_limit": {"executed_lines": [], "summary": {"covered_lines": 0, "num_statements": 8, "percent_covered": 0.0, "percent_covered_display": "0", "missing_lines": 8, "excluded_lines": 0}, "missing_lines": [984, 985, 987, 988, 990, 998, 999, 1001], "excluded_lines": []}, "EnterpriseAuthSystem.log_security_event": {"executed_lines": [], "summary": {"covered_lines": 0, "num_statements": 8, "percent_covered": 0.0, "percent_covered_display": "0", "missing_lines": 8, "excluded_lines": 0}, "missing_lines": [1024, 1039, 1040, 1046, 1049, 1055, 1062, 1063], "excluded_lines": []}, "EnterpriseAuthSystem._trigger_security_alert": {"executed_lines": [], "summary": {"covered_lines": 0, "num_statements": 1, "percent_covered": 0.0, "percent_covered_display": "0", "missing_lines": 1, "excluded_lines": 0}, "missing_lines": [1068], "excluded_lines": []}, "EnterpriseAuthSystem.get_audit_logs": {"executed_lines": [], "summary": {"covered_lines": 0, "num_statements": 15, "percent_covered": 0.0, "percent_covered_display": "0", "missing_lines": 15, "excluded_lines": 0}, "missing_lines": [1082, 1085, 1087, 1088, 1089, 1092, 1093, 1094, 1095, 1096, 1097, 1098, 1099, 1101, 1103], "excluded_lines": []}, "EnterpriseAuthSystem.initiate_oauth_flow": {"executed_lines": [], "summary": {"covered_lines": 0, "num_statements": 9, "percent_covered": 0.0, "percent_covered_display": "0", "missing_lines": 9, "excluded_lines": 0}, "missing_lines": [1113, 1114, 1116, 1119, 1130, 1131, 1142, 1143, 1145], "excluded_lines": []}, "EnterpriseAuthSystem.handle_oauth_callback": {"executed_lines": [], "summary": {"covered_lines": 0, "num_statements": 8, "percent_covered": 0.0, "percent_covered_display": "0", "missing_lines": 8, "excluded_lines": 0}, "missing_lines": [1155, 1156, 1158, 1159, 1164, 1167, 1170, 1180], "excluded_lines": []}, "get_current_user": {"executed_lines": [], "summary": {"covered_lines": 0, "num_statements": 3, "percent_covered": 0.0, "percent_covered_display": "0", "missing_lines": 3, "excluded_lines": 0}, "missing_lines": [1197, 1198, 1203], "excluded_lines": []}, "require_permission": {"executed_lines": [], "summary": {"covered_lines": 0, "num_statements": 2, "percent_covered": 0.0, "percent_covered_display": "0", "missing_lines": 2, "excluded_lines": 0}, "missing_lines": [1208, 1218], "excluded_lines": []}, "require_permission.check_permission": {"executed_lines": [], "summary": {"covered_lines": 0, "num_statements": 3, "percent_covered": 0.0, "percent_covered_display": "0", "missing_lines": 3, "excluded_lines": 0}, "missing_lines": [1211, 1212, 1216], "excluded_lines": []}, "check_rate_limit": {"executed_lines": [], "summary": {"covered_lines": 0, "num_statements": 5, "percent_covered": 0.0, "percent_covered_display": "0", "missing_lines": 5, "excluded_lines": 0}, "missing_lines": [1226, 1232, 1234, 1235, 1246], "excluded_lines": []}, "": {"executed_lines": [], "summary": {"covered_lines": 0, "num_statements": 159, "percent_covered": 0.0, "percent_covered_display": "0", "missing_lines": 159, "excluded_lines": 0}, "missing_lines": [6, 7, 8, 9, 10, 11, 12, 13, 14, 15, 17, 18, 19, 20, 21, 22, 23, 24, 25, 26, 27, 28, 29, 31, 34, 35, 36, 37, 38, 39, 40, 41, 42, 45, 54, 55, 59, 62, 64, 65, 66, 67, 70, 72, 73, 74, 77, 80, 81, 82, 83, 86, 87, 88, 89, 90, 93, 94, 95, 96, 97, 98, 101, 102, 103, 104, 105, 106, 107, 111, 145, 170, 172, 173, 174, 175, 176, 177, 178, 179, 180, 181, 184, 186, 187, 188, 189, 190, 191, 192, 193, 194, 195, 196, 197, 198, 199, 200, 201, 203, 204, 210, 212, 213, 214, 215, 216, 217, 218, 219, 220, 221, 222, 225, 228, 235, 250, 259, 262, 270, 292, 306, 329, 333, 341, 368, 386, 394, 443, 487, 563, 574, 624, 642, 647, 653, 669, 706, 712, 749, 772, 791, 801, 849, 885, 916, 920, 929, 948, 976, 1010, 1065, 1073, 1106, 1147, 1189, 1193, 1206, 1221], "excluded_lines": []}}, "classes": {"UserRole": {"executed_lines": [], "summary": {"covered_lines": 0, "num_statements": 0, "percent_covered": 100.0, "percent_covered_display": "100", "missing_lines": 0, "excluded_lines": 0}, "missing_lines": [], "excluded_lines": []}, "UserTier": {"executed_lines": [], "summary": {"covered_lines": 0, "num_statements": 0, "percent_covered": 100.0, "percent_covered_display": "100", "missing_lines": 0, "excluded_lines": 0}, "missing_lines": [], "excluded_lines": []}, "Permission": {"executed_lines": [], "summary": {"covered_lines": 0, "num_statements": 0, "percent_covered": 100.0, "percent_covered_display": "100", "missing_lines": 0, "excluded_lines": 0}, "missing_lines": [], "excluded_lines": []}, "TokenData": {"executed_lines": [], "summary": {"covered_lines": 0, "num_statements": 0, "percent_covered": 100.0, "percent_covered_display": "100", "missing_lines": 0, "excluded_lines": 0}, "missing_lines": [], "excluded_lines": []}, "UserModel": {"executed_lines": [], "summary": {"covered_lines": 0, "num_statements": 3, "percent_covered": 0.0, "percent_covered_display": "0", "missing_lines": 3, "excluded_lines": 0}, "missing_lines": [205, 206, 207], "excluded_lines": []}, "AuditLogEntry": {"executed_lines": [], "summary": {"covered_lines": 0, "num_statements": 0, "percent_covered": 100.0, "percent_covered_display": "100", "missing_lines": 0, "excluded_lines": 0}, "missing_lines": [], "excluded_lines": []}, "TokenBucket": {"executed_lines": [], "summary": {"covered_lines": 0, "num_statements": 19, "percent_covered": 0.0, "percent_covered_display": "0", "missing_lines": 19, "excluded_lines": 0}, "missing_lines": [229, 230, 231, 232, 233, 237, 239, 240, 241, 242, 245, 246, 247, 248, 252, 253, 254, 255, 256], "excluded_lines": []}, "EnterpriseAuthSystem": {"executed_lines": [], "summary": {"covered_lines": 0, "num_statements": 286, "percent_covered": 0.0, "percent_covered_display": "0", "missing_lines": 286, "excluded_lines": 0}, "missing_lines": [263, 264, 265, 266, 267, 268, 273, 280, 287, 295, 302, 304, 309, 331, 335, 336, 337, 338, 339, 343, 345, 346, 348, 349, 351, 352, 354, 355, 357, 358, 359, 362, 363, 364, 366, 374, 377, 380, 381, 382, 384, 388, 390, 391, 401, 404, 405, 407, 410, 411, 414, 426, 427, 440, 441, 450, 451, 453, 465, 466, 480, 481, 482, 484, 485, 493, 495, 496, 497, 500, 501, 503, 504, 509, 512, 514, 517, 526, 532, 533, 534, 541, 548, 549, 555, 557, 558, 565, 566, 568, 569, 570, 572, 576, 577, 580, 581, 584, 585, 587, 588, 593, 594, 595, 601, 602, 603, 605, 618, 619, 626, 627, 629, 630, 631, 632, 635, 644, 645, 649, 650, 655, 656, 658, 659, 660, 662, 663, 665, 667, 675, 678, 679, 682, 683, 684, 686, 698, 708, 709, 715, 718, 719, 729, 730, 736, 737, 739, 740, 741, 743, 751, 752, 754, 755, 758, 759, 760, 763, 764, 770, 779, 780, 782, 783, 785, 786, 788, 789, 793, 794, 797, 798, 810, 811, 814, 815, 816, 819, 829, 830, 832, 833, 836, 837, 840, 847, 851, 852, 855, 856, 857, 862, 865, 873, 874, 875, 877, 883, 887, 888, 891, 892, 893, 895, 898, 899, 905, 908, 909, 911, 913, 918, 926, 927, 937, 939, 940, 941, 942, 943, 945, 955, 957, 958, 960, 961, 962, 963, 964, 965, 966, 967, 968, 970, 972, 974, 984, 985, 987, 988, 990, 998, 999, 1001, 1024, 1039, 1040, 1046, 1049, 1055, 1062, 1063, 1068, 1082, 1085, 1087, 1088, 1089, 1092, 1093, 1094, 1095, 1096, 1097, 1098, 1099, 1101, 1103, 1113, 1114, 1116, 1119, 1130, 1131, 1142, 1143, 1145, 1155, 1156, 1158, 1159, 1164, 1167, 1170, 1180], "excluded_lines": []}, "": {"executed_lines": [], "summary": {"covered_lines": 0, "num_statements": 172, "percent_covered": 0.0, "percent_covered_display": "0", "missing_lines": 172, "excluded_lines": 0}, "missing_lines": [6, 7, 8, 9, 10, 11, 12, 13, 14, 15, 17, 18, 19, 20, 21, 22, 23, 24, 25, 26, 27, 28, 29, 31, 34, 35, 36, 37, 38, 39, 40, 41, 42, 45, 54, 55, 59, 62, 64, 65, 66, 67, 70, 72, 73, 74, 77, 80, 81, 82, 83, 86, 87, 88, 89, 90, 93, 94, 95, 96, 97, 98, 101, 102, 103, 104, 105, 106, 107, 111, 145, 170, 172, 173, 174, 175, 176, 177, 178, 179, 180, 181, 184, 186, 187, 188, 189, 190, 191, 192, 193, 194, 195, 196, 197, 198, 199, 200, 201, 203, 204, 210, 212, 213, 214, 215, 216, 217, 218, 219, 220, 221, 222, 225, 228, 235, 250, 259, 262, 270, 292, 306, 329, 333, 341, 368, 386, 394, 443, 487, 563, 574, 624, 642, 647, 653, 669, 706, 712, 749, 772, 791, 801, 849, 885, 916, 920, 929, 948, 976, 1010, 1065, 1073, 1106, 1147, 1189, 1193, 1197, 1198, 1203, 1206, 1208, 1211, 1212, 1216, 1218, 1221, 1226, 1232, 1234, 1235, 1246], "excluded_lines": []}}}, "app/auth_secure.py": {"executed_lines": [], "summary": {"covered_lines": 0, "num_statements": 225, "percent_covered": 0.0, "percent_covered_display": "0", "missing_lines": 225, "excluded_lines": 0}, "missing_lines": [6, 7, 8, 9, 10, 11, 12, 13, 15, 16, 17, 18, 19, 20, 21, 23, 26, 29, 30, 31, 32, 33, 34, 37, 40, 43, 44, 45, 48, 49, 51, 52, 53, 54, 55, 56, 57, 60, 61, 63, 64, 65, 66, 67, 68, 69, 70, 73, 76, 77, 78, 79, 81, 83, 84, 87, 90, 93, 98, 99, 101, 103, 105, 106, 107, 109, 111, 112, 113, 115, 125, 126, 127, 129, 131, 133, 135, 136, 137, 138, 139, 141, 143, 144, 146, 147, 148, 149, 150, 153, 155, 157, 159, 160, 165, 166, 168, 170, 171, 173, 176, 177, 178, 180, 191, 192, 194, 196, 197, 198, 200, 208, 209, 211, 213, 215, 218, 219, 220, 223, 224, 225, 226, 229, 230, 231, 232, 235, 245, 246, 247, 248, 249, 250, 251, 252, 253, 255, 257, 258, 260, 263, 264, 266, 277, 278, 280, 282, 283, 285, 286, 288, 290, 291, 292, 294, 296, 298, 304, 306, 307, 316, 318, 319, 320, 322, 325, 328, 329, 334, 336, 342, 344, 345, 346, 349, 350, 351, 354, 356, 363, 364, 365, 366, 370, 373, 376, 379, 3
[...]
t_covered_display": "0", "missing_lines": 8, "excluded_lines": 0}, "missing_lines": [753, 754, 755, 756, 757, 758, 759, 760], "excluded_lines": []}, "ComprehensiveVirusScanner.get_scanner_status": {"executed_lines": [], "summary": {"covered_lines": 0, "num_statements": 8, "percent_covered": 0.0, "percent_covered_display": "0", "missing_lines": 8, "excluded_lines": 0}, "missing_lines": [764, 766, 767, 769, 770, 772, 773, 775], "excluded_lines": []}, "scan_file": {"executed_lines": [], "summary": {"covered_lines": 0, "num_statements": 5, "percent_covered": 0.0, "percent_covered_display": "0", "missing_lines": 5, "excluded_lines": 0}, "missing_lines": [793, 794, 796, 797, 799], "excluded_lines": []}, "scan_bytes": {"executed_lines": [], "summary": {"covered_lines": 0, "num_statements": 5, "percent_covered": 0.0, "percent_covered_display": "0", "missing_lines": 5, "excluded_lines": 0}, "missing_lines": [816, 817, 819, 820, 822], "excluded_lines": []}, "get_scanner_status": {"executed_lines": [], "summary": {"covered_lines": 0, "num_statements": 2, "percent_covered": 0.0, "percent_covered_display": "0", "missing_lines": 2, "excluded_lines": 0}, "missing_lines": [827, 828], "excluded_lines": []}, "": {"executed_lines": [], "summary": {"covered_lines": 0, "num_statements": 70, "percent_covered": 0.0, "percent_covered_display": "0", "missing_lines": 70, "excluded_lines": 0}, "missing_lines": [6, 7, 8, 9, 10, 11, 12, 13, 14, 15, 16, 17, 18, 19, 20, 22, 25, 27, 28, 29, 30, 31, 34, 36, 37, 38, 39, 40, 43, 44, 46, 47, 48, 49, 50, 51, 52, 53, 54, 55, 57, 64, 68, 73, 76, 81, 96, 195, 207, 219, 222, 227, 254, 323, 337, 349, 352, 357, 491, 494, 519, 550, 589, 620, 651, 751, 762, 779, 802, 825], "excluded_lines": []}}, "classes": {"ScanResult": {"executed_lines": [], "summary": {"covered_lines": 0, "num_statements": 0, "percent_covered": 100.0, "percent_covered_display": "100", "missing_lines": 0, "excluded_lines": 0}, "missing_lines": [], "excluded_lines": []}, "ThreatLevel": {"executed_lines": [], "summary": {"covered_lines": 0, "num_statements": 0, "percent_covered": 100.0, "percent_covered_display": "100", "missing_lines": 0, "excluded_lines": 0}, "missing_lines": [], "excluded_lines": []}, "VirusScanResult": {"executed_lines": [], "summary": {"covered_lines": 0, "num_statements": 6, "percent_covered": 0.0, "percent_covered_display": "0", "missing_lines": 6, "excluded_lines": 0}, "missing_lines": [59, 60, 61, 62, 66, 70], "excluded_lines": []}, "ClamAVScanner": {"executed_lines": [], "summary": {"covered_lines": 0, "num_statements": 44, "percent_covered": 0.0, "percent_covered_display": "0", "missing_lines": 44, "excluded_lines": 0}, "missing_lines": [77, 78, 79, 83, 85, 91, 92, 93, 94, 98, 100, 101, 113, 115, 116, 117, 120, 127, 129, 131, 142, 144, 145, 158, 170, 171, 182, 183, 197, 198, 199, 201, 202, 203, 204, 205, 209, 210, 211, 212, 213, 214, 215, 216], "excluded_lines": []}, "YaraScanner": {"executed_lines": [], "summary": {"covered_lines": 0, "num_statements": 54, "percent_covered": 0.0, "percent_covered_display": "0", "missing_lines": 54, "excluded_lines": 0}, "missing_lines": [223, 224, 225, 229, 230, 231, 232, 233, 236, 237, 238, 239, 242, 243, 244, 246, 247, 248, 250, 251, 252, 256, 258, 259, 271, 273, 274, 275, 278, 279, 281, 282, 283, 285, 298, 310, 311, 325, 326, 328, 329, 330, 331, 332, 333, 335, 339, 340, 341, 342, 343, 344, 345, 346], "excluded_lines": []}, "VirusTotalScanner": {"executed_lines": [], "summary": {"covered_lines": 0, "num_statements": 35, "percent_covered": 0.0, "percent_covered_display": "0", "missing_lines": 35, "excluded_lines": 0}, "missing_lines": [353, 354, 355, 359, 361, 362, 374, 376, 381, 387, 389, 390, 392, 394, 395, 397, 399, 400, 401, 402, 403, 406, 407, 408, 409, 410, 411, 412, 414, 416, 435, 453, 465, 477, 478], "excluded_lines": []}, "ComprehensiveVirusScanner": {"executed_lines": [], "summary": {"covered_lines": 0, "num_statements": 122, "percent_covered": 0.0, "percent_covered_display": "0", "missing_lines": 122, "excluded_lines": 0}, "missing_lines": [500, 502, 503, 504, 505, 507, 508, 509, 510, 512, 513, 514, 515, 517, 530, 531, 545, 546, 548, 552, 554, 556, 557, 558, 560, 561, 563, 565, 568, 569, 570, 571, 572, 573, 574, 575, 587, 591, 593, 594, 595, 596, 597, 598, 600, 602, 604, 605, 606, 618, 631, 632, 633, 635, 636, 639, 640, 642, 646, 647, 648, 649, 661, 662, 675, 676, 677, 678, 680, 681, 682, 685, 686, 687, 688, 690, 691, 692, 693, 694, 695, 696, 697, 698, 700, 702, 703, 704, 705, 706, 707, 708, 709, 711, 714, 715, 718, 720, 721, 722, 723, 724, 725, 727, 728, 730, 753, 754, 755, 756, 757, 758, 759, 760, 764, 766, 767, 769, 770, 772, 773, 775], "excluded_lines": []}, "": {"executed_lines": [], "summary": {"covered_lines": 0, "num_statements": 82, "percent_covered": 0.0, "percent_covered_display": "0", "missing_lines": 82, "excluded_lines": 0}, "missing_lines": [6, 7, 8, 9, 10, 11, 12, 13, 14, 15, 16, 17, 18, 19, 20, 22, 25, 27, 28, 29, 30, 31, 34, 36, 37, 38, 39, 40, 43, 44, 46, 47, 48, 49, 50, 51, 52, 53, 54, 55, 57, 64, 68, 73, 76, 81, 96, 195, 207, 219, 222, 227, 254, 323, 337, 349, 352, 357, 491, 494, 519, 550, 589, 620, 651, 751, 762, 779, 793, 794, 796, 797, 799, 802, 816, 817, 819, 820, 822, 825, 827, 828], "excluded_lines": []}}}, "app/websocket.py": {"executed_lines": [], "summary": {"covered_lines": 0, "num_statements": 189, "percent_covered": 0.0, "percent_covered_display": "0", "missing_lines": 189, "excluded_lines": 0}, "missing_lines": [5, 6, 7, 8, 9, 10, 11, 12, 13, 14, 16, 19, 20, 21, 24, 27, 28, 29, 30, 31, 32, 34, 36, 37, 39, 46, 49, 50, 52, 55, 64, 67, 70, 80, 82, 84, 85, 87, 88, 89, 92, 93, 94, 95, 98, 101, 104, 107, 116, 118, 120, 121, 122, 123, 124, 125, 127, 134, 135, 138, 144, 145, 146, 147, 149, 150, 151, 152, 153, 154, 157, 158, 160, 166, 167, 169, 170, 171, 174, 175, 179, 182, 183, 186, 189, 191, 192, 199, 200, 201, 203, 204, 209, 211, 212, 214, 215, 216, 219, 220, 221, 224, 225, 227, 228, 231, 233, 235, 237, 238, 240, 241, 243, 246, 247, 248, 250, 252, 254, 255, 257, 258, 259, 260, 261, 262, 264, 265, 267, 269, 270, 271, 272, 275, 276, 277, 278, 279, 280, 282, 284, 285, 287, 288, 289, 290, 291, 297, 303, 305, 306, 308, 317, 320, 323, 324, 327, 329, 330, 331, 332, 333, 336, 339, 340, 342, 344, 346, 348, 349, 350, 352, 354, 355, 356, 358, 361, 364, 367, 368, 371, 378, 380, 381, 384, 385, 386, 389, 391], "excluded_lines": [], "functions": {"ConnectionManager.__init__": {"executed_lines": [], "summary": {"covered_lines": 0, "num_statements": 5, "percent_covered": 0.0, "percent_covered_display": "0", "missing_lines": 5, "excluded_lines": 0}, "missing_lines": [28, 29, 30, 31, 32], "excluded_lines": []}, "ConnectionManager.initialize": {"executed_lines": [], "summary": {"covered_lines": 0, "num_statements": 2, "percent_covered": 0.0, "percent_covered_display": "0", "missing_lines": 2, "excluded_lines": 0}, "missing_lines": [36, 37], "excluded_lines": []}, "ConnectionManager.connect": {"executed_lines": [], "summary": {"covered_lines": 0, "num_statements": 9, "percent_covered": 0.0, "percent_covered_display": "0", "missing_lines": 9, "excluded_lines": 0}, "missing_lines": [46, 49, 50, 52, 55, 64, 67, 70, 80], "excluded_lines": []}, "ConnectionManager.disconnect": {"executed_lines": [], "summary": {"covered_lines": 0, "num_statements": 14, "percent_covered": 0.0, "percent_covered_display": "0", "missing_lines": 14, "excluded_lines": 0}, "missing_lines": [84, 85, 87, 88, 89, 92, 93, 94, 95, 98, 101, 104, 107, 116], "excluded_lines": []}, "ConnectionManager.send_personal_message": {"executed_lines": [], "summary": {"covered_lines": 0, "num_statements": 6, "percent_covered": 0.0, "percent_covered_display": "0", "missing_lines": 6, "excluded_lines": 0}, "missing_lines": [120, 121, 122, 123, 124, 125], "excluded_lines": []}, "ConnectionManager.broadcast_to_room": {"executed_lines": [], "summary": {"covered_lines": 0, "num_statements": 15, "percent_covered": 0.0, "percent_covered_display": "0", "missing_lines": 15, "excluded_lines": 0}, "missing_lines": [134, 135, 138, 144, 145, 146, 147, 149, 150, 151, 152, 153, 154, 157, 158], "excluded_lines": []}, "ConnectionManager.handle_message": {"executed_lines": [], "summary": {"covered_lines": 0, "num_statements": 19, "percent_covered": 0.0, "percent_covered_display": "0", "missing_lines": 19, "excluded_lines": 0}, "missing_lines": [166, 167, 169, 170, 171, 174, 175, 179, 182, 183, 186, 189, 191, 192, 199, 200, 201, 203, 204], "excluded_lines": []}, "ConnectionManager.move_to_room": {"executed_lines": [], "summary": {"covered_lines": 0, "num_statements": 14, "percent_covered": 0.0, "percent_covered_display": "0", "missing_lines": 14, "excluded_lines": 0}, "missing_lines": [211, 212, 214, 215, 216, 219, 220, 221, 224, 225, 227, 228, 231, 233], "excluded_lines": []}, "ConnectionManager.check_rate_limit": {"executed_lines": [], "summary": {"covered_lines": 0, "num_statements": 9, "percent_covered": 0.0, "percent_covered_display": "0", "missing_lines": 9, "excluded_lines": 0}, "missing_lines": [237, 238, 240, 241, 243, 246, 247, 248, 250], "excluded_lines": []}, "ConnectionManager.heartbeat": {"executed_lines": [], "summary": {"covered_lines": 0, "num_statements": 10, "percent_covered": 0.0, "percent_covered_display": "0", "missing_lines": 10, "excluded_lines": 0}, "missing_lines": [254, 255, 257, 258, 259, 260, 261, 262, 264, 265], "excluded_lines": []}, "ConnectionManager.handle_redis_messages": {"executed_lines": [], "summary": {"covered_lines": 0, "num_statements": 10, "percent_covered": 0.0, "percent_covered_display": "0", "missing_lines": 10, "excluded_lines": 0}, "missing_lines": [269, 270, 271, 272, 275, 276, 277, 278, 279, 280], "excluded_lines": []}, "ConnectionManager.get_room_info": {"executed_lines": [], "summary": {"covered_lines": 0, "num_statements": 8, "percent_covered": 0.0, "percent_covered_display": "0", "missing_lines": 8, "excluded_lines": 0}, "missing_lines": [284, 285, 287, 288, 289, 290, 291, 297], "excluded_lines": []}, "ConnectionManager.get_stats": {"executed_lines": [], "summary": {"covered_lines": 0, "num_statements": 3, "percent_covered": 0.0, "percent_covered_display": "0", "missing_lines": 3, "excluded_lines": 0}, "missing_lines": [305, 306, 308], "excluded_lines": []}, "WebSocketAuthenticator.authenticate": {"executed_lines": [], "summary": {"covered_lines": 0, "num_statements": 6, "percent_covered": 0.0, "percent_covered_display": "0", "missing_lines": 6, "excluded_lines": 0}, "missing_lines": [327, 329, 330, 331, 332, 333], "excluded_lines": []}, "MessageQueue.__init__": {"executed_lines": [], "summary": {"covered_lines": 0, "num_statements": 1, "percent_covered": 0.0, "percent_covered_display": "0", "missing_lines": 1, "excluded_lines": 0}, "missing_lines": [340], "excluded_lines": []}, "MessageQueue.initialize": {"executed_lines": [], "summary": {"covered_lines": 0, "num_statements": 1, "percent_covered": 0.0, "percent_covered_display": "0", "missing_lines": 1, "excluded_lines": 0}, "missing_lines": [344], "excluded_lines": []}, "MessageQueue.queue_message": {"executed_lines": [], "summary": {"covered_lines": 0, "num_statements": 3, "percent_covered": 0.0, "percent_covered_display": "0", "missing_lines": 3, "excluded_lines": 0}, "missing_lines": [348, 349, 350], "excluded_lines": []}, "MessageQueue.get_queued_messages": {"executed_lines": [], "summary": {"covered_lines": 0, "num_statements": 4, "percent_covered": 0.0, "percent_covered_display": "0", "missing_lines": 4, "excluded_lines": 0}, "missing_lines": [354, 355, 356, 358], "excluded_lines": []}, "BinaryDataHandler.send_binary": {"executed_lines": [], "summary": {"covered_lines": 0, "num_statements": 2, "percent_covered": 0.0, "percent_covered_display": "0", "missing_lines": 2, "excluded_lines": 0}, "missing_lines": [371, 378], "excluded_lines": []}, "BinaryDataHandler.receive_binary": {"executed_lines": [], "summary": {"covered_lines": 0, "num_statements": 5, "percent_covered": 0.0, "percent_covered_display": "0", "missing_lines": 5, "excluded_lines": 0}, "missing_lines": [384, 385, 386, 389, 391], "excluded_lines": []}, "": {"executed_lines": [], "summary": {"covered_lines": 0, "num_statements": 43, "percent_covered": 0.0, "percent_covered_display": "0", "missing_lines": 43, "excluded_lines": 0}, "missing_lines": [5, 6, 7, 8, 9, 10, 11, 12, 13, 14, 16, 19, 20, 21, 24, 27, 34, 39, 82, 118, 127, 160, 209, 235, 252, 267, 282, 303, 317, 320, 323, 324, 336, 339, 342, 346, 352, 361, 364, 367, 368, 380, 381], "excluded_lines": []}}, "classes": {"ConnectionManager": {"executed_lines": [], "summary": {"covered_lines": 0, "num_statements": 124, "percent_covered": 0.0, "percent_covered_display": "0", "missing_lines": 124, "excluded_lines": 0}, "missing_lines": [28, 29, 30, 31, 32, 36, 37, 46, 49, 50, 52, 55, 64, 67, 70, 80, 84, 85, 87, 88, 89, 92, 93, 94, 95, 98, 101, 104, 107, 116, 120, 121, 122, 123, 124, 125, 134, 135, 138, 144, 145, 146, 147, 149, 150, 151, 152, 153, 154, 157, 158, 166, 167, 169, 170, 171, 174, 175, 179, 182, 183, 186, 189, 191, 192, 199, 200, 201, 203, 204, 211, 212, 214, 215, 216, 219, 220, 221, 224, 225, 227, 228, 231, 233, 237, 238, 240, 241, 243, 246, 247, 248, 250, 254, 255, 257, 258, 259, 260, 261, 262, 264, 265, 269, 270, 271, 272, 275, 276, 277, 278, 279, 280, 284, 285, 287, 288, 289, 290, 291, 297, 305, 306, 308], "excluded_lines": []}, "WebSocketAuthenticator": {"executed_lines": [], "summary": {"covered_lines": 0, "num_statements": 6, "percent_covered": 0.0, "percent_covered_display": "0", "missing_lines": 6, "excluded_lines": 0}, "missing_lines": [327, 329, 330, 331, 332, 333], "excluded_lines": []}, "MessageQueue": {"executed_lines": [], "summary": {"covered_lines": 0, "num_statements": 9, "percent_covered": 0.0, "percent_covered_display": "0", "missing_lines": 9, "excluded_lines": 0}, "missing_lines": [340, 344, 348, 349, 350, 354, 355, 356, 358], "excluded_lines": []}, "BinaryDataHandler": {"executed_lines": [], "summary": {"covered_lines": 0, "num_statements": 7, "percent_covered": 0.0, "percent_covered_display": "0", "missing_lines": 7, "excluded_lines": 0}, "missing_lines": [371, 378, 384, 385, 386, 389, 391], "excluded_lines": []}, "": {"executed_lines": [], "summary": {"covered_lines": 0, "num_statements": 43, "percent_covered": 0.0, "percent_covered_display": "0", "missing_lines": 43, "excluded_lines": 0}, "missing_lines": [5, 6, 7, 8, 9, 10, 11, 12, 13, 14, 16, 19, 20, 21, 24, 27, 34, 39, 82, 118, 127, 160, 209, 235, 252, 267, 282, 303, 317, 320, 323, 324, 336, 339, 342, 346, 352, 361, 364, 367, 368, 380, 381], "excluded_lines": []}}}, "app/websocket_manager.py": {"executed_lines": [], "summary": {"covered_lines": 0, "num_statements": 101, "percent_covered": 0.0, "percent_covered_display": "0", "missing_lines": 101, "excluded_lines": 0}, "missing_lines": [5, 6, 7, 8, 9, 10, 12, 15, 23, 28, 31, 34, 36, 46, 49, 52, 59, 60, 63, 73, 75, 82, 84, 85, 87, 88, 89, 90, 93, 94, 97, 100, 101, 103, 105, 113, 114, 115, 117, 120, 121, 123, 124, 127, 128, 131, 140, 142, 150, 151, 153, 155, 156, 157, 160, 161, 164, 165, 167, 169, 177, 178, 179, 180, 183, 184, 186, 187, 188, 190, 198, 199, 202, 203, 204, 205, 206, 207, 208, 211, 212, 215, 216, 218, 220, 231, 239, 240, 242, 244, 255, 264, 266, 274, 281, 283, 290, 291, 294, 299, 309], "excluded_lines": [], "functions": {"ConnectionManager.__init__": {"executed_lines": [], "summary": {"covered_lines": 0, "num_statements": 3, "percent_covered": 0.0, "percent_covered_display": "0", "missing_lines": 3, "excluded_lines": 0}, "missing_lines": [28, 31, 34], "excluded_lines": []}, "ConnectionManager.connect": {"executed_lines": [], "summary": {"covered_lines": 0, "num_statements": 7, "percent_covered": 0.0, "percent_covered_display": "0", "missing_lines": 7, "excluded_lines": 0}, "missing_lines": [46, 49, 52, 59, 60, 63, 73], "excluded_lines": []}, "ConnectionManager.disconnect": {"executed_lines": [], "summary": {"covered_lines": 0, "num_statements": 13, "percent_covered": 0.0, "percent_covered_display": "0", "missing_lines": 13, "excluded_lines": 0}, "missing_lines": [82, 84, 85, 87, 88, 89, 90, 93, 94, 97, 100, 101, 103], "excluded_lines": []}, "ConnectionManager.subscribe_to_upload": {"executed_lines": [], "summary": {"covered_lines": 0, "num_statements": 12, "percent_covered": 0.0, "percent_covered_display": "0", "missing_lines": 12, "excluded_lines": 0}, "missing_lines": [113, 114, 115, 117, 120, 121, 123, 124, 127, 128, 131, 140], "excluded_lines": []}, "ConnectionManager.unsubscribe_from_upload": {"executed_lines": [], "summary": {"covered_lines": 0, "num_statements": 11, "percent_covered": 0.0, "percent_covered_display": "0", "missing_lines": 11, "excluded_lines": 0}, "missing_lines": [150, 151, 153, 155, 156, 157, 160, 161, 164, 165, 167], "excluded_lines": []}, "ConnectionManager.send_personal_message": {"executed_lines": [], "summary": {"covered_lines": 0, "num_statements": 9, "percent_covered": 0.0, "percent_covered_display": "0", "missing_lines": 9, "excluded_lines": 0}, "missing_lines": [177, 178, 179, 180, 183, 184, 186, 187, 188], "excluded_lines": []}, "ConnectionManager.broadcast_to_upload": {"executed_lines": [], "summary": {"covered_lines": 0, "num_statements": 14, "percent_covered": 0.0, "percent_covered_display": "0", "missing_lines": 14, "excluded_lines": 0}, "missing_lines": [198, 199, 202, 203, 204, 205, 206, 207, 208, 211, 212, 215, 216, 218], "excluded_lines": []}, "ConnectionManager.send_detection_progress": {"executed_lines": [], "summary": {"covered_lines": 0, "num_statements": 4, "percent_covered": 0.0, "percent_covered_display": "0", "missing_lines": 4, "excluded_lines": 0}, "missing_lines": [231, 239, 240, 242], "excluded_lines": []}, "ConnectionManager.send_detection_complete": {"executed_lines": [], "summary": {"covered_lines": 0, "num_statements": 2, "percent_covered": 0.0, "percent_covered_display": "0", "missing_lines": 2, "excluded_lines": 0}, "missing_lines": [255, 264], "excluded_lines": []}, "ConnectionManager.send_detection_error": {"executed_lines": [], "summary": {"covered_lines": 0, "num_statements": 2, "percent_covered": 0.0, "percent_covered_display": "0", "missing_lines": 2, "excluded_lines": 0}, "missing_lines": [274, 281], "excluded_lines": []}, "ConnectionManager.get_connection_stats": {"executed_lines": [], "summary": {"covered_lines": 0, "num_statements": 4, "percent_covered": 0.0, "percent_covered_display": "0", "missing_lines": 4, "excluded_lines": 0}, "missing_lines": [290, 291, 294, 299], "excluded_lines": []}, "": {"executed_lines": [], "summary": {"covered_lines": 0, "num_statements": 20, "percent_covered": 0.0, "percent_covered_display": "0", "missing_lines": 20, "excluded_lines": 0}, "missing_lines": [5, 6, 7, 8, 9, 10, 12, 15, 23, 36, 75, 105, 142, 169, 190, 220, 244, 266, 283, 309], "excluded_lines": []}}, "classes": {"ConnectionManager": {"executed_lines": [], "summary": {"covered_lines": 0, "num_statements": 81, "percent_covered": 0.0, "percent_covered_display": "0", "missing_lines": 81, "excluded_lines": 0}, "missing_lines": [28, 31, 34, 46, 49, 52, 59, 60, 63, 73, 82, 84, 85, 87, 88, 89, 90, 93, 94, 97, 100, 101, 103, 113, 114, 115, 117, 120, 121, 123, 124, 127, 128, 131, 140, 150, 151, 153, 155, 156, 157, 160, 161, 164, 165, 167, 177, 178, 179, 180, 183, 184, 186, 187, 188, 198, 199, 202, 203, 204, 205, 206, 207, 208, 211, 212, 215, 216, 218, 231, 239, 240, 242, 255, 264, 274, 281, 290, 291, 294, 299], "excluded_lines": []}, "": {"executed_lines": [], "summary": {"covered_lines": 0, "num_statements": 20, "percent_covered": 0.0, "percent_covered_display": "0", "missing_lines": 20, "excluded_lines": 0}, "missing_lines": [5, 6, 7, 8, 9, 10, 12, 15, 23, 36, 75, 105, 142, 169, 190, 220, 244, 266, 283, 309], "excluded_lines": []}}}}, "totals": {"covered_lines": 762, "num_statements": 19524, "percent_covered": 3.9028887523048557, "percent_covered_display": "4", "missing_lines": 18762, "excluded_lines": 0}}